242
30
197
48
132
4
198
139
30
236
218
116
319
69
56
165
306
316
322
3
256
184
16
185
184
118
42
32
150
29
59
119
207
307
269
152
84
163
32
5
250
96
12
89
322
34
49
251
35
32
44
78
108
82
151
2
40
157
94
21
116
139
162
87
189
47
81
41
66
32
35
134
27
159
230
164
174
193
21
166
101
152
129
70
117
64
90
282
227
107
194
37
77
92
138
85
122
34
8
236
3
218
88
27
3
237
97
1
152
140
197
216
3
183
86
120
152
135
50
156
82
88
22
66
3
214
150
186
127
236
141
198
93
111
158
112
189
192
270
93
38
126
38
234
165
111
59
132
80
26
200
29
187
11
44
4
39
81
31
121
50
182
203
32
278
16
143
62
225
79
163
106
218
159
231
23
11
143
153
155
18
54
162
63
50
2
127
15
160
180
76
78
135
119
255
80
3
34
157
100
