2
90
178
111
87
122
20
64
130
190
13
3
9
100
39
127
27
204
110
32
35
161
176
180
109
147
155
39
170
30
45
162
176
177
143
216
54
215
108
5
34
123
186
28
77
142
124
90
205
148
252
191
91
231
18
156
88
63
154
311
79
233
69
153
1
44
120
100
65
246
77
159
120
68
293
91
118
272
60
24
26
54
271
223
179
142
83
166
243
165
216
53
30
183
82
241
66
18
194
80
153
231
7
248
88
168
11
75
83
50
80
199
155
95
84
231
16
67
279
9
140
249
193
204
217
197
213
222
14
67
279
35
210
3
171
221
22
108
97
141
242
22
208
105
40
54
342
191
245
127
90
56
101
3
68
175
119
133
252
171
191
112
160
59
244
60
61
10
84
240
284
197
100
297
166
67
92
67
110
172
207
268
4
330
135
43
156
206
270
112
164
122
57
119
64
93
144
91
85
120
