221
35
59
74
50
177
277
72
1
87
46
119
29
38
96
59
100
110
197
173
24
154
81
111
169
10
230
219
39
104
92
24
90
154
176
84
251
151
1
52
277
120
51
103
72
145
177
35
227
307
193
55
254
179
45
130
186
43
170
42
272
17
55
36
31
149
265
203
84
147
249
219
71
229
54
248
94
164
136
40
266
191
32
110
119
176
145
139
15
150
53
46
38
63
151
42
165
230
95
106
266
66
164
17
158
69
25
71
35
271
166
43
278
208
122
147
117
12
183
2
215
173
83
260
209
130
140
135
238
88
38
205
90
56
95
137
117
95
328
112
223
80
107
149
242
148
4
103
99
104
175
68
184
72
47
30
179
194
37
20
226
16
190
127
146
98
53
236
115
35
6
215
5
22
202
7
159
4
78
175
195
124
203
196
166
83
4
237
299
226
33
85
20
3
43
111
209
173
18
68
