149
1
92
100
177
116
133
91
119
234
178
210
15
19
17
204
111
301
72
68
146
287
2
100
124
248
90
14
48
116
11
247
108
285
224
49
59
42
18
169
38
39
65
8
78
289
27
174
88
42
19
91
169
21
267
51
249
3
5
271
156
49
124
108
44
268
145
240
25
20
172
62
60
135
286
132
310
25
217
79
141
238
79
87
239
123
226
83
130
165
109
100
154
226
89
26
226
143
235
30
222
290
213
81
69
84
76
135
186
33
109
323
148
107
13
61
23
139
191
64
54
90
232
197
52
49
193
69
36
191
233
119
215
323
318
95
192
102
69
214
13
37
28
35
50
40
184
140
230
93
71
40
201
236
15
64
2
124
60
140
162
42
211
44
71
250
199
95
244
78
24
208
109
152
207
292
191
43
9
40
32
111
119
183
48
97
48
100
134
219
21
242
7
139
213
254
151
55
3
167
