823494217
114966617
131594347
101649317
665491209
398006640
721033794
200130336
963202904
41571621
416998129
953821561
136640567
540898200
198257084
892664124
27263610
354553712
672885979
127880674
550664150
529063790
119075803
160263491
416330136
730435439
550167434
591943487
765670958
321881252
522305229
216658361
100740052
978154636
314476088
68387164
591216270
939423232
402802242
95805060
358245290
179197843
772938113
731181033
506722900
603878185
492868867
227109807
314136763
235276947
110479478
649398402
503279235
904019709
653889218
406758974
631905523
912164197
697271171
832672000
152034024
817190980
894015405
799224947
123565611
901181840
990846832
714920784
340431824
105301818
408666618
685618524
636079018
212961203
945938094
935966140
861257712
588279981
319021978
619795416
88631995
573327161
154341291
414685568
141375565
277704563
494610772
636674529
325491792
17516401
471341769
175239986
635351493
854009201
429943055
427806355
47651280
414643854
76758249
25126270
770188774
581034516
836060030
875396263
4414341
772938113
155188821
81545146
274010894
681319695
38793972
272394607
48804879
827984909
933219931
870179230
12950224
122360388
239995053
37995730
584885684
862402887
111215542
504706197
948856094
372845219
395678797
698300347
976555197
976442917
131594347
460149939
112517394
797540469
672246549
552404245
875338239
355091716
303188394
809315661
74439589
428184111
561796106
421526873
854261085
975452780
890626796
938512274
924287749
810913584
741132228
878205429
402593830
639928089
594349828
620194233
342763417
48178521
551496573
604873075
687341771
741201470
941167885
649165705
78177143
837058196
764577861
738002546
651735622
820017631
217453600
785431883
699883341
875791006
392308013
178193263
127908988
210016480
441381058
490279363
643379200
173138458
659749321
972756138
440119436
476715699
977432583
784082435
592368295
181397209
165308346
273635323
56911235
775350195
322400058
725838986
581030038
65241497
32055179
310433487
