598714926
122075219
437392043
719637570
569357531
317208763
837966263
656044680
484676456
862068715
790010601
963155597
29856672
217802972
794269689
469328775
486323954
819386058
909890749
456599294
247962012
307609004
119690862
74765250
27068833
155854432
299932052
977425954
794208316
756526041
498373285
104238317
21547703
175246058
83157048
117759099
966787911
641801789
617863148
513595017
472170135
275901482
530096350
401987070
685602703
997634586
963840287
34622695
371866384
169412660
824274346
916254691
972192737
960508124
346660499
63566694
384060853
609757236
109953738
542331311
297463134
84558925
137623323
319057227
343275564
554314494
673044945
325773829
374877691
222529690
383122326
911626020
500950093
470369141
94328742
365022033
523200232
579230564
410424919
253334925
723967832
3715562
161551884
762911035
799211417
765302672
922790422
596047942
876947384
217542738
880692496
26043621
470521787
832035833
109027835
40924552
955709376
214588002
811059508
145734950
361693148
927771342
812229448
953423830
36439039
915673621
401252333
272824894
631455121
840534471
81123769
974848086
497022956
29799096
71431094
249487468
782863865
809078694
475649295
231484055
839926492
121793640
38723655
419222415
963368593
706441659
451392118
704907022
469475465
468081359
813624083
930683313
22941859
589630690
568800606
87557497
440037497
967750317
956382280
918937489
386232734
321610957
769138352
880760611
977110317
60565067
340820598
597385069
452471324
529558192
644363284
686892394
977755014
293819070
186124227
405548330
239329273
983477777
451891585
179026332
253526157
704287751
799350952
378847298
503412681
97949398
164986315
875110215
412642854
836298073
861136307
629973017
522061079
160724018
751365822
960348121
985356276
274634736
158654933
101622460
811794011
378980155
812700625
475274282
507420435
478792034
322417868
402227576
742623
463904181
379196477
513019841
734917600
958084296
182164056
252681488
732713718
729336013
868594906
447924522
14639558
612568534
558881138
988158205
480595123
262562542
23758395
991099546
418172017
457353743
999161109
70100941
82093697
581993386
822387836
834549366
547438991
270348257
889933388
774067150
309992478
482642727
577796692
475016292
315834254
318428190
755216851
502713178
928153274
511775569
486278856
375621381
1393984
353688144
853226185
304357441
384829425
734417693
298329562
296256546
805723249
343899183
241601812
627236661
367586084
176683000
609923820
460645244
544669829
502733030
38492460
699196215
9514203
718175884
221432727
156534602
936359750
799760190
50747328
710403820
808682927
268905374
448625069
990686187
792213847
408674039
232727092
948372192
485321832
919940570
327990899
90284148
826213171
436345259
504443240
931521814
162822748
824055899
485756533
987815406
517772971
327954305
441972071
550449898
799910277
638850312
622479934
552756563
914898375
445917248
663885320
71738955
619588102
586319746
150825124
236418201
168950510
467897015
988540179
73718896
843606337
69578570
675697384
113475483
955535213
118223778
626350696
582144470
203024517
27277500
854160595
586073873
244815154
183417855
883980972
588028408
228618728
196503779
471125475
830176735
816809467
317995292
380160332
552237935
582482587
143308155
813773636
668368766
581168332
45806755
853870061
205216903
268628969
686516858
460556584
23207887
496683535
43312450
387045414
420704490
688184101
259903211
444029804
455063062
70685387
537694898
16779278
849201237
160055885
378306725
803582149
144613608
926372268
42967488
233267005
165677261
990940181
655470649
4931786
321947654
997525895
267177195
102754530
129079925
594344289
534625799
460859086
67790151
834242676
314778005
196240151
687606843
45692448
1724252
854196301
462163733
435327962
944348915
432179467
281870282
623798392
828137072
44086493
512732370
35796063
469316018
744164715
504905802
128076356
528594116
180180437
421516658
689418405
457474371
573679046
811391035
831523773
297928943
288954257
348477575
597796829
603449123
183116855
740627686
833056599
932169939
935083705
970480939
105186698
9089968
334398817
517853623
781545897
709844639
864217261
954087130
451156016
37133744
808794948
393698160
469165758
368450573
807649800
451387338
819166188
714222468
892795357
806840867
813327019
481795365
350133889
594742776
437082177
310687298
782595507
23677086
391381686
134568786
405876887
94751471
222855495
721968287
734298052
856966679
742978036
697864934
658208870
8669659
304177521
214371353
752054687
585008994
965125600
17966660
420336781
179845156
179429655
105303997
628324971
300336644
232163152
395160158
658508693
130089447
735251709
682006670
434216685
952298152
238131004
521253838
86144974
288205566
590359595
873819381
745010250
91801169
271166226
844758330
169026678
508359670
242734229
814413207
504562308
9524428
441310750
337371351
384822540
369764617
52151015
612397940
90867937
431529512
484448834
209101724
440559051
80527318
474993590
358142470
648027973
513072819
346722340
253509542
977354241
134805767
93819801
168232686
125357724
971892405
476339867
988450223
353457155
311030426
529005177
159498892
206574122
486007063
915238248
763517423
339761578
619684060
954008790
73882787
356508017
707784600
406507335
874292224
448576688
201790984
261010529
868035004
562031991
861259454
809348036
853011411
501850379
5523488
645688561
326625213
154588481
853403081
271423641
623582410
721754501
745528905
484128182
700187409
652035673
36995758
647762628
256425341
639437025
384217057
872035189
139296919
239296510
11395691
753975889
671776424
953612193
179242647
53041338
832704119
420150376
658706310
530840917
198667388
275352801
238036102
654988187
674369193
899501502
757820470
421063284
385496517
325917281
517490478
549666543
475262640
647516337
872641409
99466863
376151187
965412269
652200306
74456378
906874022
907660012
143987036
285370121
106101701
131225555
231818314
824423856
130255516
693834802
564558288
432382434
577076017
142893866
546408541
186630146
524362730
99518062
250515849
241923962
692789100
313686402
766417383
24529117
719564754
364831844
54476629
412135381
172533492
682905879
225083674
894601491
163697939
336014615
709070416
270079313
151453682
584251748
329783851
523361308
863546573
353422530
641227826
75815328
22972794
225801650
940637784
623279906
534825943
816656592
90652023
43308657
101604976
165885379
41711091
617894197
502621620
206835711
38156579
386977430
131993933
709562451
949161290
266423985
384859503
601564465
893658156
18071701
939653551
72652178
45793578
595572718
920052083
800856378
276758819
258745038
423367956
252644799
89371349
230630210
502019000
508930853
568228405
252333969
541885090
817432417
99315029
763430491
501188896
42611068
170812543
785553651
928076111
697892334
537259959
458092046
426939654
653466390
868251638
857365301
843733862
169797555
879352321
56063370
338328833
521333690
668930567
884132351
236753736
467757086
560426283
759059201
415931685
6080850
901335299
776087515
548123642
762738206
300535747
591180763
938829513
397299532
788085403
129988594
66590858
292066834
909783807
31323321
805263085
466773441
441258621
675672452
201667792
161275152
605941587
688937491
884653614
549368423
669424931
935529258
867219345
880524011
589020535
439281998
776555939
900683724
178154912
15492551
866087145
779513501
772286836
834405732
438299240
159935471
928262570
143644672
212727840
810149667
531563305
376824556
13085476
773303358
48049369
843734193
539578519
393343162
581875070
62113402
131665941
641126272
554455115
590189305
893981570
145116564
243313126
454575384
138140297
401501689
373354610
54969781
301402958
143264336
657794705
302105397
584820579
558670621
429588048
35524191
434317578
373493698
176095318
792964547
155615573
170026372
704957736
737507479
360830158
200305640
999479118
143505216
970032367
531627185
666327986
515382463
631743785
635542807
280606488
802137074
734706532
213133313
957485491
953164245
412633470
209900343
997687211
382752184
424264840
987439739
492998755
118608262
168203327
896486015
220303434
231027245
150345693
439855763
602922421
253914255
176265710
920162550
265006580
332413618
498343023
94783030
554892842
326764528
65757854
267882927
121093784
424623183
201356837
66572109
402469018
773572796
866639274
758119668
187937723
344287395
988204177
607437335
102902810
505866447
239704768
57537231
238381309
245053381
543626182
877855181
660031628
582561912
536166309
125455517
78622813
666895383
258126188
149749671
182938386
285795374
529487617
885488429
106155847
177330324
800790657
205667755
975046719
12305829
125064690
590481777
432066003
667457592
930260485
877379278
580027451
739183877
433241288
150956132
671170806
903213746
630339187
840844703
261279922
611312820
326822938
409093120
353349794
255222306
789755237
403174854
696834164
774645041
39716770
413840485
511987571
844899033
238180653
402987547
163953136
742196670
762817187
537028797
58518999
528320053
92217346
664871743
264373641
882875418
235079736
565542383
245801434
126330244
837062621
766170204
175373332
922391021
457169414
873540723
183435485
569657345
1543819
27059973
54762695
431010838
699230712
133787792
302785440
789331698
748243986
461437994
318361487
627743288
366061941
32620649
11134892
648907282
753960499
992904814
507197343
205239365
589119938
687173226
799024400
170728206
884788776
675780920
633869904
654250086
593518175
99131580
41462266
360924623
436027055
38028561
937373848
271173061
293082982
682489472
991369845
374877912
319515392
523136460
355309536
972695480
854936071
925392977
827625639
621380215
912350880
391135117
996842433
193885491
147982338
481272202
876399605
208537088
435145582
43993448
760923262
427586760
911031999
605106148
329226358
570449879
753593432
662216224
869273113
42231989
429784105
404123432
80831377
65358774
956752721
764150554
75317717
299304666
784069968
936397149
164915982
18711787
795874864
606922726
60895930
378537397
803668870
59216796
326067113
651772392
118334202
542769223
480981333
362059181
899217670
805950599
544470634
205538191
942369309
937951955
906487544
617399091
995935570
532226160
830050031
962919449
788696278
217768284
471932204
786190314
789434458
669922883
680290756
777891640
872244610
811635434
535592281
599985479
37765916
57442957
710501177
341763274
967174115
37919174
463134164
590697202
537195500
309123340
168387270
469386858
9567079
108797837
886009883
93337127
636726508
343941198
409348082
292739355
965665465
177126547
368853456
844629456
768924883
382672646
325952855
869852844
47721068
134336393
74857758
874970516
893511349
45295759
291164939
549306141
596187371
486662935
748536938
480191761
282891899
349838146
857462967
547095689
507957035
558261364
513037995
458765300
57455268
380059784
415672035
723588133
547899547
648516348
570389939
789672097
149045918
583182795
121875769
308975969
405282492
607185631
397013135
79497999
711804294
827957119
222017200
887977385
687014495
198334102
688417200
346956737
870223164
397243329
34781182
237130531
817396140
234292828
581673188
597878597
126758461
878258148
348486089
187233293
510938738
20946164
492628628
395475203
761373004
898792480
485915116
261193502
317384520
122727608
483462313
664652020
357476271
21358401
27368101
368296889
45198713
343958722
859638967
751521564
69650109
814549023
203260439
97456070
703581089
765389878
142784319
134165589
503815296
478091694
224725923
951562730
337589229
123511957
302935050
407414628
790280174
657494998
866284967
225289899
174230186
744007238
521463836
485127628
45300416
944458940
412760447
877490317
506194606
333225459
99314251
811336992
606374430
464578506
926599853
356084518
33265547
243279857
246187499
702670827
586130103
480718855
727156914
442758459
636444271
869353806
763976636
130265361
545198152
311295444
38871622
262670830
30693763
691129622
195997645
636632839
46518982
924958328
341830834
165332726
536914069
179849598
244076365
354786623
315223334
211864430
788080135
445455810
903662106
963760457
639733605
157903293
405594373
729552584
694446650
288487916
48667754
419069661
740847166
30791951
830032342
707988327
364988417
743647838
918460385
799507004
67892634
239107920
744881567
188910989
283549182
246854279
425442221
767587993
742875365
393343162
132373681
13582478
847644700
248522701
895061049
958954480
613782508
390656827
796177833
65305414
669264447
205115308
334048689
346868195
123349855
419101299
442514655
966119549
816258033
873677708
27084851
859413473
601136601
876362058
15010562
437413211
901501301
412805955
12733753
176248179
687386924
470672626
578417896
604550825
173163613
492840295
924722654
599243315
910836705
234435866
377261528
906898521
25108640
832229623
674804974
764686726
16596060
41141533
822931967
143070299
99992841
298988457
277659821
513088877
336398654
21962272
618640996
752444400
991836499
942407239
493485695
8955747
854370162
853146638
828794746
139921863
783847643
413441673
510257721
649002118
653520974
521511992
839336940
957607957
986951861
372539545
135848692
2518699
130737886
664229744
34041815
531384423
752696075
832740514
604787598
78930845
86965505
390400313
417509388
388812933
386898243
767336657
317748506
515346399
215544443
263766247
443114585
167824394
19414276
371127142
296966150
605228226
455314115
287828911
485641024
943569215
802821448
102037977
640405590
450593575
167131262
909071384
987469588
142645884
747410675
800830192
744061316
97525290
524148487
353959938
617248244
248090165
166779103
173063467
5489911
699219376
537055952
769096318
174419496
558906749
465470157
640725557
529078486
977418999
637161377
236594269
93341076
242770592
794166889
283156930
871099551
994197231
521177455
116617602
615318473
419744330
727552191
427671257
847931136
493265556
70838366
93725024
860057380
172367882
548315853
709405897
884750466
594828150
904243795
811448088
539486824
451706384
214659139
700299613
25300553
349436258
403843302
347491211
917119519
992676723
749405968
345484501
885585869
995665996
983542015
807468768
109492020
340535539
257335161
82640711
497598418
771023041
548575612
352941066
739865735
464861730
294874106
329216626
547690687
505045490
658542911
247275340
292756669
357424239
158333261
325240168
949577653
156866235
464910473
47534626
643674263
878754694
673515583
500705426
368664472
787308146
463068992
866262594
864899181
852026847
896549015
248299411
180798679
342859680
201951711
242904501
234316648
866869263
496928518
481708032
760251143
620111628
606978499
680178741
910350980
915421475
630637735
17272469
291988202
79094965
825753514
444546074
829551453
926321475
786434847
343793050
734831404
624785927
747841456
114195646
337007814
244701508
33239147
638406124
287334674
238647779
752803216
91839204
42851300
968568107
730910150
618596493
611350570
599888694
679726981
325806198
983794452
721265758
169261521
920411209
207067136
176803529
427480722
554156961
702350070
234386449
864008353
576886302
394162443
886055360
892833501
385802268
570703482
238408895
277939056
745981280
283279059
555644257
916664104
402913561
214026647
811175496
665845352
1541267
504379178
408490852
690497915
310243340
96235101
320089413
106512846
373055838
463046986
668422094
311222557
956315533
22737893
303993484
312299041
677420115
993281859
447611173
960759291
393156345
60336066
64133070
741296248
258038881
558082751
832912738
147646070
225672064
284792670
757605177
794321656
747955648
423253541
613631032
121799046
90697489
170285993
857536596
35046118
84450030
367128234
730467441
732133519
869072480
256993301
424947582
839224786
805593659
277972198
850852098
786711909
420501551
367105651
827586753
762546777
335785470
34134626
721538797
774218
918488268
506822519
518146593
427461917
920629659
30447133
824067727
44409407
339408715
311588198
144010468
405887297
115736721
593235930
450293583
654999969
104321323
112329534
156081116
625328851
684504017
857995536
392320169
543653649
284739509
207305358
628263394
178683882
975895138
962096636
778090586
603497065
158529309
629674528
526272687
590561597
280438448
176272531
290017886
872877511
58790470
585421790
989303392
580970156
941149408
274999353
989508883
283966985
826472701
187996000
327622061
898431727
680615631
866870695
683210604
739376418
664009176
839892479
765620944
874517005
532823606
892989899
799957184
997300668
910929618
518807995
858397650
851284212
480963463
770856747
591853403
526171616
162003646
511933933
344789901
777643638
442992623
234664818
937482884
187360722
424272159
530695781
904081716
95901776
886365772
375097672
623179418
449893352
922441862
189704557
6645802
402159704
423107183
669486367
371635068
501542879
789182756
813892261
313958647
928724947
743726486
356005249
211810513
490695296
213800794
434782656
177114269
38587701
16378764
660772763
945337311
64143911
214023754
77781262
729418615
843217604
724007022
232595907
20162272
114050622
305074619
733593680
843376526
399990182
850738142
184681829
199855043
488880320
216956787
942501189
38860956
304834204
412751715
966102660
343434951
430534826
975333790
416224715
217193053
303209469
970707903
124161702
400474592
232097306
619541269
653474368
513952460
334116033
987521608
767971994
902044886
681773957
298297570
299166981
360634397
898865921
742937236
54258105
194256242
703350250
907360106
511876033
856540666
395251269
842123553
771076487
398347210
560469351
929478965
836026462
326960841
239960170
320075356
549471560
320836837
116569920
364664073
709579238
550207708
21119692
14007348
991442595
521350852
820171043
74066804
855349493
428422516
937638898
517410776
897319949
755155081
960894652
422948357
155934513
115720709
669920244
660186387
335626668
63856725
148147018
890670750
44595575
361110346
794586204
953679327
595644529
521275777
310296170
85813168
400647404
664158418
58332632
294622543
558403605
231729605
248229880
273624023
974180273
744152791
41086736
798566068
427120385
673099241
493571159
31003406
515017405
617934219
637201566
557707504
42277247
347195559
949897694
228092738
728817886
865936019
235597644
834669235
512843767
718597335
628190999
126059193
35720995
18861259
978468207
699296088
964076174
355549351
244930825
417805292
718932492
775513434
975559120
291185882
945840532
385043057
661600473
725626812
363835420
842465041
416973521
811429051
794494259
174612483
527391406
676677337
707035592
860541641
57510917
471845769
220928354
298595568
929733650
191752390
971866082
34946223
394646565
541529097
694471951
182433895
939669489
427787286
835565074
287083385
871190634
406562258
263264886
69741949
75226769
401511601
925784334
762684218
429967848
772669694
2659447
635014297
699023430
332087945
172185098
991862852
545310671
337149741
170175402
146684927
515444174
603926920
966369831
506185201
571373659
40458524
655641497
233791877
381614994
714019491
208108573
943368943
456981130
912764033
950841328
633109829
616580909
657111085
735459429
535618717
289365732
694855268
652045676
455115891
148442026
653107499
300176505
978168248
309545626
184797143
242864197
97711933
123591571
137634637
45797286
443165880
782589765
247868679
828421979
679155792
697905033
673986488
369641346
499413197
712939450
53979795
557731455
213834584
405604425
666763109
108124976
659310211
595307515
720318048
326949455
97433342
816444766
339386783
600454087
281105508
994262562
162650727
745391476
923014340
859194593
434822575
355481805
146455453
549027315
93918279
820029259
118366089
562867027
128704921
254492240
440045470
452694909
912177276
747282522
537136836
822010956
276626134
35277933
170471957
382883100
22135302
738838896
382902779
700568545
476133910
546464469
7260056
358566431
967102838
73833674
92554303
442329558
527080589
82715715
422800313
497972089
769427594
664318778
508849849
536390234
933122772
925034531
906192329
718122467
347182722
609240767
785091196
264575452
567558391
327811796
495098629
480013966
213840252
474961600
705924905
611778479
803445341
599180986
296967767
219839251
