33885112
137171757
874529275
98683536
950267466
488465006
876191019
484346621
980652655
620629867
327981097
891770008
340019524
572330399
250275996
637210239
524568176
812011409
253268855
502982069
177796446
744478309
864992416
77302673
855352676
614083607
587478759
836832919
141985857
861852626
779691893
138126799
305606216
28242376
614729226
209174185
136364606
273635397
487704775
209330257
696548984
304948326
270249551
126747395
232802251
716306186
150521279
703130863
594834995
369383943
606727770
184713890
192927866
864083544
378242540
811838600
78314713
108544683
989390582
569357212
404882228
295236590
732616540
415432509
609656618
335387945
925142088
14692833
347349434
422907198
320536915
914872873
576508263
446457454
563024423
366667105
129014655
657806863
964002719
309731295
363034785
769008924
49400738
707695965
125345647
195016223
548024615
735594951
794965829
77302673
580155530
746620520
606902954
149365740
877036600
661974714
824505436
285255972
855685979
143329541
657209451
189948786
300162647
167973228
778642937
710263776
899525522
406573005
587618902
742268754
784444799
528441802
459996262
181738418
6464818
513097891
696332915
75942258
371080327
22449473
621134050
498581518
355460204
111044886
159897446
673215955
640789269
527955117
785178846
969473403
716077327
297430148
749496405
867462258
133380168
127562470
951828326
231439703
353242568
810914880
786420932
540627450
348778335
55774575
864111859
632717011
571453302
15136714
283401584
327139743
975308240
255689786
20700950
460698750
713539361
841845498
729624077
614204940
598385911
288708289
289502880
70122588
862384922
918932323
155126483
162891460
796134594
94803088
503650547
699019430
869066799
681969906
495740461
804101158
127337654
888831187
506898051
833800450
561118436
787158724
476660359
251632766
407365326
996972532
846374781
350055337
796989086
366768538
115833869
887321224
648267766
24536619
420384484
15341782
705112683
91237825
978346845
987796220
340715159
19208343
17743952
518740361
373958815
408769418
648134941
525165490
199138657
519276649
918430374
772061246
450536408
774815278
339392209
720036589
726109206
993019218
234588060
44275692
963402813
844564656
839337142
369359237
690642124
530068794
398797399
742519876
396738667
964775811
285161141
129170650
392301802
275748648
183548430
433947047
389147324
192387663
460485260
373242713
228530748
610030001
25877178
235614284
19557945
462399665
797881953
46051883
535539856
486787871
782825958
70922246
638805481
108056105
450381545
548715542
674201225
597370399
460227508
738303902
954667448
409394996
836830625
111864765
199739526
808066936
239270034
824622460
423244131
49609137
836167131
937042090
41649854
847382134
548439371
564034829
509266501
748128355
79897879
135335079
75137696
758728332
448110496
221602750
251235806
45502284
509433513
719145161
614027468
877508741
541580041
430474678
992206368
452043914
67518379
83349363
443507881
264283424
252071846
613407291
590144240
434810164
562744002
425294560
312460145
127167722
836455889
803203013
16584254
746619360
10232402
660760539
460590515
185483889
484592306
223413453
428089725
863593412
278453575
218043372
722955520
711546814
723428963
256858662
134126213
213110276
819887934
684535005
445211860
652104315
99915283
336637849
457579610
29940728
362322839
835125708
369017640
465037555
602110918
279686732
578845724
942117849
628829969
502206684
985721148
43781833
214685706
768165077
444963087
571175450
113501302
538598636
800913481
950647796
317374650
957768230
667211520
674600082
432086005
274941811
62646057
121864907
336704161
395867667
498654795
78243809
590931438
495883176
386906195
246057840
787554201
452085221
955966997
675519901
561970252
406906533
736203288
859484169
381838644
505472902
749982388
159305903
403014057
489364749
735512267
281379760
184644024
211978129
97603157
256596533
806046280
983310465
412534347
466226242
949795258
211249030
738108403
337849592
375527298
320824700
304044084
600710073
681625719
263458128
847921074
246778891
462400671
449965871
345373575
965787785
539335016
162767927
854723479
794424764
330208818
930555861
282073823
889526120
331797576
218605480
658460941
582878646
104777831
382517659
336034972
776566148
325414112
572756271
610056922
240572245
202700505
837147715
815072390
231546362
789347484
459394391
898995175
481877402
97822802
914839333
145205176
456606517
979651458
392122458
175818534
184038266
242530227
25566336
84914079
464104918
164876848
287548890
244388946
147352480
972966004
868769174
368372836
356036340
462496299
413872125
330349745
973715525
155461600
750463971
330504486
808552043
303582052
846620850
598042597
961631855
859015799
669895070
22319968
366001585
859525514
800895146
501798728
717695327
643841747
579498110
331705237
707970975
535779796
527094714
207927031
72376125
20095447
161728601
679091777
155046692
429073460
983430131
776888601
964662153
967783628
443070716
67078882
739305171
831439248
164893969
928715282
195394492
767784104
13395607
740141649
452668534
460529886
371541579
23662215
763397110
677693510
648402845
271556413
83056586
308240779
95047606
852049564
47485017
962324368
948032988
379787538
996359160
433404541
831396741
117084405
102859226
115137947
732382215
694533380
963487202
981204167
757841099
553848110
154447159
878024419
82067902
467575081
415528443
790467218
300233170
655159285
481771605
382277655
236130500
854222487
393576807
405016646
137204661
238764849
201670242
661644776
86747348
861018890
282655671
743132268
732675298
725465793
828810332
804146772
905152560
346362131
42598550
340529329
384137289
220879071
387413337
423224941
65406242
34840583
328045756
75156613
951783263
988221314
647558550
935305960
37368938
703052606
853773126
826305168
993020817
529353548
826986251
370234944
896695671
168749274
435545719
625464634
304337429
14692824
752402442
8208361
659426002
950520927
576916966
136461620
71614480
672859325
607652303
669277320
746837024
900699390
288138465
551176036
938735250
369420513
532618319
753630932
272767622
196293437
794393400
812762043
4891511
746981172
764865174
993517968
337875801
435149853
224422731
234009674
759596622
219473421
991060777
19607167
154236752
434717122
257397107
184627624
329303227
706203296
512751659
662326408
599554290
76854191
502614895
40974906
844107352
176752351
310792085
401338272
470910744
660906957
84440706
794057711
588795643
677221498
784959120
217197765
21424200
680396944
164717403
811040022
561193944
132521363
90582949
305154551
544361318
94113172
159892989
824850459
399037797
668299833
935192493
803175493
368804616
502288503
607878190
245807931
536900464
610694757
947539668
251203285
532186552
689585676
530157993
882591015
885573690
922735395
821256369
544725430
135219866
39712435
950036621
328177118
567987920
285065873
619304859
457994377
508523324
421822733
260764777
450021157
499353569
449257247
75589453
73335607
789412254
398730308
266969192
658971350
419670693
492351276
192802877
254082509
542323447
816423400
915994092
126927727
830128574
802883028
642533504
169435116
791219205
228792589
419711879
296766419
500905039
937049414
488298528
972236506
513866114
839735612
569736961
833100036
401334236
296060243
292405912
74941147
304841491
449851247
646293878
258509724
485886380
35187760
781348639
712972214
432045088
641980125
317658864
135983578
574154594
303969993
129137717
313226791
654679837
370037638
416692297
790218566
443799074
581507230
316432134
779563216
973328178
541853124
484957342
987345576
825662107
122212801
762365694
934799081
880524322
230574558
926729891
433872794
601754403
224839500
859106929
294030315
971810856
967675459
474858825
456291261
322100005
700566800
925038288
387526917
604545626
589388820
144097184
522372665
887696104
775382956
25579334
991583829
692223990
187502474
426283516
53442959
494562125
529790779
706522918
871819224
962847892
30056667
314639265
884898019
744405420
462963745
296342729
49199863
976305571
96065079
979049805
881250936
999111934
564928323
189855905
495862358
244973868
923924678
534152731
745938338
351343367
709608991
768859312
688344711
351812311
167276584
278395808
650375960
811558686
771300283
929398987
6149523
84675452
11001485
961222677
373593923
633394842
196732795
34364072
976920442
650966681
601459104
113352991
829338939
809463988
941108967
804528449
480013399
985260832
259536761
698003284
180377465
737746019
529030114
264369330
98928969
342046087
794471061
506088419
566819744
772180726
883751415
131650521
364190314
128464619
686284855
587985168
671403636
45783316
636679878
699086506
256241801
598368780
720978851
741216366
171300673
642623058
169836579
321780850
411544816
276550500
400657777
619203247
676519746
205354490
140488278
546297630
374821705
483705985
257340303
279139095
323703962
907896618
62966505
897289044
974156244
852871033
712939590
180283223
71336546
363852309
360899516
232633411
638078027
138776561
29738144
575562793
792048345
669530761
408524749
854527040
86404385
297777959
606720951
264450509
471895936
698525933
319067877
516064276
274111570
672138051
380048144
155324517
598985008
230135795
1656598
146326135
211650599
729956258
7256776
456561909
990945450
545803846
22035876
943561456
575382892
873049814
377540410
632415054
366932793
373795229
790020699
205730259
871124948
370378727
382225278
342218496
34692770
331974248
803790198
868951058
35703666
368487258
314971734
435305634
684811016
516978735
554063930
459614090
773169789
9557454
791207885
193570179
509668681
617579708
105262332
484884302
254870821
589510770
390336282
667275459
905099283
639704309
272490544
108704743
967397944
204297920
973863799
399250619
341984678
282483647
117799271
246099771
451690527
910203037
261117658
368086756
662368155
798022188
933455745
765597099
748720378
197575220
355591702
359415690
707332598
19700321
357263939
757478689
171001553
782151545
846002667
57032698
660799173
878471508
645391338
524674748
480539961
422559287
2269538
444028848
227495338
581026423
784715231
499548793
491866963
261128417
408642577
511908978
463462917
278977425
811285531
725122470
40214296
278128535
679912913
509010460
210289044
202587808
47943983
59826565
712789238
705226908
784942149
116047492
217361595
4679465
817111012
677010177
807853430
489844439
362342619
421363942
24147556
457579262
568926665
506221611
267730224
607468094
102256994
40371530
622271172
895986190
166183099
367137692
839878609
944433198
443437411
922212241
445584981
383207227
42023244
944052021
868009413
7942863
62372228
918207489
221965008
207258588
625951735
792207948
980396698
232456102
33748771
792624315
537364919
153062284
199295037
780527744
200906692
214645856
257233661
921362937
706251359
987488677
191861283
504807851
469888745
496152278
237634449
221913033
639294488
259743087
585207110
164897517
205831194
590484466
26796226
170546038
158951657
136342294
436951815
835056982
297517932
855642624
767394410
357316086
323870886
679356055
455449614
693295889
713968483
298147483
290934724
367096304
164525220
879597256
541788218
442839775
554029132
511164243
96558153
694507079
586055804
769103578
563945583
702648794
75689175
362940311
602984539
850367690
349708380
336284801
522564270
72950813
568564078
770489583
523955473
566866476
96240313
561511297
150100597
874736561
249462971
817718915
759557616
28268633
781068885
162173479
672867953
320760524
530410263
247154592
154161502
651576761
87209929
448831177
683131313
836059333
850422911
884070532
975874721
641791460
294372540
4125079
414589533
333598275
531355435
924509828
743761201
51564411
501225356
850329211
4758227
896407192
207834713
907819629
980856999
524992019
987983773
991820691
31160238
531242400
727335844
413520526
859485724
22921356
788517297
862229688
752797905
529895240
101131935
568258432
754559548
106068040
102416968
129768183
447508640
611868790
864842237
272785391
214538240
141065008
350471294
942937945
869924665
299470239
326018282
731397759
170837527
147921031
658118850
798637297
984540106
36208236
206258994
909869917
956097976
247485376
48967993
57008060
475434273
974324258
987408242
930481741
528831180
841248639
356437652
92078293
246265854
602098874
383469110
725333898
794725810
886351047
869132098
227492444
850147898
135557802
412649200
166783228
832215917
118156640
568794339
958973030
510747919
61868952
230046014
454200394
342849812
433480760
379689714
936992112
635492965
646536364
530782344
966901567
638408355
378016555
751046833
79260598
789530943
509554710
235454646
801029668
810957164
839859842
820391464
575157838
839346625
585119391
666544701
842595603
580548826
830419580
881757158
102472988
277649005
958974981
254857107
822526232
556423888
655093204
949996257
298980595
856753519
213118946
783762796
119925425
593105158
916029802
452260984
785526226
645174653
993538050
315152229
88118864
895126983
940287817
465837706
79051351
994087330
794219225
875389790
223460665
695833201
996287855
185975998
416622801
342975938
901058539
954785721
638219184
649192251
262063257
960864667
567271233
435408114
262596052
515911816
915688603
752614302
973131610
309987045
270510802
842265606
494407966
827440732
824536707
587331855
365086931
732498688
173761049
617608756
610070572
182579778
507585258
508048457
837921781
950050213
830924271
353589114
830599650
79821537
621109897
363410845
761445146
735457506
747746624
591205250
191479405
797024954
960286476
742182463
984694882
259647776
373940469
636045408
967690546
44647974
396119558
438670358
843404179
515725897
118510146
330822882
136341375
601177366
880989328
79853435
26796226
347956905
872992133
437403847
986875074
91850123
286396727
714075825
152733703
463367752
396637772
426148191
371814643
308388725
508849722
346906500
312383761
735827055
330279010
215760657
997510898
506809522
105879535
225674541
464273677
297418898
21293139
870634345
308543839
366935377
139026397
720425714
468340626
900056280
930597096
434986265
286596482
258387872
447508549
9604502
572930190
968503368
91414723
845221433
9757922
255897721
91607223
96609093
535021641
872135936
801001973
437023042
968530612
996753466
666589621
75249578
417105586
34362565
319836446
902781401
83589387
955579173
877077065
83372775
247664871
835156588
8708931
974578810
711157692
226130882
324053812
388478795
242358809
148057029
73644944
807834233
702985913
321404019
614396376
813830495
628328231
241533408
414556016
22937262
162833258
413746353
119314123
38781779
910921766
148472821
558270879
812282821
471809136
460584220
190976735
457666117
179599172
284391818
812266653
204178761
954918975
416900768
121243649
807757655
436339067
759130492
276364325
364036131
562355943
765827703
915867572
100693878
288513716
649631943
338373750
938005254
800899246
181938029
740400072
245824894
172310064
349248431
686999471
597146027
512777315
133833887
188720691
503644732
452470644
540428225
277088812
551857164
654301811
771316814
663188063
112923523
42045640
140277528
184485619
401281373
270910726
296034956
449460192
204015994
389039622
958218376
583883342
112358374
9045575
497485406
114407555
409326596
312923560
860074781
563694979
803137693
218661612
864961355
393359448
755584001
252652527
186034219
212291029
988768224
172978111
124130619
453853955
595563897
824821231
42798321
919893455
67445483
572248332
180642915
202781056
590419266
869913729
542607751
306762072
164260891
209442360
639015309
977022974
510667305
70729498
726636430
225760040
206844116
403047223
193072935
914533607
282588237
759470115
382969849
603125587
600480943
861089392
357676972
649648041
450924984
349198507
281993873
258221062
779980849
689386635
190011109
232622396
691249872
849333698
80380752
569483086
725090931
27145329
609703676
80495695
82432895
681872285
848908925
343224441
428944370
964007657
566915518
121447097
551578221
678598031
311393984
438372652
352520370
639460811
364928902
944775586
787224523
501595256
319067322
8948372
40790493
17686465
387300869
6259436
895561472
244390866
322226382
747013746
695173201
731743623
40147272
933046535
873920145
343900289
686569870
168156408
409347512
514542135
624856913
382988310
871670730
379558341
427174927
387124537
114200007
828030400
165464310
894193398
730226842
119536808
782212997
608582628
488669110
277922489
776919359
319377929
782988256
140805623
25913163
285162560
625805560
593232886
185020482
501364837
375633652
900299655
215231012
593249095
298896680
9165400
785208560
595112235
423526156
321233296
194958206
106020018
956006874
641216444
617284814
36977885
920383976
534746175
238230894
847561164
232374791
458032670
496294644
143613268
830878900
794594328
744443676
610539695
773549676
839032670
116212886
566165386
121034721
513091865
340303738
962544798
681095348
426590100
388379944
771318605
921292245
990205967
503610074
167449554
525870577
260078096
427598776
245932000
565841822
723342606
899919094
454825597
900231057
661264510
596986827
765661926
984387737
640346366
168805142
468714627
928315293
877079047
402045609
187687813
624398094
497547260
169043598
624179861
993987572
496864239
211645617
220429819
188413092
843658862
959602844
281071550
912654517
604669636
254949116
367118531
91062594
540438585
360288000
87214911
185442013
501853980
455320547
262034033
126574190
782099781
571438734
417809203
363247956
716224205
306792653
944940371
588860475
807471314
856709502
773942105
369811725
525127889
301260972
847201427
258610247
967989401
599119882
380168336
224532531
115611281
208895484
91880376
764639899
54859851
471380203
112474370
660702234
927328177
233829968
973283503
644369346
737156292
841576687
668195593
915704517
293459646
50646281
144175593
45765593
471928627
231054731
892150277
961699860
127405660
783190505
900604932
31014722
76987835
216126697
598446065
635548930
58240738
851912018
46589549
996048928
260028578
837160980
946982407
886023415
687789984
226883993
303310407
645735351
566700774
730919105
78830849
668855183
149870491
682953772
335159925
26850645
552926173
526609841
357561390
156152524
429673524
545177230
728170036
609102184
296949058
445403883
577963040
487186574
330391736
92883919
698704996
918418494
11981197
487454825
802782265
407302735
99212508
928992292
95344734
636824218
490463435
347777015
312481496
414377853
534446884
67551658
128665535
269874335
842404339
631967304
770704401
994350434
993615396
715471260
129186641
121768737
498125263
44204886
429383489
396754121
758782556
53569198
776440354
98395052
223733934
803801731
476307810
531163830
707287709
835156583
938980909
462291940
435776994
562331142
591538543
931345492
308812875
444304421
403079664
806454282
430971841
49957147
450826827
229379262
535649668
447679718
106861285
79339510
754165948
44126664
14677987
570133787
856628856
274037086
36016567
434102856
665208558
275624083
560441222
559384379
918692022
90336248
470338434
187740386
711601298
604825516
55292063
417960886
847149828
735895202
614122294
321462677
454521854
545614542
7475123
558528826
28533382
533743663
445636049
351377785
676814195
878410964
895487071
207161597
215887352
709079635
964210812
872569629
501708869
734684417
409733156
421826354
818395022
204231964
922332848
323973126
233629977
424526203
57548051
953481745
340990964
377750874
684661555
47350455
571679549
790865935
581669546
618663369
300984971
755664564
88844937
446597690
2735686
144923799
4856585
196341436
532838287
474105995
775773417
874171320
289333684
696431050
666950666
710707210
211655570
475673846
775865937
717095865
615643294
330567747
983853648
193643800
864682622
515763134
419309075
413915424
460269314
235814292
890726465
477747356
623085683
381476090
762191002
8102067
494758775
961077659
208525964
276000836
785392462
37132435
217435173
661786439
182353727
332115047
386503053
61903007
824841122
889805796
910357199
886638171
579329043
809343832
879424306
234966771
461061860
615207511
623707070
880794988
808711662
437401838
825722600
447557721
951933764
762703851
780201988
632482416
924136902
