622100649
794421712
829294485
625209329
563356957
768458445
261866474
614009389
33366030
415980135
181335562
586379624
828546762
643821301
195538690
674131529
867931182
396351705
338152518
406350597
440226052
550043807
256212546
969232312
197317946
280191862
398915334
232344981
361510493
925864323
815851654
41706381
285876165
545905605
799141732
778093966
529541227
108937856
811955261
136850850
291922582
645193415
614594107
367969634
280427990
918701337
258952497
556252388
122950330
525354406
173503626
561320460
711307694
339896875
888135972
743930645
326453379
95829071
662053093
45866994
883994206
918310306
558464033
478624442
20297347
808262524
152965860
319620962
51379776
891919655
540929672
732654750
610604917
566479842
749602084
124776249
419554438
675878626
19898635
720388662
326180766
220733448
662304579
691479920
692833231
930978713
426999214
644654805
420251016
595117092
128677552
984183587
686042242
398012098
383729539
933711791
262814376
782882642
140664884
679459934
588959198
598332164
742513265
910100770
570352113
706877702
303063439
925460769
172072893
734796044
199657979
608544845
295798975
71528858
680927276
49762244
343794603
944834956
679156694
805953288
615706703
246140532
812440928
775732816
926096755
103975014
702368001
580295130
127802076
901231185
708191118
420841349
156597783
833261360
241972867
422306542
258078488
602235491
945031428
720215744
13916121
106429482
170856106
852733792
763790190
353312179
296151139
588323161
814084546
148811578
719414460
230227228
566382855
891858807
727252977
917374258
226852145
780561248
227029900
264191764
874570460
717707253
186183269
282627193
160485774
505808727
821428660
256629384
230223148
841625350
409119623
447855168
561164331
288222810
450161715
778407903
413137085
153515810
877814908
943619925
614749378
539837399
430913625
769113698
771923940
674879612
79638527
508372683
93261796
713591137
236877061
996920110
126969057
482825304
798011121
990916006
848100283
689071584
164841024
95952907
223206743
308881095
820824270
476101183
610352169
429285254
335682684
889181574
215507349
416226728
481592236
761076138
648516802
73034805
168260650
158594340
496344939
487677655
211630847
492672536
29220782
835409838
852258897
622576279
770112380
666176971
177827050
367261984
508702705
970450659
92324478
232614432
273495636
793522989
749394853
803331101
586074802
957575073
955866179
340251260
915126268
135369854
882883011
725072923
838955682
430837792
991319577
594081025
996775691
206736137
194514627
218979144
481467456
238832758
303681496
430056414
861757540
269920279
942132279
381819587
537706612
234424820
587997685
955810980
64160074
950587847
482753532
881536120
509401200
261978823
230911696
579023441
64196665
706437023
787865488
97889245
964189078
904694019
450319801
909536134
986749425
159961081
850625838
437716064
142035960
391137551
779007821
713226173
75439557
279310358
976313367
123396728
241057318
507837487
372842535
375807145
316898932
478597910
255103276
53485050
339324595
63670339
799478739
514673571
255285881
689118246
321038950
7744361
88112351
454303842
854825583
417286087
776131119
411217675
738942167
835878613
319545286
19513395
130676865
318556737
117295651
59362190
947025465
895596640
205982251
297613827
719204434
989191885
562121932
959587251
105871824
49146668
399040550
76393490
897825603
552663426
421730955
604629297
269980746
456690841
374627051
660456449
112184640
252519247
154663611
871589174
430079123
951396810
715680776
391672232
647282946
94079783
406772448
953540622
472936236
482795607
747735695
326178732
128732363
760878942
433276593
513413973
14724719
546910067
214796268
899133393
696033860
302275613
493644026
2779268
710219560
724407202
578362204
304046800
439619509
810381979
306984761
526430019
821891811
224214723
737024083
210240678
759395181
504493665
473527501
966543589
312371912
786499454
638734785
979839925
63556729
114851220
864112743
585825985
696091270
316127402
468044926
6412875
440130805
362242624
768099994
387007817
207774115
114034319
484282753
337489522
17152730
71571693
393641439
438489320
76244332
881188839
277202441
868797543
127609164
268208651
432136381
764996572
508057483
794744390
363963497
134192824
730436020
855057327
425988395
763193943
657108903
286572896
990547714
211776980
593683292
962881910
672117119
206510332
54193295
28164269
213495580
944691957
834942046
791427581
280763945
241894197
935583673
285769127
538949838
492806661
746718662
324060726
885388995
639652023
445997372
732128308
977137354
343899015
690479259
586722062
100145737
434651855
28079738
792404289
434643188
281041393
664250985
939765267
850943473
362217848
47780618
64058581
51749837
437117218
124694505
806342529
166076540
864840034
573073224
264715722
240608036
404165962
696329890
576786315
536545539
829919642
575784596
444870698
25343223
907177082
917352925
301964473
911679940
95217479
378818481
83381139
780100830
34946861
646595170
19011704
474354899
978288782
416467830
17830473
583895601
883088069
427964810
709635720
735606190
133019293
473454198
135071743
667177737
905968081
978478956
272279717
356552070
39315061
643126865
561783525
705102707
421322469
721052903
134117294
821393458
501888835
23081917
998588821
452399382
202366295
157527865
379657843
939665662
260208765
548868439
970484205
403332950
926305078
258952758
472664789
757039339
864651531
409329231
934652228
452310512
312979216
495933536
920224854
250557387
274798100
238600513
678002971
455625744
629311613
594817677
875538918
200286403
863009412
725794434
32888606
889201411
976382964
674797448
342783134
458372795
46186810
422499206
336444064
777367907
932737487
539489472
904411294
574275302
281765162
506719219
710595366
632658368
327858701
147410645
467784584
213825243
701783159
758691247
7781072
98470164
397253293
572377210
175269648
969482101
529495334
104542822
348977820
986690807
606363945
235296154
158321008
320345098
665065126
689920643
392911952
58571143
299767599
714065735
681810484
372803271
573087000
277024900
933354671
110330560
651954215
439476600
279183733
562001837
194205664
680127544
418420019
712924619
365531811
88324157
360537412
950644565
431135049
465552198
265622628
661503089
184580228
423768661
375385582
28420408
80712603
459665272
493227598
419078058
535906980
264421004
109046380
721360373
268375865
243051804
840638087
423275235
161221478
565643380
202662599
869056208
747107424
149833905
613868956
82056505
118237874
863953777
668911477
40432418
547996851
604873235
340259760
800982416
55020859
935096474
249120006
714284562
397647433
99933855
620505366
191226726
445008841
812637160
36754367
193658175
864988562
868809492
293356964
277961080
719507927
769544401
746292469
183776748
900311830
594661455
336121126
374686271
873270872
345344594
302380651
22587245
677928371
862831001
162670510
211077234
26388545
626074913
903386428
754503226
660606740
934602652
174103627
653034298
395391935
723720008
529318330
498468090
43497981
670210190
802969893
56273808
553151136
843218706
343236770
77368124
143595323
452192216
277646692
336623714
310726862
368748518
651657254
506508252
617063076
238102252
887828796
634398334
286846157
618751810
576780701
825306063
731889049
356552070
346865819
205442853
444214090
789184703
378744039
304715355
353339093
809613086
230397846
84005320
643971845
59224800
84684315
991238465
89603160
490281943
836995935
324316742
749141130
881870328
193490011
981263651
976564368
808485494
585931834
15861702
91852035
599595073
331110673
637188220
827680886
107356889
853902648
660664429
868327514
778732304
44647822
770998346
147647751
326484558
871064667
421677496
657787248
422713575
304361483
532242513
883756215
2784075
15238731
812250719
254146581
589326724
924320517
819914652
609529434
751475707
108977827
827876980
536933327
201588686
946591141
219380590
530716897
368922489
927034372
875234464
345707321
550012545
173722141
962761575
906048169
664139111
485963143
930858245
561488731
478030348
232458226
757071678
875574521
863268936
343839755
755794040
872593784
637550493
486201110
193549968
63850047
111259729
312950042
939655765
620141364
641079479
795805983
521757505
726839110
809125768
779679202
252639069
558301433
532370423
611066650
377500550
907637497
360202887
693243216
772811875
629445741
868857734
585127629
800077065
997056466
771642225
778110402
643330198
715111685
922772503
424110500
160478262
165235821
40280921
20509022
429720628
11432429
858827610
406767865
533592637
973390772
689339135
719674998
203063642
453498365
182430219
364478175
613907909
936517460
784176073
679250320
291352557
149863191
125271600
513727928
751676289
744359204
9444242
618302559
759374148
776004253
503596143
391942357
641101784
679597772
795430863
940703951
806306015
172596815
32532449
259792554
458409898
672806205
441005827
973698319
281512667
827168695
23797120
6449502
811700429
363625883
722119248
304475170
596096123
149287183
66486560
502852286
632749646
296278020
752422641
689069361
866311692
319549713
988639113
958227966
486414033
174459260
55314051
433424083
982785721
415893153
738271908
174508135
730274146
352557359
526181154
328577517
756581458
696686011
715686300
658765464
803460092
521744117
403086487
705429761
511474453
479127725
459176710
869599975
611452267
71631734
857995643
791234444
696116409
534720063
407999987
742389831
32936924
648679282
107611284
597060111
706819825
38288404
843372897
952917572
817531853
789993095
941009772
286783330
391758736
883272762
541834581
752989814
819326688
978993872
166421454
934343357
986914788
792055046
850479871
592635135
331571077
563478483
911050048
91184587
343845527
110771235
936639276
492102301
491936824
941277052
22687769
844485901
552944443
431571120
46621350
385403786
810988177
767277197
830780491
543382013
184584664
280676056
554922839
234396278
878046161
295319803
445555869
618908554
696983272
412470802
550664097
746078876
517057293
94753066
164709522
569545166
449327128
93409051
935859347
458224641
406811732
949222332
982242038
232474301
323245727
365106089
744690017
132905801
423963408
913725337
749898242
356133916
48546893
507931935
993085505
390355493
777315712
425428198
648419134
206332512
496140883
987161729
159328999
710050264
917796575
349763850
869419716
875875471
488116350
273173102
563576139
946111712
44609131
743059774
835000686
548295938
691850101
682744207
582097111
746597488
987379970
895544909
715216078
235037445
730856361
819879056
149671824
126171537
176731856
585659422
250386336
358288600
484991073
10238011
389453212
699827500
80842641
354869059
403903307
896964505
224796111
317997011
733183702
307518748
295609284
268451628
698851656
637056677
850658526
86515972
670640722
807201689
330975786
543538635
521621740
456810257
740206365
651831188
908606303
196407333
162707052
976665732
444397837
443599556
835935299
955306507
527548986
276801865
597644852
831722453
231338209
353377763
372777115
127245897
814879724
485276878
83187796
93596532
699974645
943386666
901752964
245184536
454366342
804932233
226903904
659316918
190762328
589192036
358232185
202654719
218319285
121169557
251335244
196894268
860778360
774414360
735109379
925851986
148490457
415831785
30087143
384953974
858013412
34348962
820711026
190174368
630703636
544246991
284836859
673912692
360809653
540325636
999439537
27640877
19107911
615043568
595553772
836634197
459663249
52964461
32143507
563937446
105070849
126180971
235484018
667555758
797872212
641533690
689746335
353586301
199040749
585627242
551780275
53068001
61312524
948490210
416830586
667403769
556695743
756000841
804335810
754018465
49448245
572629082
972660979
300757445
946317014
949132161
97524257
67138513
962321422
597031183
472421759
386871160
813826490
94022662
990193635
354681175
885651980
451020599
777850152
949692468
621987089
735733192
227386027
906584541
214816442
3605519
491577051
366250793
829282861
396925213
915565305
720421310
436752014
333112980
708468533
142581735
319420756
920550902
960847803
392967098
177819822
510947246
150783328
200723737
728108135
22216963
701748792
772340579
986603047
345596577
336925427
450376171
529457913
969599463
801071260
109903704
878476273
827716125
783196045
814534801
807688015
76528975
234350255
735105884
223740773
461778312
254947813
487072990
571234559
736833729
658765839
717687173
787504919
468687623
142501356
524988682
401386068
383678350
804413821
531790068
824332525
652816388
749450746
198568623
250531429
145658592
16859313
909226753
230212609
988317540
395003152
680330026
817704763
363528869
336435829
188658164
953257081
634289212
44943381
28073759
813301300
687656545
940133159
206248330
126555097
317839993
931707165
987522652
258153948
932709698
779202774
894815099
677409752
128068260
765956763
883574207
353240252
348220409
46422731
501038658
339978444
917991805
214224370
844141097
143507386
575700734
39074431
132968291
265896901
77461300
189920115
842051751
917464897
179581158
567759999
816832641
410336097
112855976
522123751
970516050
686255861
756516662
884278280
411236735
899037149
728236961
218996181
417908565
392281534
849543269
397922167
74398605
457482095
610912388
922069549
586755779
412136193
482877719
181906686
465021092
384240011
91441008
894567247
460742374
224088614
992772008
147360174
6798343
897501649
525355714
64879963
711513192
343052693
499962994
432570723
673937782
880061922
221111297
343868358
726167375
779055374
529245862
197495174
162943938
647959972
150448621
609700319
896242774
256981120
62954144
768084060
820979855
728002565
638998544
781892647
647273207
403949290
902187456
704423108
211784571
327380657
266268563
239469514
669152685
424201326
490334547
809120149
217728913
319085648
300842707
442152744
396614783
695377341
521785132
31183896
139417551
14442091
231531278
280170596
530565294
902940741
865961241
276992893
997954534
496797940
753653966
604978782
958685844
331528353
560438750
290375787
565966667
83923823
413249980
731024231
73001956
745980197
625399946
193975768
153768699
457151147
198309309
27670409
152720686
98163293
385729738
443828225
153572747
229247123
17727562
721022182
81047172
440303647
464377923
90282391
47583214
556496459
706708792
950310291
987591262
702893183
157146956
559087646
712745434
633235040
461919056
170991859
925073747
370117494
283347454
131192238
980873509
258707132
508079716
595428670
663334601
982546047
267968172
2439019
408335511
654483788
88583580
688598531
752604210
226155519
974889766
652010969
226878294
104601170
157885591
725955604
863058174
38134037
835489866
814020965
399930141
353971531
209433544
86877044
7272145
706989990
30331494
720754701
458577548
580157577
185365481
881449469
588705575
249364849
601734434
243013442
761829640
341711631
913601921
815132347
559950919
668260515
656506105
210158679
77123716
621539390
647634348
802609887
158177052
485054300
183963235
909727951
288835417
179540866
516446645
824286746
680209756
197181857
497700223
290125580
344100199
680001406
220857571
944430325
633169743
354446815
116978696
760243234
218569469
673116078
814145561
239946089
957718159
460980759
482370464
981905909
761434657
523539141
789249634
655160481
47639549
52777734
282886807
893870051
283313271
717811296
389785716
188875972
882235528
2749870
161149985
905393282
281164617
653525794
155730717
643257408
861088268
253765256
331801044
230115702
731889049
355036920
820048336
294301491
64875606
494660705
973784375
731174307
372858384
836011754
346356957
5713594
781364231
301838900
1276206
625609234
832454633
472832648
908377936
381996989
655681789
974730947
170866517
927302220
484976477
790678437
29402620
445194037
531991609
160114098
151097021
787514705
780664908
189335632
954649711
810514428
570275973
221838050
155953904
183728407
665947583
568600811
266609399
761527149
454236298
997373720
859666955
75761233
390290243
393328331
52602238
926783304
196786254
895393599
950564451
255459688
516181420
1866993
127144767
140402395
194925080
505605643
55388486
219915002
845127918
680545180
856424183
809362359
856796855
621124897
329296042
181978351
445518140
310667551
83806265
542477613
882197788
484817794
432980134
22467591
770354773
614913189
684427091
384168270
146573657
224525052
43330397
765069336
12459577
752912072
315491230
448233547
483048324
484528129
940317184
667153359
256604143
743511138
411413625
198701072
250845170
688722421
174744183
69636897
187846286
935135646
724712541
622898110
901473265
634723966
571253210
628772852
498407488
902916019
17989758
95385133
173845294
953009199
729468451
72483051
597032585
893227995
203104425
955577400
304122142
283969003
25586826
64023136
127344614
440741657
202428025
331234861
681850368
179257134
743240076
16233792
59570873
518003074
959916415
344365405
189810144
632556062
204685233
531726186
834293932
157146920
319653348
131688019
549480486
429702648
420142063
168504478
624327344
140245089
564492922
931059880
428025431
895079878
233594707
425962883
134441526
746604779
374437592
431872292
951511255
965440417
482653361
58641147
13799456
381997574
521691707
385744247
551888253
924744916
281677310
668783981
879556521
740319569
809037953
194300558
864851229
379739488
892750834
474315628
218503787
495668006
26197435
755133120
656925556
633854711
222469924
211628868
208184520
817241844
804280468
568694011
618578732
261432653
171166521
695721468
426645429
511947129
171232700
927597526
205001550
497825006
368480224
488034244
713344067
328810850
923725755
295451589
366438841
874541206
171870932
432609523
420106523
441485768
498295600
517852432
61685274
109561380
974333961
402994302
22837342
273005570
576325005
665272281
774213642
980976951
833453732
672541179
17602441
104440144
56840024
118619557
976869612
738843424
954782713
788767736
501578609
824697595
875747089
921293023
131505845
63428852
270862122
449343001
42293652
540892329
892086657
992343432
231499143
446133024
190457027
355981489
400658596
332217601
910878431
530639216
20349303
970083117
174181734
767098110
56981773
3284870
498520972
682539545
904594739
231751432
896723510
713079375
686261145
215817074
697218855
990728160
727915594
971252066
723734497
425504595
86880204
36896151
303918921
782990142
967303364
489500336
66551008
750588765
582811151
205663353
892075741
495543395
137032958
491009050
953785217
77380376
45307331
669959881
897799859
651170037
272086661
841775509
506679824
491833832
115636763
298679652
404800690
80192358
163354317
208116224
126001392
458109543
289216914
230832933
652008308
821708930
921700671
175582810
848702694
430189901
824889046
991154764
307402054
375512254
143090486
825419126
43531196
80562074
981386006
113884575
583145315
453276891
528956375
413506519
800711760
173177520
301383141
817287041
906227425
941968754
457975798
364810347
291872914
298672994
735651998
273889371
721372374
567694299
255067937
273960913
736290762
920238507
736573647
358188324
767285553
160532206
448897089
652866987
324141878
717048606
717213867
669828789
461035918
706290541
150585914
110032329
57370010
389877975
380231057
343956570
42441013
383610248
707819741
409164585
113588860
357683765
703751516
686785286
929614134
439629891
230936611
444453991
445030258
451346661
771975732
230842847
383577047
569671386
603326466
716866058
319271874
875312192
195567303
456547773
660192221
987575222
814011397
139218428
703383278
905933790
450204940
385454844
97891413
174703805
258360589
893339395
503256683
105962064
944098693
427584845
134491759
204029177
281137315
369119818
719272901
46758256
349593950
758141980
443760510
572101106
303983479
147822799
822880517
216529161
793222353
717159107
954011555
711906229
600528884
347121843
904223130
567755059
334693089
439571460
478226880
627618108
290275339
206193878
606562364
217566382
96642688
680584321
412250319
476820036
498306293
234174074
381703531
382702998
952867677
666142771
725166567
981357448
940859985
997588921
172512714
172032270
554484219
927531597
941716105
141845573
953055139
122556700
913934526
