837473484
891507741
985812761
607689059
878741685
978423719
200020281
543156732
322894546
727178430
112841481
730250183
570931848
807812681
793894122
760622719
378110177
633513951
479758155
614748465
422292103
836474133
781515021
132855105
75145071
334784818
416310810
32302476
459741640
518371775
846302000
145064816
194040496
108254490
403121261
247949648
927418508
299659291
169847700
510537327
645692480
198769701
644302894
326800656
330678463
296779342
606316365
833014612
332779251
29842589
405876899
379929372
341373521
194520539
274743369
59109586
936614750
39164790
976787053
197774660
82667367
623360537
810225592
572468380
13884027
696312746
991388018
801080865
876984707
887560458
502340756
665971242
440808007
662621939
382215813
986064404
831939520
375479360
780331755
198503119
530794053
668426663
544313604
88213803
643929532
13582017
134472575
567570158
219820290
110609205
804723062
176492571
791791601
354393923
625970815
622156091
789242596
329926801
538737147
247517444
847916958
422917770
412245669
688044081
819370041
365071904
620038522
390528585
965914498
846259539
657648896
78360719
231519842
800697293
799703174
222837055
842661444
258784590
878537265
456901139
472425518
335919777
970460843
222998453
298926435
948564894
86126628
935987582
401630504
564602251
932904267
190533897
676119755
656135020
913724911
330554474
682415672
153423537
496641456
552002312
702668220
329106133
571235304
769192196
619851639
159688560
674277119
149263329
972570249
591339444
125592590
196891774
890057546
569453957
801187740
832496066
241273789
161014835
804647503
714702845
223210372
103745163
456658103
903506126
647950480
868413409
440210600
212154521
64222037
152400769
42454270
525537633
384742939
48200771
735517772
513194873
672684546
835169604
885258847
726133637
306907050
354751367
118515099
983245219
272907424
104973435
257354352
657362985
771801788
478800083
35373744
286813530
150234863
994131047
100572231
817076897
831838724
50559030
133192168
202050238
921321233
877554270
730785696
552444152
691777894
956027455
403715346
505822544
394613706
336560823
944539667
893352896
641209664
159404763
228078873
482196187
89931845
576442104
618652757
925627393
151978261
732666295
681418018
474777488
625492155
53937281
286850920
77650866
520002080
72697144
707253278
444941054
967131600
904119589
799269784
870980354
395203150
688788117
288531063
298805109
234359535
601962361
938480736
149883853
953170851
594186383
35387928
105113236
951079335
406430794
888563069
320328686
912713935
643530924
472108844
645947289
764898313
684023035
760697597
220681887
224266536
295919105
508077466
541195205
142228895
186144009
971401849
603214942
223955750
905744838
735389280
797331355
101738103
591255736
399998543
748719297
325121902
944072781
169732951
961994701
358001997
897683129
703498944
29952170
625757926
631374194
108055642
847693324
568897622
617903733
81885445
451867252
251519402
244564032
629862367
896573680
934966135
409804392
337157862
543536098
406636038
698854715
390775753
47971240
241979405
116773662
894723024
839922396
757230628
171474826
558168889
341990654
895894807
545429199
751802772
720162996
567435157
770518435
193359589
842431195
576209656
434471641
285134803
948760083
780194329
277296457
656892519
356772834
419929545
3688102
127580961
721729450
137846973
259980945
666195982
487841428
37422039
841405202
58605724
150844862
874524473
102943796
613639196
589863139
112163343
177693668
507949584
644354820
414295895
967475951
200863946
99277754
296133101
170220475
221490981
561806033
192332825
17473180
614668507
33290618
852206163
580525126
614180178
229150659
63590894
188709634
62867421
901421049
138633557
627167439
592260864
277901125
411190880
28118644
48935917
593443087
87544431
394899779
416605163
235325716
285006492
612146627
659224150
752734498
177635339
198211019
196948871
350945306
494136975
305687417
660822475
861369130
996317591
593969546
941064651
858655913
796470301
232632046
314334117
797323267
306535377
834494051
85404824
737757562
287627009
837962933
762063340
237271354
813057810
449774453
447314413
846135033
166372439
640091911
424056829
587604234
383698394
717244235
634304198
545535926
930263462
574393238
430602461
235938199
311557558
786240338
862456381
996796621
917855277
230423545
182457154
193566232
837945884
650718876
534872477
612257678
68923037
400575501
93514210
594317302
457800745
693550367
995488225
634335672
753976302
767992337
739171850
282219296
75226428
849437596
309532934
837125301
705302147
350516308
978370123
173526046
482714552
623831607
708678401
933414872
72278728
494862953
812868551
922906610
898309159
917324457
95205536
947107029
467130604
195498861
557374110
988528569
391010699
943639150
243895944
309121322
587206037
213652329
861679210
367300603
960089670
177932669
634199072
13071670
58887618
494083084
900544085
76363521
357501248
852310631
44013650
102597590
936755173
748875272
431261993
343717347
671480931
124236513
926887991
950809956
219178338
990046460
16371998
792252800
37408030
417584129
552563442
781979390
659986244
499214818
616529283
495451107
658954789
659906245
532368731
95400620
465789990
526600350
927718238
231864767
313442747
259545833
49057411
728548990
437620294
606073396
342678839
768876874
396316265
614651298
483958681
531907487
823431617
618989598
538365541
418030332
451147926
599480722
945004430
507626607
815623083
779774046
505136261
872010128
875352587
131479156
480973945
121378724
773516985
777678677
144650599
774877803
644188262
240283610
356597318
463957750
181094519
950212491
106637730
112796269
105268897
334651774
206124091
362197937
698721656
369155052
10202958
96096446
241742748
323456333
323859357
791496791
405371554
678415377
806446424
224352233
462554148
175272113
590786668
430474179
743837575
259446085
408666833
406787202
369784319
758898360
128993704
422479216
604350978
369986730
127743018
508349863
222217397
920419075
408140501
713326261
559839369
907814243
323925647
390219091
774556007
381419421
334207680
722496173
847379840
195555823
24358942
944336713
780618317
37585296
218623258
421833528
474714669
887696371
636427365
659558812
369436468
21083813
744961460
114582827
203919058
716429895
542256842
254595630
695926954
364299798
638743721
28910613
819816981
621105414
452951155
240912028
750983524
584185289
338811665
630082152
885519375
172463254
487513514
735389280
754582383
271374529
940671017
214748706
597136661
337724934
575338667
956720896
358683526
78615113
848285295
20150808
701379895
937683629
253131794
793452508
382183675
611394973
614016332
180061912
50475757
436728843
373152231
441618898
792158453
533071302
465283704
269773745
178332236
932263313
157495077
22063165
772300253
123782495
702360888
581841929
704275632
878624834
492891102
684950240
384839243
501981082
891489904
284169926
110655815
244664404
339621577
269037030
372946049
404723020
340588984
645291996
984526263
188368720
741415455
522167141
606000433
887257661
584331660
92994435
916278674
533985601
66303905
363674655
704980719
445484994
332639764
232186178
305353916
108018958
984451698
781889766
574543881
793179218
17237896
46168290
231227373
224425801
63315428
656079124
329278809
735529618
199225846
802604921
827924629
344823318
876217175
954792831
795514185
800498186
697313334
180740792
949238819
290150636
34987325
323622894
614986161
779528344
529297106
69796673
833473103
166842658
560765800
743651886
817396927
714431968
63669248
236481332
258207978
603566704
561042466
283570011
39465203
346637347
902369832
537241335
55937792
262452042
53619886
855109348
619659920
457317155
399406481
871435250
146535381
402811578
77629170
351963434
271481333
341426448
798257321
890215314
432341792
256860056
72149516
47028184
675820905
236953119
765740798
454517366
284808951
837879373
313399385
583175354
386850105
973171247
468831181
217521260
454981552
98176455
318167737
254056961
781990074
343856585
196287077
395190621
430020737
800882566
253126311
696523849
114271546
791709798
602722252
827731394
32208343
464927411
357988138
688730195
167080295
379951762
31261758
767456705
232525906
784601166
510267775
459197170
628449370
114454298
285406250
567316143
422960361
882076935
444583285
541089909
253420840
822035198
398086554
414430179
286510705
149242478
799542686
520674907
551671017
244452809
87853225
306828908
695694427
799193154
20586827
699215245
697570014
750282324
75260816
704727031
369619058
983021616
503937012
101222502
114315820
844668435
822381383
765711942
147976161
116911966
750448823
576872316
30475646
167717592
723414073
297808492
197759885
512732932
150961673
547088119
890455436
301118946
378527123
775852935
961593452
228293425
150994254
781761237
507036488
133307017
447481732
608348555
629960397
326077781
964283459
71740538
287413491
505281387
186023128
897084664
591475010
187850425
272200630
305708253
757334982
503055451
907179345
572016276
879239639
809018828
73946740
706000728
380676570
54572739
810055640
254653434
914706844
470724608
521052291
248493030
425890651
794025672
491374229
339389194
246387821
740305212
284857188
684283677
613152358
838533546
855258226
394265050
924235529
507274961
893247582
965683794
993031861
144210734
890140281
628669854
534422598
939425836
750428493
171254491
585869904
747959874
483967497
470207094
924067717
472468026
251124889
210510427
793574925
755069390
824314684
792517123
977196709
83077425
111876505
692480446
499725350
345492391
375436174
713598380
628075767
487968443
534601528
421532920
570969408
43563927
192202313
120235334
323653318
81008243
500728443
526297617
982911231
385700798
770655681
20221739
162945848
155978374
993989683
946638703
652638195
439402800
712257585
178352967
715624392
413962375
733803447
512136649
721852743
239100568
786917001
320743814
440865401
463850483
236884606
356733484
919487128
775350645
911930217
471733659
245057234
218587368
986137420
599576087
351811336
560626659
807856685
195410836
503156871
203461364
533904755
732801102
351161280
47544915
384455680
359366853
360993142
923550416
136111118
950015522
176483106
726854498
295806407
968037360
622499990
383799438
889365047
314144292
330669803
300262986
96496423
659340127
338197701
672110653
95905509
128323807
87400433
314757878
701824172
280295006
349265278
315628786
68652466
359416644
74115590
547426446
990456066
942837720
564449923
332256686
676772662
40289803
166181619
606742999
278050317
915112413
499744930
825720850
516782304
887456204
32859883
743163704
66928265
35686377
887358039
535338081
133739163
536820619
865868983
511203074
860758808
457923715
875388664
210688655
839338731
886133614
862361112
149984502
510226272
46599211
326219671
922886009
227467597
38859649
520381647
321670067
682233405
441720768
213732606
790068678
92071233
878637546
56377872
527727694
965367231
401395366
482711128
382088989
856428683
749720239
795456232
769530791
931244091
344072496
565970504
575106674
23516420
988309620
142349173
392800568
662260003
825976317
481755506
358978254
48435284
868942528
615719590
736161484
167457004
904688250
317452671
853904628
98041721
205776514
902250771
334287306
10031674
903934314
511283156
646809733
142571990
993567535
168585410
563861015
297874791
66447267
241620946
214540149
615865349
377468528
202231665
290449506
588296157
762183334
579735346
243503997
847374284
617214578
311627427
456863467
548002319
491161387
151325701
407266978
210469897
708747031
57420905
310574497
367915224
18522813
500573057
3897082
32596667
147938772
434828670
995486996
822437812
621132493
982402010
75393483
40138721
992517437
934838110
353712019
180050207
276424798
882602535
589565659
400862277
40108302
887933427
839829582
133195002
918114053
267722055
107144174
422863226
509644115
622157227
229669479
898330238
725532195
510191262
729918464
679157205
775200675
592726209
414006863
370939609
268047338
404716763
210054785
472790296
669028259
441203618
536330597
870754042
223124090
111336729
878238340
357237199
549532084
934648221
200142375
980977387
277232035
749499666
917684712
732055856
349692196
448474383
808181329
737850293
526637411
867203520
778032974
346445649
529305231
538365541
766626903
950910631
315401216
300121927
425574447
227910598
603435906
581315569
560652445
667177460
274026844
641268717
283639103
419204761
373858118
357240524
90029487
887929970
144799203
54875977
58269766
24925323
439694323
896153565
334322998
309598623
299735012
183059213
304981678
486144552
839534936
84467928
116840685
115449381
232562442
72330330
772763493
638027827
487572198
424194860
236409688
472534889
461891358
751751318
62291906
107886878
115681932
512525669
898327668
797166953
43599918
690145274
129880884
753056121
733148604
796059909
3922826
163907259
125936694
410234302
760619855
928166866
64219674
299276948
172494369
523267451
104654940
750999173
951500326
104853960
386514204
92150245
300983459
826454380
134716198
175436639
35669990
870472782
137005795
508517386
156182036
494626835
703180460
440993284
744276061
623692443
412199445
670112973
268750660
300620902
704956197
798432232
779949787
179427291
968173539
599543050
755816446
278350430
264469867
428478153
950407510
657302923
513520931
20822002
517169114
398938789
65965189
471992153
102346331
868691395
209114471
531640102
540736895
609035867
22946220
35776515
116065171
409676415
555187403
466414435
380980692
82225712
13516120
375942250
273177501
887105214
881614785
675702326
780578269
861706286
415192578
620709570
203929085
13730966
535772295
420507464
229460212
839691545
219813799
105266331
340661902
553228512
161154177
735645868
465849357
331525421
587901452
502014411
84563237
882105565
560436307
941748214
739133474
121249214
115612322
125234324
127311641
286582549
680050196
969503140
173390660
393020005
385067699
332532424
122356965
710346822
714670201
428132529
913480879
418110690
743961487
900332979
507775687
303750099
206842333
537788429
109174235
658704099
775078894
496674252
54400966
848273142
807535958
939463581
463813518
361936579
875623563
925852464
655843171
182560875
317511120
106908286
268559836
797106556
90747101
214709975
980111576
315658259
494113012
161695128
419781527
484637093
987789403
953129917
434816276
575451814
984377014
638123556
284667577
750945725
969576463
901185094
749246776
438261008
74794418
984170382
743293806
351400838
895324043
49898041
983414632
390756567
856294881
561864682
677996523
320064331
968646299
681223917
871391925
919060178
359506349
305968782
918616227
458319208
348271659
983292851
549610066
63517707
632966942
345529408
536388889
562339835
401838147
299642912
31538889
422781084
151601043
448066348
252331630
634032474
179738876
212387756
885603419
656390330
112273862
189256458
895376314
437114470
925046004
706754055
54679978
957161365
657297093
841756363
67250058
155495407
243731995
395340102
874004022
618616259
461218490
826068075
775372178
268657288
29787019
848028964
177189469
124278646
513722525
297407802
487388447
954176317
72848126
263677610
675795798
84097099
86593459
3184005
246757160
270224993
288502457
358558564
104903019
37347316
3573551
415712728
685796318
108486338
200815101
949222825
1765862
736005998
540643572
54643040
278844107
691399747
563805565
960968346
604752029
668776678
795522596
354291081
160232181
291890438
760140547
179066301
523347007
391166646
546422855
855104742
75157982
860284262
177743000
784842333
420456798
614431032
722342027
187022682
997336660
682547383
626907608
518171589
605860384
880107371
5667759
268347576
855801679
711234015
776960557
191052809
896769542
658280456
423343124
364144677
81583284
148948380
342559875
232246298
218843824
160502813
315757160
240772161
967605253
203597544
395481592
34623870
60030508
388081795
387429587
728145634
317395011
508581806
693209037
493108487
987851134
735312558
946612157
325189357
432819355
366576939
497475249
921082754
986651172
507080628
42212011
483243476
395490093
330508494
740116544
565107156
365366387
98523470
905608901
783045825
935101551
687211083
887706701
749160896
995507158
521487882
382685620
729524222
95284679
447164522
477851992
599239961
787245214
810615948
984409050
412433916
277711738
550145484
613939288
211010011
75277009
658861193
503923629
550141411
489334283
826428778
600425367
73742324
472281240
399600430
508440132
57235531
452468031
388136960
784611759
313986894
364523376
348170456
27554324
46001410
934704613
736645752
11226784
854316836
490024531
900618920
730242999
381675751
584615118
629559806
472429000
632223910
719141735
713855664
25676718
810596716
874204766
882958951
113019790
458221741
866011383
239309989
919291767
230390858
43771366
57185194
583469315
459450928
440636388
936623391
175899013
504825982
332609693
262198275
291335078
429243189
560489220
515799013
616359405
530132542
355885558
619785597
832244216
870376218
128184549
708698732
515262601
375175987
664289636
414526933
672440652
990904311
5593714
839979220
869622581
37636266
373132497
644243134
450315441
798524284
426599840
697959458
259868749
594098966
333602590
17972818
697943543
568489592
794676952
832811660
860218989
473596675
577489502
474611807
594727995
364706076
612646682
354937732
656261318
28182112
162868633
740456864
728018800
672334959
192769317
306160677
344175399
795933225
399156472
315025710
377805957
705166045
329280183
706000373
90310982
205531781
37081801
721537307
758564647
929974576
85961687
641581161
718151419
498706461
622741361
943624546
535450823
277875149
113428371
893466935
241476917
980623755
672720727
595174302
212727580
208741
860912219
231571644
72104592
206608762
549975577
942506679
249670236
944406904
951021051
670054878
164998318
8100304
757567231
316458653
860429289
337124350
300324988
681664698
851841416
701666196
86771399
705302731
557128075
268579974
766594081
775446447
926961005
655857731
69412127
994427566
608641833
118236062
565685047
644243686
529113264
38582998
260874200
158959754
92221958
74345903
199687693
840053197
818230430
354572591
917998564
687888997
819996156
930600326
506851410
668622421
902785718
648803443
490156416
449616336
295297782
340700339
62598287
399014081
564610186
905113572
54428864
345251665
525052703
69343380
644038655
388158308
875165890
509002223
524594989
785067480
984867567
647793073
556555512
262802666
111144592
977314890
434820569
394217721
382146586
848120020
879450558
67653425
531331652
445157215
459024970
911253216
992776413
204752253
160484108
49709659
914217089
970103198
609967694
775136500
190046794
557301499
49390882
627030087
195355779
550781935
750751846
194445194
374966352
324396368
841662653
783008776
884482483
315693487
843721618
579340901
559340762
355111704
701560469
219177705
961557646
780337943
361332653
220969606
861633015
808041054
965080727
193280679
882559137
149284046
529603894
301655789
622013845
104421133
937615557
484044492
440743940
566088655
958999342
228710311
592400157
188375476
230610567
354534478
677151601
1484469
427093195
672606239
976764033
626145038
608825529
192984051
690854237
167407597
930351221
193801551
585537920
409961557
224029133
977893933
780117478
230710324
770070588
70564637
845399813
717280849
678490214
796159183
987038094
705278982
930174187
525422148
296319978
346624148
327883752
95552047
698068213
160720117
954137734
89578435
652970198
144319130
60011512
201917304
915555283
560359578
790387151
41203741
377124531
227061071
419471502
429196928
97617314
666567123
302598501
486830815
227303539
211931240
35929963
432240611
462536728
241921217
694703325
635918894
215081060
175231592
119243098
464716413
277531132
193110930
537012763
549440130
382546149
117236623
866884298
482155318
117182414
902301007
243493699
328728209
401151218
610468364
774365104
843273063
858372265
223513480
514365137
179071561
855799723
419519466
505758749
816937288
151390817
688020568
613070356
445165714
32730277
834325828
873415491
741300268
856110034
323638567
579161797
923325918
33254167
217845854
218409083
497278301
32354452
