836228184
180584190
943954137
37960405
698693675
574328394
623425570
987709109
784997936
623688027
577479514
117905829
628027483
779354155
286836771
229318222
968738534
559295593
400866184
483863206
650074852
258782503
305086098
669176626
955780633
773903611
764015635
345511970
420527718
555501295
127954734
425338712
299440361
636316372
96660316
381105015
198530865
188963229
979502679
297071000
924992083
278181906
830535202
926897926
593676482
253675789
681569455
384207560
827518324
117997871
150555320
991779626
470957456
271895034
519964520
313991043
791322925
252349303
42958687
774029322
248515058
706772570
180111805
883495316
485722334
636214151
889245915
947667603
189253503
536079669
601969048
914856946
875360908
40297959
227660456
847513700
757566448
506922750
20151827
626207455
612239074
584950944
194137217
691644444
400054211
65230059
657563431
513251646
908216887
461433150
374202825
487681514
940317057
507158066
101660958
245807701
963965485
39083354
289898410
596811019
427035425
