810683211
495652718
857615095
888144838
795520089
742089530
155876248
969619534
308859819
996561496
585303674
606272789
891279026
743148953
556820900
971312769
360575271
744424648
306174177
866365308
880161642
404823702
467743362
387836176
696488215
628047265
67629377
943409088
202763536
657740628
859509191
498000899
710282252
244025655
938139260
217489156
388167202
296477750
237963943
910870669
980882715
950184127
216506503
963429072
655850531
928524493
370125015
507360997
676242693
976557647
867666860
524159134
112073101
555037594
501667058
484578704
22576287
947361096
709983726
671654279
715471704
327661804
914546841
73688569
287598862
828200720
14383566
348785643
328408802
669356460
113486185
844880147
841153263
553631780
138764395
535374747
691852194
49335227
341944682
954707145
15393357
953831588
97536198
183311465
168318379
638701325
696810323
496751373
30379272
938133461
462055421
301962267
105431282
910099098
738150625
674943720
133461373
629098524
689035091
933877370
767734608
