33723539
991619344
322805960
326998135
237482562
843825865
185311909
82884886
890706336
249457693
458894346
692953652
625998591
18693258
869473241
485488093
334151987
254552227
405804696
519462595
49848463
676032162
219503050
210574424
936588104
193857967
766160886
759822785
461855767
32329683
649037386
871840963
876625255
635866520
941657317
396578546
843012618
557843602
280788662
340147568
914027970
776566496
645136980
61152880
405883583
990438238
107960740
397893426
345374743
625399437
583963832
608074625
530869811
705389943
50886274
662308767
80620257
816499106
99622917
40841605
317455016
649686168
908755849
593185830
426956916
406065085
200152441
273803114
233290116
415606968
186843841
819861514
42014478
743708694
893953926
599421805
942558457
32311163
590682019
124061870
626392104
907938491
927653717
846098462
522917914
336664167
740642676
455399720
630010000
579354889
583909281
787908711
845367058
895743903
90480286
408661035
203593945
922604001
521179452
603156735
172481152
