2788.12
2730.11
2721.06
2702.90
2624.04
2590.02
2523.01
2483.00
2471.96
2444.94
2442.70
2359.69
2403.42
2196.68
2218.94
2158.63
2152.02
2167.05
2174.12
2049.50
2072.67
2014.43
2006.37
2016.87
2153.36
2109.35
2107.11
2166.14
2424.27
2405.63
2373.62
2347.60
2319.26
3024.16
3035.20
3056.42
3083.25
2886.57
2926.90
2775.55
2927.79
2909.73
2908.31
2890.28
2680.90
2877.21
2836.20
2823.16
2818.06
2813.93
2803.22
2849.39
2842.27
3073.50
3069.38
3067.96
3047.94
1000.36
1029.25
1050.27
1155.38
855.30
2012.62
2105.59
2097.64
2113.67
2196.60
2197.59
2177.12
2182.22
2212.23
2528.08
2502.52
2494.46
2438.45
2425.41
1591.06
1586.94
1589.40
1557.87
1554.71
1496.70
272.12
256.09
209.28
184.05
198.51
99.03
75.01
0.00
57.01
109.02
151.03
186.04
194.11
252.12
260.18
312.19
324.23
374.24
