575837.75
574932.75
573865.75
574484.49
574809.49
583270.22
583953.23
585691.37
585619.36
585312.36
579477.50
587980.01
585671.08
586133.31
586278.31
583472.51
588100.15
587864.14
587878.29
587204.14
586921.14
586918.90
586880.76
587232.76
592865.17
592019.17
592010.11
591563.11
591324.11
590179.82
596013.29
593296.66
593086.82
593158.83
621999.56
631033.53
628796.96
628790.87
627537.87
627048.65
646272.37
642508.61
645799.97
645837.94
645253.96
645056.96
639868.59
639342.59
638593.75
637489.59
637194.59
636985.59
607638.94
611613.87
611394.73
611659.73
610435.87
610249.86
537839.29
675396.06
675829.06
676133.07
676735.07
676927.07
677403.07
677646.07
684938.28
683547.71
682499.71
682107.71
682051.70
681977.08
699042.27
699496.27
700099.27
700229.27
696834.68
708854.77
709375.77
706143.83
708103.73
704253.83
704116.82
703813.82
703482.82
690500.10
700267.57
698785.60
698613.59
700448.79
696053.59
651692.54
667112.05
667538.05
667668.05
668382.25
669415.05
661723.41
660842.41
660522.41
660321.85
659534.41
644536.52
646286.06
647870.06
651150.19
650528.06
654187.33
652041.06
658415.84
658619.84
657603.57
657492.82
657160.57
656698.57
632956.51
686838.70
686997.78
687119.78
688873.46
688097.78
688193.79
693299.17
691345.44
682269.69
697562.80
695068.66
697856.95
697091.95
692659.65
691711.64
691863.65
690039.65
674441.68
675131.69
672547.68
679079.31
679537.31
680326.31
675146.24
680728.27
680348.97
679854.27
679697.27
678993.29
678287.27
665965.66
666364.48
667373.48
663375.66
661813.66
661056.66
605852.60
625824.54
626156.54
626704.54
627129.54
629237.94
628900.94
619968.05
620481.04
617369.05
616653.05
460017.17
545112.91
544270.66
564012.08
565850.37
561005.36
575044.67
575146.68
577651.10
577193.45
577392.44
576838.68
579015.00
579134.68
582688.31
582672.28
554229.98
567880.62
568279.62
568409.63
565703.81
566417.43
563319.81
567288.60
566390.60
561051.99
561187.00
562571.70
562140.00
563312.61
562956.00
571417.14
571439.16
570766.99
571221.64
569356.98
569841.36
567667.98
567781.60
567289.98
521173.56
540729.49
541292.49
541886.49
542032.50
544501.98
543989.98
544238.50
534678.00
533369.82
533774.82
533935.82
534607.82
530969.99
511587.54
511712.34
516830.34
514045.35
514319.35
516524.87
516406.87
506848.53
506450.73
506471.76
505338.50
504338.50
504064.50
417514.01
418054.20
416128.01
416263.90
421295.19
420671.06
420019.06
420545.90
411518.99
412237.44
412768.44
413198.44
416846.57
416464.57
416290.56
406074.98
405517.98
404854.98
403511.98
404067.42
404191.42
404442.76
404607.43
405997.42
400764.97
401555.26
401857.26
404978.42
403713.26
403867.27
405164.21
405720.27
406243.58
406323.27
433088.33
432701.52
432828.20
433319.81
433406.20
436562.80
436096.80
436265.20
438621.61
438461.61
427229.51
441119.35
440971.35
440972.64
440489.35
441513.04
441091.04
438996.34
440304.41
440154.75
437383.34
437074.34
436997.33
436058.33
419844.31
423687.97
423611.97
423902.19
422300.96
422112.32
424100.93
423453.33
456660.98
457048.98
457531.98
458534.98
469445.78
466130.13
465151.13
464952.13
464411.12
446576.92
446564.89
447078.89
447588.89
442352.92
444265.81
444190.81
443681.80
439644.91
361907.88
363276.48
364383.48
367109.30
366906.48
371730.47
372423.47
369167.48
374002.69
373368.68
372607.68
351049.88
352607.80
353197.80
353732.80
353955.80
355005.80
363149.91
359857.73
359222.73
359160.72
359050.72
358826.71
358823.82
361423.19
340398.85
341154.07
341413.07
337256.85
337120.85
340490.29
340043.29
339851.29
334439.84
334669.86
335534.87
335708.87
336697.57
336616.87
330363.83
332338.52
331813.06
328691.83
331509.43
331147.42
326362.83
326155.83
328078.75
329894.75
336834.84
337333.84
337541.84
338481.84
339650.53
339560.52
339444.85
333685.76
344710.63
346056.80
341915.50
344947.95
344297.95
339434.49
339390.77
339606.77
349926.85
350014.86
347571.12
351117.81
350560.81
345007.12
344977.10
344747.10
344537.80
360260.98
360355.98
361139.98
356963.51
359296.07
358771.07
354483.51
353578.51
352964.51
352324.81
387645.44
388134.44
388855.44
388890.45
390776.75
390551.75
383441.29
384949.60
385126.60
379979.29
381282.96
377111.29
383739.46
383994.46
382370.11
381654.11
373169.28
372179.28
372136.27
371488.27
369954.86
538649.79
542592.40
542797.41
540701.80
551136.21
551598.21
552213.22
548221.84
548065.84
548050.80
549078.74
549036.73
549034.50
546359.09
530158.83
530531.76
534171.98
532777.76
533025.76
533432.76
534113.76
539466.30
539027.30
539037.95
537748.30
537472.30
522727.82
524045.41
525015.41
527143.25
527066.41
532679.52
532604.83
532038.52
531513.52
530943.42
514418.79
515263.62
512017.79
517864.90
516913.94
515953.92
515701.94
515529.94
515555.36
515611.37
515452.93
518351.09
505962.76
514723.40
515178.40
519022.95
510085.10
521482.94
521775.35
522010.35
522116.36
522650.36
524051.85
523746.85
523643.84
517909.92
521280.28
521270.23
520516.23
520375.23
520304.22
515919.19
518853.66
518527.66
518013.20
493782.66
522419.58
524977.18
525037.19
524887.59
518923.48
518774.47
523333.69
520941.77
516502.47
517243.64
517521.64
517834.64
513838.46
517003.14
516952.13
511501.45
511326.22
510453.45
510356.45
509602.44
509369.44
479371.62
480718.30
482186.30
482192.38
476023.53
499090.79
497605.87
498868.74
494842.87
499143.11
498726.11
498713.79
497961.07
491923.83
492020.29
492165.30
490841.82
496772.96
494957.07
494595.07
487367.82
464603.47
474477.85
474384.85
474297.84
475175.33
475013.33
472179.84
471142.84
459267.46
458865.92
456782.45
455779.45
454258.53
521083.80
526183.74
526032.74
525386.73
525014.73
524462.73
525192.81
530438.20
530207.44
530162.43
532175.86
532135.85
531815.84
527875.84
513703.09
514053.56
515946.18
510779.08
512303.76
513773.76
517819.10
518498.10
518860.10
516442.77
516606.77
527293.67
528657.28
525015.87
523776.87
523558.86
498759.07
498802.29
498813.34
499514.85
497456.02
498052.65
498933.65
494865.02
494658.02
496280.06
496123.06
495830.06
496430.62
497171.00
491834.01
491958.61
491106.01
490478.01
490423.00
490392.67
490868.86
488957.99
488698.99
488612.98
488545.98
164652.89
165662.71
166055.71
166706.71
166976.71
168028.71
186620.01
189921.95
189533.02
194828.31
194036.31
194021.27
193474.27
193263.27
180190.19
180162.17
180161.05
184148.15
177526.85
180336.61
179934.61
149968.74
150641.71
150827.71
151608.80
152343.71
152528.72
152804.72
160192.01
167447.18
165491.73
165216.73
164540.73
156802.73
160111.10
158841.62
158737.74
166278.54
164337.57
164527.77
162900.57
136757.71
175213.04
172294.46
174293.81
173030.67
177403.79
179084.53
178678.52
178525.52
175610.67
178644.50
178948.51
177790.68
178299.68
181770.27
180694.68
184216.34
160914.45
160711.68
161133.68
159467.44
158059.44
157753.44
157430.44
156596.44
117751.68
119530.49
120312.49
114108.68
144934.56
145185.56
145201.59
145388.59
145997.59
147015.52
147078.53
146850.60
146925.61
147082.39
147221.62
150411.79
149002.58
149147.62
137470.14
138310.26
138898.26
134340.14
134325.61
133682.13
137462.17
136514.17
136398.16
136390.10
131091.06
131154.90
130904.05
130014.05
129589.05
98929.53
98272.46
97911.53
97571.52
98957.12
99214.12
100681.12
108044.75
107025.29
106684.75
105795.75
105153.75
90199.51
92050.72
93168.72
93503.72
93781.72
94030.73
95386.86
95539.73
96406.40
96736.73
96776.74
97232.74
82968.49
84687.53
85213.53
85548.53
86396.53
92945.91
91514.91
76056.48
76290.34
77733.50
77611.34
78388.34
96120.73
96377.74
96994.76
97510.74
98107.74
98236.74
98351.75
102504.53
100354.75
103470.00
102717.00
102339.75
86681.36
95063.28
92717.89
91875.89
91073.36
112506.50
115022.76
114208.50
116059.42
115489.42
115520.55
115705.52
116014.52
116069.53
107746.49
107921.73
106224.49
106704.47
104236.49
104976.04
104814.03
103203.48
102645.48
102594.47
101953.41
107087.60
105500.28
105489.23
105287.23
47219.36
47013.36
50668.93
48623.06
50343.55
50204.06
58041.92
58089.93
58668.93
61769.50
60811.68
60709.68
54193.08
54204.12
56329.85
56120.85
55872.13
61097.53
58501.34
58493.28
58465.19
68196.25
68199.41
66089.45
64980.45
66249.29
63856.44
30172.05
56683.86
57475.86
51888.71
52263.22
50885.71
50664.58
51073.59
51843.59
48815.70
48745.70
51781.89
51686.89
50921.89
46443.69
45276.44
44762.69
44267.68
43733.68
42784.22
50540.82
50045.64
50829.23
47694.64
13170.02
13917.28
14661.28
17537.31
16960.28
20669.78
6533.02
6270.33
9970.16
9140.16
3182.01
3590.15
3831.16
4451.16
281.01
180.00
0.00
1599.00
2211.00
2370.00
2817.01
6701.75
6950.75
4711.01
9435.62
12068.70
11996.69
7275.02
7400.03
18909.11
19537.11
19594.12
16001.39
14744.39
14745.81
14855.81
13878.37
13739.11
13897.10
12954.07
13357.07
49204.95
52858.62
50938.95
55241.27
54596.27
54437.26
54304.26
54234.25
44246.16
44120.16
69447.39
67839.35
69585.64
69948.74
69017.92
71127.95
70717.92
64569.35
72893.53
73115.54
73607.46
70335.09
70170.09
72069.45
68572.88
59666.34
63298.86
62226.60
62138.60
56873.33
56740.33
31465.13
44622.72
44828.72
45169.72
45347.73
46724.53
41527.36
40055.36
38471.14
44907.43
45079.09
45084.82
42333.43
42085.14
42143.15
152363.05
153152.05
153237.05
154219.06
166662.74
166610.73
167642.29
167418.29
168084.65
164991.72
165165.72
163473.72
168289.90
167593.59
166753.59
161102.08
164513.33
164278.33
137265.65
137578.86
140477.83
139297.87
139410.87
142437.38
141794.38
142229.87
131983.64
132384.53
131099.64
141165.56
141306.56
141423.57
138731.41
138455.41
137250.41
126303.63
137334.39
138966.70
137994.40
138474.40
139074.47
138952.40
133760.38
133254.38
133083.37
132744.37
120497.61
168779.77
168782.01
170680.47
167231.58
167762.80
168324.80
168652.80
168839.80
169850.80
177787.79
178364.79
178975.79
180086.70
173853.80
179090.51
176775.79
176802.70
176255.81
182057.51
181471.51
181070.51
180325.51
154213.56
154909.91
155208.92
155509.92
155518.97
156330.97
159144.21
158725.21
148563.50
148396.29
147226.50
146829.50
146970.32
145163.50
96398.55
125485.18
121952.92
123238.25
123273.26
118848.91
127216.49
127860.49
125141.37
124367.37
124091.36
114046.90
113223.90
112417.90
112407.85
112351.84
112134.84
110513.64
126464.60
129099.09
122594.18
122429.35
121748.17
124106.54
119731.17
119365.17
119114.17
118351.64
161921.48
162047.48
162615.49
167049.12
170312.97
169889.97
169504.21
169651.21
165085.50
165561.50
165571.55
169394.50
168822.50
168676.49
168500.49
168341.49
168010.48
167736.48
154337.53
154805.40
155121.40
155969.38
155967.41
158449.77
158443.41
160725.72
160736.77
159789.45
163371.17
162912.17
145542.48
146073.38
146485.39
146621.39
146811.39
142790.47
141450.47
141190.47
139930.79
285289.97
285923.97
286252.97
290859.34
290175.33
290149.92
289176.33
289434.98
311144.95
312088.87
312863.95
312965.96
314305.00
313687.96
317204.57
317329.57
317562.57
317645.58
315923.97
317602.84
317354.97
317422.98
320224.20
320112.20
321385.97
320967.10
318978.99
322169.66
300254.02
305835.83
304684.83
303241.03
321258.53
322129.54
322372.54
317281.71
328313.43
328918.43
325766.08
324999.39
325626.39
323093.08
322938.08
322923.05
322895.03
311676.09
335810.15
335926.15
336206.15
336759.16
336901.16
337163.16
337397.16
342476.40
344244.44
343352.15
344058.06
340428.17
342693.15
342308.17
345099.61
326218.60
326140.59
325768.59
325699.58
325522.26
325358.26
324273.58
324156.57
324151.14
388457.15
387500.58
387546.57
391155.42
389577.57
390699.35
390537.57
390642.57
391782.58
393608.33
381284.56
381353.98
381022.56
382442.94
383467.94
377996.55
379099.28
379416.29
380247.29
381952.15
373996.55
383811.60
383922.60
384094.60
384446.81
381178.96
380290.96
380132.96
380110.94
368726.51
383316.93
384334.15
384526.93
380042.50
379890.33
379974.34
380365.34
377407.49
376616.49
361252.50
361006.10
363620.92
363213.10
357839.50
357784.49
358666.85
356478.49
212033.05
294405.35
295390.29
295264.35
295422.35
295556.36
298271.82
297927.36
303694.89
303759.90
305194.94
304893.93
300604.37
310085.67
310494.67
310706.67
311112.67
311224.68
311338.68
312352.04
305035.38
317455.94
318601.94
320882.32
310799.34
277309.89
278265.83
278493.83
274782.89
274765.86
275505.36
275724.37
273221.85
273880.15
274041.15
276059.39
275304.15
275765.15
276005.15
278447.08
277781.07
277753.34
277587.16
277625.18
278106.18
281390.75
281370.73
265561.79
265483.37
265487.50
265530.51
267295.66
266739.51
267135.15
267551.51
267965.51
270320.15
270022.15
260705.65
260199.82
260675.82
261328.82
261335.89
263309.67
263230.66
263060.66
256158.57
255437.57
254871.57
254820.56
254066.55
253090.44
511334.78
513089.84
513722.85
513073.78
513631.28
513446.28
513625.79
513696.79
514472.80
522204.07
521843.88
520382.07
519852.07
519763.06
519190.06
518767.81
518954.81
529599.25
530151.28
530902.29
527777.24
527410.24
527036.24
526360.24
526184.23
497403.01
579245.66
579671.66
579889.66
580023.66
581484.66
583468.89
583198.89
582777.67
593149.76
593238.77
593778.77
594702.64
594582.64
594490.78
597545.67
587844.68
594986.83
595368.83
595741.83
591899.79
591839.69
602489.29
605789.22
599557.29
599043.29
598919.28
598308.28
558274.21
595238.29
595403.30
595813.30
595969.30
596339.30
596343.43
597275.43
604216.99
604211.49
603025.99
602470.99
602304.99
601816.43
616795.03
618184.03
622815.71
622243.01
621690.01
608636.44
614182.06
613101.66
612710.66
611838.44
576179.44
580627.27
580331.27
580212.26
579734.26
537672.89
555555.75
557015.75
557043.76
549892.49
549262.49
549183.09
548284.49
547372.49
546994.48
546987.41
546976.37
545715.03
596053.98
596851.53
596913.99
598269.99
607472.53
607895.53
608214.53
608903.23
603922.60
603406.60
603171.99
609654.66
608447.66
608331.65
608190.65
584031.02
584630.69
585413.70
586703.69
587135.31
580558.02
580339.56
580709.57
580744.58
581501.13
581437.58
581682.83
581733.59
581847.60
582594.60
587226.28
586765.27
586745.78
585914.27
585538.27
585656.61
573255.97
571944.97
424211.59
424156.58
431814.60
432900.11
432764.61
434337.45
434059.61
434250.61
434764.61
435327.32
428272.52
435011.32
431097.52
431168.53
434462.67
432519.53
444519.74
444804.75
445181.75
445657.75
445693.76
448522.79
448092.79
438080.55
442414.94
441207.16
407348.54
443124.64
438000.21
438030.98
438065.00
439322.07
439185.07
439171.01
439879.36
441198.01
448452.70
446568.69
446347.00
446109.69
446000.68
445473.68
444944.68
430195.17
432561.53
431599.12
428788.17
428575.46
426095.17
426219.32
424825.17
390146.49
389429.48
389520.48
387362.49
387367.64
389152.71
385344.44
384942.44
384809.43
386727.13
382482.43
382011.06
382358.06
387713.80
388484.80
385552.06
385598.07
386316.73
386364.07
392663.05
391333.80
390921.80
390806.79
390269.79
389827.08
403745.68
404049.69
404160.69
404434.69
404590.70
406240.36
406303.37
405867.71
406719.07
406964.71
407883.62
407646.71
407655.77
396209.16
404262.77
404274.81
402820.94
401852.94
400592.21
431223.20
432462.20
438592.16
438355.96
438359.13
437613.00
438071.67
436398.36
422610.63
437749.00
438857.00
438907.01
434284.45
433770.76
433993.76
434278.76
436589.66
430785.45
430430.45
430258.44
415338.40
430891.58
431314.58
433245.31
427231.10
428902.27
428840.26
428700.26
425290.08
424327.08
423301.42
439099.98
439230.98
437618.88
438666.10
434462.88
434437.86
433755.13
433224.86
435747.49
431188.86
431233.45
494144.40
494529.40
502846.47
503632.47
503879.48
503917.49
498319.42
516981.17
518659.80
520406.80
513448.13
513151.98
513300.98
513954.98
511231.12
511272.53
510867.12
512079.91
509648.11
508734.11
507853.48
532036.73
532653.73
539431.40
539848.40
537772.76
537599.75
537593.67
538782.77
536376.82
538017.10
537963.35
537607.83
538985.56
539469.83
543964.28
543850.86
543229.28
542997.28
519702.59
529861.21
533588.19
526518.21
525804.21
462502.64
503227.03
508356.40
508885.40
509687.40
506294.04
511342.43
511610.27
510077.43
509579.43
509165.04
510537.16
494827.69
494602.69
500867.51
498584.16
498854.24
498172.34
498345.35
490419.68
489965.68
489733.68
490098.69
490916.69
487441.67
489826.98
485304.67
484588.67
484286.67
482816.67
619239.21
619591.21
620017.21
620066.22
622851.02
622651.02
622128.01
622629.22
622810.23
623732.82
613218.29
689660.36
690381.36
691629.65
691371.36
691502.37
691578.37
694633.04
682301.26
682637.14
682941.14
683242.15
683698.15
686484.94
686194.94
686311.15
686369.16
691635.31
690397.31
689263.16
698424.65
697278.95
696796.45
696052.95
695178.95
669968.24
691097.40
693425.93
692595.91
692896.91
693581.92
695810.33
694986.92
695755.43
695720.42
685375.38
689197.05
682690.37
681712.37
659073.21
660576.45
662020.45
662927.99
662637.45
662976.27
662957.46
663261.89
663419.47
664046.47
653864.17
659565.37
658800.37
658409.37
657764.37
650807.37
656757.18
656692.17
656306.17
655756.17
571778.16
572275.53
572352.53
573826.44
574065.53
578353.94
566421.15
597683.04
605609.03
606195.03
606699.03
606981.03
601382.96
601686.96
611676.99
609058.04
607886.04
607729.04
588303.03
588277.61
588363.62
588536.62
586828.02
591634.08
590819.15
590190.15
590169.12
589776.12
583040.99
582694.99
550645.88
565960.99
566216.00
561035.31
559744.31
559294.31
559250.29
559012.29
558386.29
557538.90
563943.37
563352.37
562726.37
561424.90
728872.74
739297.19
749656.63
746673.21
746078.75
745753.21
747325.84
734538.74
736489.01
736535.75
752298.95
748335.00
749383.40
745897.00
744953.00
744809.99
744670.99
744117.99
744053.76
775782.98
775810.00
777535.00
783058.22
783703.22
780030.00
783211.63
765672.40
766827.79
767831.79
768121.79
771068.48
759964.40
759544.39
698331.34
698842.62
699380.62
700553.62
701205.58
701069.63
701645.81
701579.63
703408.00
703588.63
707451.13
708233.40
705616.64
709607.98
707405.64
709646.29
709182.64
714110.46
712950.46
711952.65
717173.42
717530.42
714868.58
714789.65
718708.91
718268.91
717343.65
723880.25
723471.79
723199.79
722671.79
722030.79
721183.66
728848.75
729925.47
730664.47
731021.47
732689.26
732592.26
732339.25
725062.72
730197.97
730377.97
732062.08
727587.73
737390.26
737559.26
735392.71
734614.71
734004.71
733940.70
663258.22
669783.49
669542.95
668659.49
667874.49
667406.49
659831.22
664685.74
663923.74
657077.22
658254.58
658849.58
659407.58
660636.58
652571.21
652109.53
652725.53
650115.21
654228.92
653936.92
654840.73
654756.72
652594.91
646862.20
646124.20
645145.10
646919.10
647415.10
647508.10
647632.11
648533.11
654347.34
654688.34
654843.34
654886.35
651146.13
655491.22
654373.58
654004.58
653680.13
661523.34
661895.34
662268.35
659153.85
658448.85
657781.13
665746.69
665949.69
661054.14
712874.87
713183.87
713265.88
713850.88
715649.83
715450.31
715156.88
715289.89
716169.89
722943.89
721574.73
720542.73
719839.73
704236.51
705050.73
705087.74
706067.75
710231.97
710164.96
709740.96
709398.96
709106.76
716811.80
716866.81
715555.99
715413.99
715318.98
714355.98
694389.46
694490.77
694504.81
694837.81
695407.81
696072.83
690683.42
694561.62
694475.61
687715.42
687263.42
686798.25
740930.15
742248.15
744455.21
744027.15
733631.78
734292.31
734439.31
735118.84
735100.32
735557.37
735859.32
735958.33
736525.33
736721.33
729702.76
729411.75
732253.66
732653.66
730767.70
730999.71
731194.71
736371.52
736443.52
733742.72
735980.53
735698.72
739167.78
738793.78
737941.72
740048.82
739419.73
719126.73
719511.22
719560.23
720425.23
720584.50
716283.72
719592.29
718859.29
713176.72
713060.32
714337.32
715039.32
715225.32
718087.66
716554.33
720680.53
720775.54
721867.71
721712.54
721903.54
722112.25
718953.34
719278.34
720487.25
719929.35
722401.02
722269.01
721973.35
722340.40
722317.38
722262.37
722529.39
737669.23
737782.23
738138.23
734386.17
734334.16
734153.95
733935.15
733934.35
732084.15
731056.15
730300.15
730375.41
736620.98
736473.97
735516.97
735148.97
733962.42
735685.42
736706.42
736756.43
738444.20
738079.20
738569.43
738651.44
740744.21
740513.44
740552.45
742998.58
741629.45
746205.75
745232.75
744209.46
749206.85
748901.85
748588.84
747709.46
749227.46
750451.46
750595.46
751197.46
751611.47
752984.47
