97116.42
96025.42
95773.42
95459.42
94820.42
94704.42
94697.34
93300.34
94254.14
94346.15
94448.15
95211.15
90859.33
91541.66
89164.33
92445.68
92351.48
91898.67
91709.67
86473.32
85448.32
84325.32
84550.63
86218.69
82215.32
81959.31
86516.59
84296.73
79157.31
79116.30
78151.30
77030.30
78277.15
78919.15
79095.15
74362.29
74213.49
76489.67
76768.67
75951.49
78926.42
78216.50
83142.92
80945.84
80974.50
85397.50
84748.50
84679.49
83912.51
87824.16
88118.16
86184.93
61961.27
61836.37
62060.55
61181.27
60677.97
58952.27
58505.26
57576.83
56090.26
55937.26
55277.26
54778.38
54937.38
55097.39
53755.25
52507.25
50960.25
51735.40
52053.40
54718.98
54534.40
56830.87
56305.40
56574.40
56578.53
81313.89
82533.78
82029.89
86506.88
84045.89
78485.33
90866.69
90893.71
92318.71
95694.78
95012.78
84166.68
90947.43
91039.43
89369.67
88700.67
69137.57
75507.22
75738.22
74201.13
73368.13
29416.08
29576.84
29914.91
30106.85
30828.85
34995.50
24940.07
26049.08
27097.08
29238.10
28838.10
29488.08
30319.49
30329.09
33609.54
32339.21
32804.09
37064.91
35806.09
39946.13
39931.10
10587.03
17177.92
16994.92
17467.70
17381.37
17616.37
17777.37
14880.91
14629.91
14364.90
6660.01
6986.72
3640.01
3523.00
5914.97
967.00
736.00
0.00
861.00
1077.00
2108.37
2294.00
2944.10
4158.01
4299.01
4338.02
4564.02
12794.56
12287.56
12005.55
12108.46
10896.55
10313.55
9313.03
15954.63
14908.63
14776.27
13174.63
12839.04
13608.83
13369.05
13375.13
107017.21
110978.42
112577.83
112302.83
112276.43
112576.43
109890.22
114303.51
113441.51
113031.50
113021.45
112689.27
119939.71
120249.37
120219.27
118398.70
117445.70
96931.61
97315.94
99068.43
98634.94
99095.24
99172.95
100064.13
99953.12
101287.95
101306.98
118047.60
123604.05
124100.05
120549.08
132476.49
132527.50
132880.50
132922.52
129494.71
129360.71
129006.71
128628.22
128331.71
127501.71
127183.70
109996.02
113064.06
112126.02
122317.88
122348.90
121007.01
121207.14
121413.14
121685.14
119775.00
120173.06
119354.00
118279.00
118151.99
118102.98
118067.97
117602.97
117244.09
128671.03
129893.27
130597.04
130820.04
134257.92
122806.09
126485.81
125282.09
128977.68
128965.64
127877.14
138855.43
138355.15
136437.43
135369.43
60152.41
85530.04
88118.87
87449.04
87453.17
87494.18
88183.23
88428.18
90901.11
90956.18
96196.77
96058.77
95989.09
95520.76
95391.90
95395.06
94366.75
94320.74
94074.21
94636.21
97933.93
72445.58
103208.21
103478.21
106108.40
105577.40
106213.22
112195.12
112334.13
112450.13
113377.13
109215.23
109904.44
109871.43
110134.24
113836.94
113659.93
112582.25
113181.59
113138.25
121619.96
121886.96
121888.37
122113.38
122348.37
122573.38
124905.83
117394.68
87505.05
106215.25
106239.27
106325.28
107512.28
102200.15
105582.50
99802.15
99693.15
99664.13
99523.13
98318.73
97173.12
96413.11
102217.74
102194.72
102744.46
101289.72
100498.72
99538.13
142737.24
142839.24
143215.24
144045.24
145878.66
145485.66
137329.34
138549.74
134388.34
151530.26
151650.27
152512.99
152601.27
152964.75
149056.19
151665.26
151277.26
151117.01
150590.97
146700.18
146417.40
145708.18
148271.43
143501.18
125344.32
124370.21
124838.21
126038.39
126779.21
120834.32
120727.17
500839.20
502644.48
501989.20
502147.20
502265.21
505304.31
504849.21
525861.95
526743.95
521653.30
522438.04
523160.04
519575.30
520133.90
517014.30
520222.11
520056.11
519868.11
519721.10
519307.10
515186.23
519030.21
517984.23
526087.07
523784.81
523763.79
523115.79
522177.25
530475.16
531065.16
531317.16
533189.19
532704.19
525832.26
534460.72
534962.72
535052.73
535893.26
529556.27
564637.59
564866.59
564974.60
565975.60
560723.24
568586.84
568546.06
566120.83
565585.83
565498.83
556384.23
555881.23
557521.34
556812.69
556848.71
557791.71
560907.95
560616.09
559733.71
551265.21
551005.21
549774.58
549172.21
548414.21
546963.31
596872.98
596874.39
597863.40
599821.28
599592.28
600514.40
601798.12
601588.40
615719.54
613592.78
615768.27
615901.28
616332.28
614712.12
617794.25
617493.23
617241.25
616745.65
616368.25
616318.14
617837.64
617635.63
617330.15
608578.44
624707.53
622139.87
621808.47
621271.87
630002.65
630080.66
629041.30
629479.30
631727.77
624899.23
626252.59
616377.45
616399.20
616402.54
619816.91
619025.49
571011.87
668382.09
668916.09
673300.44
672587.44
671893.09
663328.29
664751.88
664776.90
665322.91
665953.96
665968.91
666787.91
666948.92
667291.92
686973.13
683544.99
686784.54
687272.54
687571.28
685159.85
685181.87
681189.96
680598.96
680166.96
680195.55
680396.55
679015.95
679153.79
678167.95
677550.95
649037.21
672923.75
676187.94
676586.94
674785.75
675525.75
678149.25
677771.25
677443.76
681384.97
680090.17
679992.17
679910.16
664837.38
664521.37
664430.10
663447.37
662966.01
661389.37
637055.19
672617.65
673152.65
669420.00
669734.25
668327.00
669125.38
669511.38
666219.00
669388.95
669228.95
669080.95
668763.95
663530.99
668815.24
668614.23
668246.23
668034.23
667783.23
667145.23
659777.98
662342.84
661569.97
657472.98
656202.98
619342.01
640473.98
640475.39
640837.39
636588.77
641114.44
638757.86
634110.76
633998.76
633710.76
633338.76
632973.76
632852.75
633414.47
632026.75
631094.75
629692.45
752414.58
753650.58
765862.09
766672.09
766712.10
766774.11
767899.44
767880.42
759984.57
760764.79
759359.64
768616.35
766158.46
764973.46
763983.64
768981.65
768653.65
768535.64
767667.64
766819.65
785501.61
782322.05
783023.23
780389.05
780427.42
779883.04
780065.55
780113.56
777576.03
779207.22
778194.81
775767.67
776141.67
796240.14
796516.14
796692.14
796813.14
797115.15
797842.75
798013.15
792122.32
796392.44
795221.67
795240.34
794226.66
789063.32
788027.32
787727.31
716054.53
716064.30
719571.27
719664.28
719734.28
721410.40
717912.31
719973.12
719226.31
719461.32
722731.16
722233.16
721779.32
725462.09
725189.09
724697.32
736804.34
733015.70
732327.04
732824.04
730552.70
730380.32
735372.01
734424.32
733525.01
698644.49
698793.23
699153.24
699260.24
699361.25
705025.90
704943.89
703575.89
693958.47
693306.47
692227.47
310643.58
419558.10
418298.63
419243.67
419369.68
419560.68
421821.51
421309.68
421945.68
422020.69
422055.70
424756.93
424046.70
430268.89
430180.36
429944.88
429677.88
429278.88
428916.88
428273.87
427999.87
428319.72
432818.30
431345.72
405016.58
405330.14
407193.49
407594.14
413316.87
413386.88
412404.69
411638.69
411920.15
416279.44
415475.44
395207.56
396618.07
396644.09
396909.10
398125.10
405656.01
404547.98
407293.24
402184.10
387767.54
388994.67
390161.67
393737.04
393516.04
393458.03
382218.52
388116.17
387953.50
387395.17
388848.34
385568.17
378935.52
379553.21
380058.21
381129.21
382163.06
374645.51
382143.75
379627.18
379592.17
379182.17
378902.16
370511.49
369286.63
368992.49
368839.49
368835.66
370339.77
370589.66
366780.43
366114.43
366087.41
364903.80
501336.05
501565.06
502519.06
502647.06
503154.06
521807.91
522941.91
528030.73
525384.91
527459.85
527176.91
527347.92
529949.17
512099.07
522333.22
521511.88
521515.04
521579.05
522128.99
519808.79
519455.79
518948.79
518148.17
557840.55
557948.56
557967.58
559342.58
559363.61
553013.33
553328.91
553350.94
553493.94
553853.94
555463.41
555594.94
561396.85
561138.84
560923.80
560622.84
560464.84
559974.84
559302.95
559359.96
563681.17
562637.17
543897.27
543632.27
543386.62
545104.28
541299.27
547636.15
547325.70
547376.67
546643.70
546759.46
546825.75
545383.70
545200.69
537325.30
540952.19
459589.14
460895.16
461982.16
465793.52
465095.16
477752.10
476863.62
475339.10
475813.98
473683.09
473674.04
472933.04
447539.07
448888.99
450330.99
457673.45
455589.89
459275.37
453890.99
453978.99
456052.76
455862.76
439096.05
438777.05
438790.12
437142.05
436744.05
437976.08
437672.08
437450.07
437446.71
434733.03
434706.01
434358.01
433816.00
432384.18
899462.16
899579.17
903230.84
903079.38
904269.64
902076.17
903028.80
903279.17
917722.25
918380.25
919257.25
919309.26
919572.26
914864.21
915215.68
916244.29
911773.20
911667.20
911104.20
910594.20
939664.61
940810.61
943203.61
942709.61
943357.61
951175.67
947852.43
948070.38
946985.62
947006.64
950437.78
950415.76
950128.29
948904.75
948887.67
949295.67
950051.44
949838.44
950136.68
951411.26
924249.27
951178.95
951736.86
952398.86
955945.91
955520.91
954882.86
947028.95
958319.65
961730.83
954984.97
953756.97
953658.96
940984.94
940120.94
939442.94
938632.94
860231.46
940043.39
941158.74
941000.39
942174.39
952637.54
950457.30
950460.13
949522.30
949593.11
949513.11
949376.10
949249.05
949596.05
948035.41
948311.41
957402.72
957485.73
957944.73
958225.73
958438.73
960454.96
960041.96
960207.73
953130.43
953243.43
958727.91
958312.90
957376.90
923167.39
923653.37
923831.37
925153.89
925221.37
925945.37
930693.28
930206.27
929782.27
929789.98
929243.26
929233.13
928665.39
930241.60
930954.39
941101.12
942937.41
938886.70
943485.76
941713.56
941445.56
936143.40
936230.40
939411.73
907268.36
906695.35
906817.15
905763.35
906983.61
906709.73
906831.74
904282.34
903899.34
904674.08
902121.34
901788.34
901441.34
820482.34
950660.23
950928.23
951436.23
951702.24
954675.26
954273.26
954054.24
954466.24
959943.89
960169.89
958813.33
958291.33
957602.24
966081.32
966485.33
964652.04
963637.04
962258.25
974572.13
972067.50
972558.34
970816.50
970124.03
969421.50
968972.50
930135.89
955682.18
955889.18
954764.27
957427.96
958478.56
956226.44
961191.64
961182.59
960693.59
960593.58
960435.58
960331.57
959905.57
959536.57
959944.51
972607.75
972623.78
971508.96
971358.96
972917.83
972621.83
969553.96
968579.95
968368.95
967959.95
942905.00
947148.86
946843.86
946817.84
946608.84
946365.84
946355.79
945426.08
950563.78
950391.77
949864.77
911310.69
945101.57
946132.57
946912.58
947048.57
948117.21
948705.57
953710.88
952578.03
951745.88
951802.57
934950.87
934980.86
935209.87
935647.29
935951.87
935976.89
932784.84
936276.12
936142.12
930293.84
934051.67
933749.30
933629.51
933822.51
932346.30
927439.76
927532.76
934563.80
932832.80
932294.80
931976.80
891522.61
893076.70
888357.61
886719.13
886210.61
886161.60
885804.60
885673.59
756076.02
756338.99
756625.99
758586.47
758651.99
758792.99
759977.57
759880.57
760139.00
772239.08
772417.08
772560.08
773250.14
770171.59
779906.04
780438.04
780712.04
781330.04
782315.57
766000.01
777241.75
777357.75
777671.75
778527.20
774602.15
773530.15
772811.15
772221.02
792531.10
788955.81
793730.92
796175.27
791359.23
791484.23
796148.36
795185.36
782864.80
782419.80
730010.97
801946.93
802389.93
808526.43
809910.11
805604.93
809155.84
807499.32
807627.94
816119.77
816508.77
816655.77
817607.36
813672.38
816263.27
816104.27
812068.95
814791.73
813993.95
818153.45
817749.45
817726.43
817131.43
816491.98
825786.15
825550.57
823974.15
823242.15
822687.15
822398.15
781073.13
781536.72
782341.72
783704.57
777513.13
777620.93
778074.93
782152.75
780074.93
782274.60
782272.85
782001.94
771746.11
772598.30
769138.11
773533.10
773615.11
774393.11
772244.13
772215.12
765738.09
694196.86
694448.54
695757.20
696598.54
696736.55
700291.96
699515.55
699644.55
703451.30
703078.30
685403.85
686905.27
688188.28
691021.11
679714.85
692007.00
687897.24
692253.78
691590.78
691470.78
691030.77
685190.09
691801.77
688172.32
688170.08
670869.60
670052.60
670396.33
668732.60
667534.60
666933.60
665723.17
667343.17
668394.18
668508.18
668548.19
669019.19
677260.95
677305.96
677757.96
675729.14
675494.14
675249.13
675827.10
673493.13
673731.21
696872.30
697090.30
697631.30
698672.00
699062.30
701854.33
701642.31
706054.40
704972.21
704596.31
708064.73
707661.73
707604.72
707963.89
707925.14
706488.71
706443.33
684781.25
710500.17
710968.17
711062.17
711811.18
715719.29
714715.92
704895.75
704382.75
705602.50
705539.79
705877.79
702237.75
702344.04
701174.74
704521.51
704483.71
703088.51
698474.74
698044.74
697493.27
703502.13
703497.03
702472.03
702060.03
701299.03
700592.38
712006.46
707052.73
706706.73
706456.73
705687.38
823237.60
824631.71
825529.71
830547.63
828268.71
830068.93
816084.60
816085.53
827377.16
828203.16
829010.47
829009.28
821183.66
825351.72
824114.66
837092.21
833318.11
832191.11
831826.40
831827.81
830821.70
830803.67
830346.10
834397.04
833992.04
799007.02
798999.94
799909.39
796957.94
828202.23
828325.23
824682.93
841841.79
842298.79
842830.79
838864.63
838849.60
842124.44
841965.44
841834.44
836111.59
841641.79
840300.79
833099.82
838642.14
837653.14
836437.82
837481.59
812068.01
833951.65
834687.65
829555.64
829664.45
828842.63
828674.06
830129.31
826230.63
830486.90
823012.63
822830.63
771337.87
771748.92
771867.92
772520.92
773336.63
767354.86
766172.63
765182.86
764498.14
1269549.90
1270357.90
1270416.91
1270537.87
1266097.02
1267331.91
1267464.91
1267687.92
1268357.92
1271263.46
1270894.45
1271126.92
1274622.19
1273487.92
1294010.60
1294186.60
1294387.61
1295061.61
1298134.83
1298058.82
1297942.61
1306275.39
1306335.39
1304786.82
1303868.82
1283375.94
1291199.44
1290974.43
1291138.51
1291137.55
1290071.40
1288814.40
1287405.98
1349606.58
1349867.58
1350313.58
1351367.09
1351570.59
1351666.59
1355598.19
1354347.92
1354068.15
1353716.60
1354857.60
1355103.60
1358983.09
1358089.60
1362764.10
1361461.60
1396201.63
1396447.63
1392337.11
1393155.55
1390171.11
1390778.78
1390970.79
1391067.79
1391418.79
1388269.10
1388275.25
1392599.58
1392591.06
1391632.56
1385138.03
1384652.03
1385248.22
1385141.19
1385184.20
1382580.01
1383256.90
1383016.89
1381187.01
1380284.01
1379966.01
1378461.70
1317815.12
1325575.86
1328533.57
1328459.56
1327827.47
1327692.87
1327829.87
1321559.13
1376738.06
1378153.06
1378517.10
1378736.06
1386487.92
1385478.92
1385606.61
1384861.91
1384714.91
1384415.91
1384422.22
1383765.91
1383752.87
1383662.86
1383133.12
1367132.45
1368035.85
1368614.85
1363777.45
1366462.04
1367554.07
1365166.02
1371498.56
1369960.56
1369573.56
1358966.43
1358760.43
1361052.47
1361411.47
1361569.48
1361578.53
1359901.78
1359948.79
1365129.51
1363365.48
1362988.48
1363090.80
1365427.35
1364338.80
1367102.63
1366717.63
1349308.35
1348896.35
1348794.35
1183732.62
1389965.16
1393178.59
1392178.16
1392506.16
1403398.96
1404684.45
1404687.83
1405033.83
1405172.83
1400863.96
1401396.69
1398989.95
1398888.95
1398723.10
1398289.95
1398320.19
1398394.05
1398509.20
1400105.39
1400097.32
1399839.32
1399709.32
1399642.31
1399501.31
1399857.28
1400693.28
1455916.30
1456739.30
1457309.45
1457697.30
1457801.31
1466311.02
1467143.02
1467221.03
1461333.31
1465729.49
1466008.49
1463186.32
1469679.75
1469654.73
1472396.71
1472161.40
1471697.40
1471695.16
1471413.16
1466561.58
1470415.84
1469415.17
1469514.58
1494436.92
1495052.92
1495717.92
1496458.92
1503000.48
1499421.92
1499584.93
1487426.23
1486881.74
1485488.23
1485589.81
1484816.22
1484686.22
1484215.22
1483930.22
1483140.22
1427790.59
1490641.04
1490757.05
1490921.05
1491863.05
1493862.18
1493412.44
1493409.28
1493774.22
1498410.16
1497916.16
1497427.16
1496878.22
1505627.57
1506246.57
1507393.57
1507779.57
1508774.47
1500951.22
1507739.99
1507473.78
1506844.99
1506111.99
1504888.23
1508976.23
1470482.86
1495008.61
1495248.61
1496255.61
1491019.47
1491707.64
1492220.64
1492513.65
1493349.09
1488181.46
1487514.04
1487999.04
1488091.05
1485832.46
1485225.46
1484922.45
1484956.53
1484147.45
1483855.45
1483690.44
1458533.81
1459592.45
1459556.43
1459553.27
1459265.99
1477512.70
1478083.70
1474548.36
1473992.36
1474995.66
1472161.36
1471330.78
1470566.35
1469801.35
1310757.45
1358911.45
1360955.29
1360108.45
1363696.05
1362724.69
1362721.52
1363329.61
1380755.17
1380776.19
1381448.19
1381457.25
1383541.36
1376231.93
1376529.30
1377134.30
1377526.15
1372834.92
1372600.92
1373080.93
1372020.70
1345226.40
1344642.67
1344794.68
1345237.68
1346013.68
1347140.36
1341206.39
1341618.97
1341698.97
1339139.38
1339052.38
1340762.21
1340705.20
1340370.27
1337162.36
1336458.36
1336215.36
1286622.98
1415938.95
1416307.95
1420489.33
1418146.95
1418380.95
1418525.96
1419210.96
1422602.45
1421864.96
1426840.40
1427174.41
1429043.40
1424535.96
1427953.97
1426115.96
1432214.49
1431104.49
1430745.49
1430297.49
1400388.92
1405464.30
1404507.30
1404498.25
1404068.25
1403941.24
1397598.85
1412493.09
1413360.09
1418081.34
1418309.34
1415537.10
1419519.67
1418939.67
1418509.10
1404602.45
1431946.23
1431891.15
1432643.82
1429351.15
1429612.23
1428120.14
1428143.76
1430228.84
1429917.84
1429747.84
1429583.84
1430002.78
1431455.16
1431372.16
1424640.12
1427563.58
1426940.58
1422814.12
1424093.88
1421698.11
1421321.11
1420202.11
1376540.79
1377510.02
1377587.03
1377619.04
1378258.04
1383612.79
1380786.05
1381493.99
1381315.99
1381934.05
1370861.74
1380039.97
1379743.20
1378207.97
1377673.96
1377272.96
1377031.96
1365873.73
1366815.80
1366906.81
1367441.60
1367459.84
1367709.84
1368520.76
1369269.84
1361552.70
1362836.76
1363268.76
1364431.76
1372549.38
1373479.38
1369195.15
1368731.15
1353928.69
1357577.70
1357302.69
1357177.69
1351040.68
1016483.95
1036000.83
1036445.84
1036476.85
1039108.77
1031450.76
1037014.24
1033856.04
1033880.06
1028725.74
1027508.74
1026174.99
1100288.27
1100804.27
1102710.99
1102931.00
1103022.00
1101855.28
1109479.83
1110872.83
1105029.28
1115811.61
1116851.61
1119146.30
1110101.29
1110734.83
1110754.29
1122832.52
1120681.25
1120646.24
1120860.99
1119111.24
1120931.57
1120426.57
1120055.60
1120747.60
1116954.31
1118262.11
1081214.51
1081350.89
1081683.89
1082101.89
1088718.59
1088856.60
1086988.46
1086446.45
1087211.83
1087207.47
1085733.90
1086157.91
1088165.78
1087923.78
1073925.49
1089554.16
1090180.16
1092515.44
1085329.62
1084507.08
1083290.62
1082686.62
1066193.48
1065737.06
1063462.48
1063013.07
1064222.07
1064381.07
1064487.08
1065120.08
1067515.21
1067505.08
1074975.61
1075113.62
1075243.62
1075494.62
1075505.67
1081119.28
1078226.71
1071273.14
1093459.70
1098838.01
1096015.71
1096129.71
1099703.04
1099325.83
1098186.04
1088014.70
1098471.72
1098729.47
1098705.06
1098747.08
1101008.33
1095503.71
1094448.71
1082647.17
1096585.68
1096939.08
1094619.68
1095101.96
1093197.68
1092824.68
1092802.66
1093769.11
1093967.19
1094027.52
1093405.71
1094371.24
1094099.24
1090393.64
1090229.64
1090013.64
1090044.23
1095211.25
1094833.25
1094876.96
1095321.96
1093205.25
1092993.23
1145943.39
1146004.40
1146263.40
1142614.92
1144356.45
1138972.92
1139736.41
1140261.41
1135993.91
1136702.31
1137490.31
1141602.70
1141002.69
1141122.21
1139835.69
1139713.69
1131590.90
1137689.84
1137246.84
1137490.46
1135349.84
1128088.90
1127739.90
1130433.86
1129146.78
1129619.78
1125072.89
1129165.57
1127416.33
1122296.89
1120759.89
1119033.27
1235991.71
1236761.71
1237099.71
1238197.71
1246956.28
1249221.90
1249151.28
1249203.29
1251430.38
1242568.72
1252334.62
1248772.74
1248385.41
1247064.74
1247313.73
1266762.43
1266139.88
1267480.09
1267004.89
1267829.89
1268547.16
1263235.42
1264280.66
1263961.66
1263780.82
1262227.41
1262359.85
1262536.85
1263379.86
1263790.01
1259512.40
1262890.63
1262561.63
1262190.62
1257167.76
1261520.91
1261320.90
1208497.62
1244035.41
1244576.41
1245154.58
1245126.43
1245457.86
1245462.47
1245558.47
1246305.47
1251481.21
1251182.75
1254021.49
1253433.49
1249241.48
1250454.14
1250257.48
1236007.95
1238548.06
1238372.05
1234352.95
1234425.84
1234797.85
1234936.85
1231998.94
1235917.43
1236598.44
1234010.41
1229167.94
1227803.94
1227826.33
1226853.93
1226843.88
1225991.60
1231698.65
1231313.65
1230400.65
1230228.64
1187799.46
1189022.60
1190257.60
1190324.61
1184972.45
1190858.65
1190776.65
1189772.65
1181554.44
1181180.51
1179881.44
1179438.44
1181364.80
1180783.80
1177070.43
1176832.51
1199972.51
1200553.51
1201141.51
1196489.05
1196090.28
1196109.31
1196523.31
1193602.02
1195403.09
1195323.08
1191520.01
1191195.15
1190171.01
1189472.01
1188117.55
1213572.31
1208362.06
1209319.47
1205116.06
1214394.59
1214760.59
1215461.59
1212723.26
1212307.25
1211461.25
1211443.23
1211041.22
1200044.03
1200006.60
1201108.60
1201165.61
1201976.61
1205040.69
1203394.61
1206373.23
1206026.23
1205878.23
1205513.23
1205339.23
1205583.62
1211599.09
1211684.44
1210102.09
1209939.08
1209305.63
1211133.59
1210973.58
1210597.63
1219145.96
1219871.96
1217011.95
1216807.94
1216240.94
1215280.64
1224693.60
1224552.60
1223203.86
1222399.59
1222045.59
1221454.59
1220050.66
1220964.66
1221673.66
1221901.66
1223111.66
1226678.09
1226140.09
1225688.66
1230150.58
1229025.94
1228874.94
1228636.67
1229008.67
1229084.68
1235799.34
1236151.34
1236403.34
1236586.34
1237007.34
1238311.19
1238125.19
1233553.69
1234708.52
1234602.69
1235610.31
1235499.30
1235742.70
1236187.70
1236376.70
1238790.03
1238330.70
1247816.95
1248441.98
1248342.98
1248580.26
1245615.94
1244864.80
1243792.94
1243782.89
1243574.89
1243896.76
1248209.37
1246835.76
1247270.77
1249547.20
1249742.77
1251301.77
