582245216
622171522
204407279
684893041
36443271
450759243
966255992
99400986
645426659
587548450
389292003
360204613
900453570
966034211
192056127
841336570
389941582
697459254
967201128
324671562
374193683
698155371
458831591
472861507
700446491
166869988
889774340
312983269
616897811
22432221
851444175
587738166
621771806
727695529
208437743
671574957
562840777
845024394
396867683
77746408
252877198
629880989
694301673
494754416
651610325
110938779
724473253
619784819
287665077
291258594
580353487
870843997
302779752
880640121
406038070
349701692
365466522
694841289
406544693
350158210
584769892
143599796
936545448
148984054
424121884
371378754
925665123
90968350
923006468
651235814
651235814
335021046
365313630
833865334
569033259
166730721
372364571
878159394
230741075
661498655
859111262
859111262
513130997
45364755
296081655
463409019
292527885
16690159
628185443
113922210
563226103
971992242
680045809
798087211
705717532
633213576
891687534
774015771
637656457
52258678
749594582
