9024870703953073
9024869500970415
9024871127146926
9024869699899893
9024870696848702
9024870466829645
9024870280462964
9024870501191516
9024868994058706
9024869329473043
9024870274969474
9024869821322217
9024870754189596
9024869557063421
9024869941030421
9024870837898861
9024869760235943
9024870693040550
9024870923960373
9024869439086397
9024870583150429
9024871124160410
9024869780246909
9024870307864530
9024869492992997
9024870615457630
9024868959455277
9024870389478499
9024870189954229
9024870754544858
9024870340176629
9024870672010162
9024870155088956
9024870757340679
9024869878721259
9024869898192747
9024870459844841
9024871336827113
9024869311936205
9024870405687821
9024870230462064
9024870914431201
9024870766004256
9024870254295750
9024870071473660
9024870782206976
9024870775624670
9024870418614729
9024870256813401
9024870641771158
9024870342110112
9024870338248236
9024870754744194
9024870188882404
9024870195828835
9024870354687348
9024870883646087
9024870224897736
9024870506797243
9024871198815185
9024870729967437
9024870397818939
9024860149275738
9024870900324675
9024871060964490
9024871015022841
9024870269010202
9024870444651830
9024869946042286
9024870313770093
9024870943555916
9024870257901942
9024870204300642
9024870289116905
9024870878065929
9024869554336447
9024869694757947
9024870318177233
9024871013884286
9024869820957315
9024870257858742
9024870406876183
9024870188140997
9024871058025455
9024870759044168
9024870807641343
9024869165091581
9024869795247043
9024869337599499
9024870644774740
9024870269596417
9024870403682153
9024870165986914
9024870912905842
9024870539637781
9024870877267161
9024870800922330
9024869949590855
9024869178241366
9024869708888766
9024870490690399
9024868931564650
9024870039510629
9024871084148765
9024870687296582
9024870522974496
9024870748647892
9024870650733553
9024870593006143
9024845882330120
9024870337237944
9024870647527774
9024870191899071
9024869536645439
9024846419545491
9024869871739890
9024870063943470
9024869150794538
9024870331535004
9024870553847332
9024869502498595
9024869906006268
9024870620403978
9024870666068311
9024870757851235
9024870476580824
9024870100018470
9024869871012192
9024869619608914
9024869682211323
9024869430104417
9024870191753816
9024870034070960
9024870062191396
9024870868463543
9024871060188023
9024869316997683
9024870485544239
9024871340782339
9024870371720593
9024870191251493
9024870442427671
9024869054447678
9024801582625456
9024870350684660
9024871016761833
9024869730362631
9024870279108426
9024870710676187
9024869452415349
9024869250711039
9024869573577961
9024870112155520
9024869463934929
9024870451884370
9024869769961235
9024869522929279
9024871245807732
9024869684613978
9024870613892994
9024870017033598
9024870061415749
9024870626700527
9024869825500381
9024870342373698
9024870603675569
9024870079734929
9024870754318616
9024870422776517
9024870211296236
9024870796130337
9024870076679682
9024870709740033
9024869752541581
9024870693334239
9024868914357727
9024870646143495
9024870095578434
9024870264069918
9024870372515747
9024869666991300
9024870325247009
9024870391899173
9024869968644225
9024869904371180
9024869251855952
9024870815086692
9024871309009876
9024870548751132
9024870592850372
9024870323429050
9024870692610862
9024870536487372
9024870850649140
9024870520680504
9024870656776184
9024870196355532
9024870474378510
9024870529285386
9024871558584338
