971577193681152658
971577193919925116
971577203163711894
971577196597987163
971577201927066009
971577201171504419
971577201976933763
971577188886533803
971577187902010324
971577198403641366
971577204138052132
971577201000553872
971577200679815468
971577200724224623
971577204828618816
971577198820809931
971577195140902769
971577199076181484
971577198666018006
971577195784268500
971577191742287828
971577192650132875
971577199589981995
971577203159785584
971577189676621355
971577202432952878
971577198414628432
971577194041838604
971577196306003218
971577201896830194
971577198656363262
971577204328323466
971577201608073415
971577201150139544
971577202605962997
971577207252535455
971577197110477281
971577199292250916
971577199246173035
971577201815279048
971577205371589317
971577197625130855
971577188216595781
971577196145636812
971577202363322651
971577208421442476
971577201470369295
971577206424025039
971577201154918087
971577203503324825
971577201367323493
971577198410849589
971577201049341578
971577203042509358
971577196277368460
971577189514326431
971577209465290774
971577198662251810
971577196383564224
971577196821321584
971577202615777841
971577195196730514
971577191945025600
971577199252310503
971577196053412484
971577203087203162
971577200964116830
971577199222944005
971577204732914442
971577201541788185
971577200108744289
971577194367730204
971577185095028259
971577201112941957
971577172552035436
971577200698910969
971577198430108821
971577193177205444
971577206329136949
971577203028737431
971577179110392999
971577196156997689
971577183678132595
971577196468026288
971577194707221044
971577203479874222
971577194266069948
971577197967875163
971577191648908454
971577181534349929
971577193552246458
971577195628929644
971577206689164045
971577191823514286
971577190727837580
971577201721539101
971577195311777713
971577204166150549
971577197771085804
971577194893527170
971577202624559488
971577201542668731
971577191790897347
971577195515845527
971577196377828748
971577196398121345
971577197591371314
971577186639779626
971577189461677313
971577203948493055
971577193868043786
971577202589682914
971577194977238209
971577191449012472
971577200464716719
971577193536722254
971577196575558106
971577205325865878
971577203822296276
971577201478814745
971577189960408539
971577189917164786
971577195504555166
971577197108642470
971577207656973251
971577197635656998
971577193773579864
971577197509762379
971577196695012069
971577200740965888
971577194586532772
971577192210219782
971577190557824807
971577202429168306
971577197997902480
971577205008805973
971577202560038598
971577190863995970
971577190765973275
971577196844963903
971577192032382665
971577193701942906
971577190475842744
971577198382245104
971577196214880492
971577190731349685
971577204894633407
971577198017221933
971577201663671203
971577201147228775
971577198690669249
971577199805518290
971577203379963392
971577191699115759
971577192456267588
971577193497960334
971577180078036091
971577193762627808
971577203749331341
971577192380480400
971577192684626375
971577184359394897
971577200042981653
971577206784341152
971577200144612163
971577203626482148
971577197817864050
971577194569035114
971577198564904200
971577194827901789
971577202116602593
971577194824896255
971577198247370746
971577187278395790
971577201070222728
971577195718564644
971577195884259719
971577193229049358
971577183484175292
971577194127304908
971577197459780930
971577199591370168
971577199828424443
971577191942358262
971577184417045717
971577199097731250
971577187598812429
971577201240801098
971577197807018249
971577192418272900
971577192995921667
971577197098477349
971577194306748545
971577206204384779
971577208101933799
971577192468579202
971577207047407349
971577192233044442
971577203816484521
971577193783594764
