915611293965141953
915611292827308098
915611296649779409
915611293286315920
915611288964039200
915611293390466135
915611281597362090
915611272364318881
915611296638867481
915611290318171204
915611284767558897
915611299294129805
915611286240459267
915611290865416366
915611244650463617
915611279694036789
915611275668381899
915611297537815336
915611295085632673
915611291427508131
915611290414147107
915611286425518976
915611296982986940
915611291009789183
915611279490023957
915611283192959271
915611280224043379
915611291673481970
915611279969444088
915611288870617482
915611296123635399
915611293665436596
915611290802674030
915611292714810317
915611297913073208
915611289117486433
915611291689366184
915611292635222448
915611296372870659
915611293699311326
915611297207439108
915611296285648920
915611295085005130
915611288365811619
915611292088549365
915611296996859341
915611287802494969
915611288390680889
915611288826432755
915611291547040725
915611287026923375
915611289923927247
915611275812210744
915611287972195497
915611289824284502
915611291605251609
915611285900360108
915611279818209888
915611291172014880
915611285570196614
915611285481665503
915611290751609841
915611275812235802
915611287293920935
915611287283615653
915611293920700595
915611292661374287
915611295240427301
915611283862573530
915611289148028214
915611288254274097
915611287617244986
915611282884379578
915611288190603351
915611287653803250
915611296387155821
915611286481477655
915611288100484261
915611292444764659
915611288983815635
915611296852462122
915611295924383556
915611283139072923
915611280430320909
915611285537671591
915611298794428205
915611290743694697
915611292170941602
915611291186971453
915611280391649323
915611303612610425
915611299086973962
915611286135945770
915611279842156522
915611287899609989
915611290604037776
915611302670635955
915611289509478310
915611280077858230
915611286483552983
915611285850679166
915611271085310510
915611282761357191
915611285580703534
915611284132611911
915611290950245528
915611295047733834
915611291828190934
915611279546945795
915611291234081551
915611289034577533
915611290496983382
915611295540299100
915611295136678875
915611281002133152
915611287567398729
915611292154191258
915611285669152408
915611293819589318
915611276630464068
915611283357462609
915611294804134735
915611295136769425
915611283360926980
915611282746740086
915611286730846234
915611290838695047
915611281393733816
915611293210242267
915611285830341239
915611287910334262
915611293088236093
915611292191094029
915611296260151274
915611278550445875
915611290289344050
915611288720456730
915611291126008698
915611300675180028
915611284922732431
915611293833332242
915611284371242493
915611290699919179
915611294742038752
915611293044771284
915611293070122696
915611290235579737
915611289715586485
915611293280129521
915611287229914277
915611285530155040
915611283382646957
915611284762343742
915611296173236765
915611296942158673
915611284266662878
915611279915770593
915611277742860620
915611285805618220
915611292329329590
915611279796170910
915611278100998097
915611298953510471
915611286204371780
915611285796795759
915611289254868215
915611293378858982
915611280806727828
915611288670271454
915611286946613210
915611286070634032
915611282544458194
915611292683389038
915611285510335041
915611293433812519
915611297257573500
915611278082858044
915611293016949212
915611287183023112
915611286895803146
915611291119567836
915611283966617918
915611285102740345
915611284561480865
915611291049914880
915611283923763926
915611277674801530
915611289681287792
915611288543679508
915611291444595744
915611288385054745
915611287846628028
915611290931845868
915611290813212826
915611285920431930
915611286508152971
915611298202840300
915611283117993816
915611294175820669
915611286214736143
