9114230442044284
9114229198391911
9114231344771392
9114231560870540
9114230423336567
9114230108128027
9114231247520586
9114227682935635
9114229598714676
9114231600035105
9114229016637320
9114230289817813
9114231423784609
9114231458811220
9114230786253316
9114230280504993
9114231410969450
9114231737754455
9114230780030365
9114230454265379
9114230494212259
9114231283035809
9114231458316999
9114230458669189
9114230779125417
9114230855077240
9114230822209001
9114229482411936
9114230871328958
9114231198741862
9114230550977670
9114231295378061
9114231003867681
9114224494591837
9114230779538673
9114231239764247
9114231661868648
9114231412907269
9114230923593238
9114231197044844
9114231023214791
9114231558166924
9114230963850232
9114230704621313
9114231421738542
9114230977414470
9114230728095207
9114230260138192
9114229734527692
9114228254610631
9114231261755487
9114231407427772
9114230724737341
9114231414437164
9114232110953117
9114231513696558
9114231479283110
9114231987256154
9114226050987931
9114231645937300
9114231317108294
9114230634128465
9114231349450329
9114230519151716
9114231634886589
9114230338853723
9114231406689560
9114231349697469
9114231504998420
9114230541689698
9114228090848237
9114231442695581
9114230243658661
9114231402253486
9114231397613654
9114230754167643
9114231518332099
9114231127062066
9114230951995611
9114230498246596
9114231934249144
9114230771146828
9114229581830363
9114172228489568
9114230839343772
9114229940102111
9114230465943519
9114230719083176
9114231079064247
9114231654412903
9114231592871759
9114229909723647
9114230858938333
9114231742217090
9114231112982622
9114231024308075
9114231190175712
9114231168870656
9114231043920220
9114231406417704
9114230283621699
9114230450846540
9114231314271821
9114231281640352
9114227449301133
9114231744057967
9114231238648409
9114231076374872
9114230490439788
9114230118012965
9114231103533731
9114231055859151
9114231116610586
9114230880970480
9114231486994085
9114230864319116
9114230238182581
9114231578189903
9114231288712584
9114231095938466
9114231788831747
9114223714341371
9114230062193864
9114231556379867
9114231831574777
9114229940358152
9114231018959012
9114230876118274
9114230769996690
9114229970075984
9114230959556362
9114231264148358
9114231278933744
9114231163434125
9114231043590688
9114229881426486
9114231328890605
9114231630004919
9114230734665256
9114231602191801
9114231335046015
9114230730431310
9114230444862209
9114231555524920
9114231453295480
9114229774980413
9114230571404481
9114230752907029
9114230627309970
9114230725484729
9114231301011334
9114230110667274
9114231053000616
9114230930023780
9114230823854428
9114231419032014
9114231620642933
9114231703334604
9114230833787912
9114231728949405
9114231830806335
9114231160039059
9114231513586334
9114229171703499
9114232118750196
9114231571801323
9114230934477176
9114231490177224
9114230659616969
9114231073410513
9114231670186283
9114230251581112
9114232019420317
9114231369993423
9114230677787390
9114231166213080
9114108445992289
9114230867464065
9114231699982707
9114229847740929
9114230801926827
9114231946557130
9114231251401336
9114231463582250
9114231353610946
9114231470981278
9114230405930383
9114230820265919
9114231369378181
9114231888629123
9114231003650316
9114231443912077
9114231496637778
9114231151813981
9114231507909202
9114231308371558
9114230674772564
9114231308536197
9114230580325545
9114226463570507
