986576124430362418
986576103512519142
986576123715528654
986576069176766315
986576096773356143
986576095085922522
986576098062630147
986576124005275667
986576121774127928
986576112988047700
986576090582448392
986576111310740903
986576119671511089
986576118152089485
986576090461976022
986576108553858524
986576110175785272
986576100273505674
986576122726356121
986576108769212422
986576105436570505
986576077170788910
986576124723455483
986576114458394024
986576096207429041
986576116480771484
986576099001793451
986576118849222769
986576121993300526
986576090373204312
986576116972853771
986576032154404738
986576097128026293
986576088204379298
986576124087592194
986576101243149909
986576124223774610
986576122871608331
986576119725075945
986576119407528091
986576126152262591
986576095574423017
986576099696788225
986576095332378084
986576099414763504
986576104631665446
986576108474525854
986576124780192500
986576075591255997
986576099415422619
986576118980887111
986576118021125087
986576095970993835
986576114898538130
986576084313240702
986576111094762487
986576101536880615
986576091609634006
986576112974986491
986576078953890236
986576115606170367
986576096578011885
986576102074250065
986576095329170456
986576086787101720
986576123482704371
986576084018227699
986576100767813046
986576039476299022
986576123150140856
986576102284391191
986576116788159048
986576116998082283
986576116731605431
986576108456608632
986576121188336360
986576122354021119
986576096294606784
986576122831809449
986576095200695877
986576085828933082
986576119417604453
986576040245740017
986576101220060001
986576029324345746
986576111322248398
986576105063715400
986576087949422154
986576126972196898
986576106475383639
986576102913936270
986576113172010642
986576124014450183
986576090896960590
986576118281714624
986576122858022801
986576111072558961
986576108448099456
986576109603569158
986576099629599321
986576096661695998
986576099080380985
986576091352594561
986576103482063187
986576089157106707
986576092170340539
986576112557578724
986576113484535530
986576108460111702
986576126903647068
986576120225367317
986576123843019542
986576111882451361
986576107447996299
986576114026106985
986576104161653762
986576123138996102
986576114606511175
986576076514309860
986576099308301681
986576107164626473
986576123255406775
986576121519734751
986576117713708563
986576127503224042
986576116396890483
986576112769219142
986576105232140907
986576090000893479
986576105178520685
986576122631195444
986576106239278432
986576113763890421
986576121158304857
986576113296441681
986576123098326502
986576115542983852
986576106844812269
986576092478846579
986576094638317677
986576089675373986
986576116466750786
986576092155932132
986576117512284467
986576097371266896
986576103199381608
986576104917682157
986576116165122466
986576094608973121
986576093455903747
986576128740192460
986576080913362060
986576099187580310
986576088169333089
986576087361612589
986576118661406185
986576039483506485
986576093615058020
986576113965229263
986576094978400045
986576118641868282
986576120799779942
986576086964914805
986576094757287927
986576103421791198
986576123748804755
986576112854011807
986576116928204338
986576103161850708
986576109543915045
986576087509060512
986576093757270648
986576113738332750
986576120832253715
986576116309045919
986576092501458699
986576113049093775
986576116153140430
986576085328851920
986576093685819616
986576111399852398
986576089530066385
986576111718904812
986576099865999627
986576093470309021
986576117366884099
986576091491276898
986576116819231731
986576093865339456
986576114096446733
986576118768911048
986576042357767344
986576099708175523
986576126945971380
986576098697034084
986576125996201652
986576103410720987
986576099711461377
986576096153325995
986576121172058845
