8459349865753048
8459349963538455
8459350409871933
8459349991653983
8459350196015173
8459349635639684
8459350434685032
8459349800222274
8459350228249684
8459349818200139
8459349135239954
8459348967612467
8459349795086570
8459349605070999
8459349766884790
8459350546594884
8459349748934939
8459349139438256
8459349712594438
8459349952629558
8459349068097288
8459349277772175
8459349815247188
8459349902420143
8459350211339173
8459349329814180
8459349831756030
8459350056811889
8459349712218499
8459348519752445
8459350313065960
8459349794272125
8459350081495127
8459348671141379
8459350616446088
8459350250461381
8459350044512109
8459350442410379
8459349962667327
8459350426338728
8459349829149718
8459349784223481
8459350213494071
8459350179264256
8459349386625151
8459350241971984
8459350246048753
8459349249032993
8459349861164387
8459349865672643
8459349213238154
8459350441919041
8459349960731547
8459349085407759
8459349580010063
8459350225773349
8459348951427190
8459350132802589
8459349478468272
8459350395333446
8459349885047071
8459349423188214
8459348268509677
8459349674996768
8459349605526491
8459350146970131
8459350193086495
8459349808280481
8459349177600004
8459350309800040
8459350035512945
8459349716455519
8459350169225676
8459349040165716
8459350089971049
8459348741811268
8459349031562235
8459350235334667
8459349354705709
8459350517252563
8459350276164175
8459349032144542
8459349857584346
8459349784430657
8459350188207630
8459349078576139
8459350136504497
8459350611340419
8459349997423090
8459349459538692
8459350567933957
8459350175650029
8459350005066830
8459349557812599
8459349706235721
8459348922743915
8459350497999251
8459349365639685
8459349094132596
8459348687072439
8459349428654539
8459350308730048
8459350365031095
8459349940277822
8459349543324161
8459349504180294
8459349875318611
8459349871485451
8459350178524338
8459350210186150
8459349988220545
8459349880892535
8459350792454336
8459350357020577
8459350205031335
8459349223831620
8459350096007454
8459348460555047
8459348787312063
8459349890146590
8459349127248648
8459349674835785
8459350219545531
8459349949299371
8459349983493169
8459350357978622
8459349624533574
8459349520241663
8459349052251823
8459349637052807
8459350541094969
8459350533127276
8459350042012554
8459349875975804
8459349593138016
8459349087614366
8459349918177745
8459350637126256
8459349105791999
8459349608752015
8459350474951799
8459350781225144
8459349374582515
8459349164860711
8459349467082350
8459349156636710
8459349360456629
8459350161665186
8459350632305660
8459349624870296
8459349875552164
8459348941836224
8459349849298382
8459348963136697
8459349969410986
8459349632814680
8459349656053063
8459349395843921
8459350627620976
8459350187887950
8459350541696106
8459350408386981
8459350158068277
8459349846034611
8459349923846315
8459349802024623
8459350402771278
8459350353803538
8459349517799938
8459349886062826
8459350012550944
8459349570219578
8459349594926117
8459349984569356
8459349561017039
8459349219463204
8459349717818206
8459349933620444
8459349144232939
8459349741010139
8459349657753016
8459350136267892
8459349131441449
8459349246911314
8459349593820190
8459349118635906
8459349963389406
8459350216792599
8459350021090377
8459350068589999
8459350498311481
8459350070883458
8459350514867546
8459350726191170
8459349403578166
8459350179694351
8459350131701309
8459349186231924
8459350301305153
8459350509102131
