8923505731523126
8923505760490722
8923505320702521
8923505080249773
8923505587749959
8923506136144334
8923505756632245
8923505129503624
8923506195641900
8923505539263235
8923505899208929
8923504564252636
8923505699353385
8923506087181260
8923504303200043
8923505729673852
8923504433189477
8923505388751733
8923505424740700
8923505551169512
8923505930178686
8923505413547693
8923505748780235
8923505756205616
8923504579519406
8923504802097191
8923504569100561
8923505450029807
8923504171690031
8923505627045043
8923505830056277
8923505660334385
8923505744161663
8923505519169406
8923505534593250
8923506004039282
8923506036239570
8923506331642327
8923504937147307
8923505256978203
8923504601283243
8923505018633283
8923504439997868
8923504820852346
8923504089887226
8923505137456746
8923505717569666
8923504580594504
8923506224247073
8923504403173096
8923505863343112
8923505607194779
8923505024564810
8923506306485170
8923506111014062
8923504534526966
8923505498574581
8923506030334794
8923505724034146
8923504650257796
8923505591766074
8923505600473535
8923505499336886
8923505523641585
8923505585874971
8923505531003144
8923505410693080
8923505419438367
8923504855142748
8923504768798945
8923504744412210
8923504345038844
8923505395776043
8923504673623015
8923505362474734
8923505554742938
8923505474000559
8923505282439623
8923506020812761
8923504995306186
8923505097247870
8923504833803341
8923506106891433
8923506169656166
8923504598170916
8923504787333796
8923505448217109
8923505555340527
8923505849742374
8923506017804946
8923506037067275
8923505660822912
8923505411495203
8923505028396466
8923505052728443
8923505687083888
8923505550946240
8923505012730362
8923504843036779
8923505094847729
8923505291791146
8923505559514232
8923504481166691
8923505060081077
8923505943307795
8923505227395992
8923505731811768
8923504774947082
8923504590158199
8923505676087355
8923505829842008
8923504904177020
8923505634166503
8923505493937884
8923505085112038
8923506266539145
8923505190302914
8923504240483736
8923505493137966
8923505626901302
8923505532469227
8923504736980800
8923505277323349
8923505504462582
8923505106129440
8923505522250951
8923505378087290
8923480946046869
8923506548316671
8923505304430712
8923504712220936
8923505022190575
8923505080806815
8923505112826165
8923504911090975
8923505884264678
8923506316793924
8923480972263259
8923505581525845
8923505252382376
8923504744194515
8923506013153628
8923505459424692
8923505327511001
8923506541461698
8923505693757206
8923505088999687
8923505354564087
8923505343426069
8923505201317959
8923505286598765
8923504930873937
8923505386041720
8923506019016608
8923504670108161
8923505013379232
8923505463281358
8923504994082375
8923505476178748
8923505487589674
8923505998044307
8923505805792862
8923504941179125
8923505429302436
8923505721763468
8923506139002990
8923504326504840
8923505512209766
8923503585439733
8923505450215073
8923505056676593
8923504293251498
8923505473048406
8923505572032724
8923505453083032
8923506142535625
8923505665790182
8923505826781952
8923505591438943
8923505658382067
8923505833114901
8923505515441081
8923504959606821
8923504735934785
8923505520365256
8923504786364343
8923505155435797
8923505920756137
8923504727300929
8923504889419858
8923505554485894
8923504913824667
8923505664013303
8923505407046118
8923506145717417
8923505918582103
8923504755735733
8923505364190664
8923505460342350
8923505541513807
