832619939047679144
832619932224990434
832619944607702013
832619937502850042
832619933250762198
832619943898585484
832619930244254536
832619939035052943
832619943741225671
832619935352994063
832619940639243497
832619941711270780
832619931100804837
832619932699216411
832619937587021867
832619937097235522
832619939706716468
832619934997651281
832619936927764555
832619932587032367
832619945884013070
832619940614443283
832619940196837759
832619937322740414
832619938051814305
832619941844996437
832619940191864468
832619936693207164
832619946640762887
832619935188508733
832619939683510850
832619946651518924
832619936917110402
832619944600846631
832619941789799223
832619932978832626
832619941551379649
832619942932677326
832619918511060962
832619939344003201
832619940412371839
832619934959911649
832619944251513299
832619933605579167
832619936533063603
832619942065634812
832619931810975080
832619935938406578
832619939064156077
832619933860365743
832619939785112228
832619922082552272
832619942270032593
832619939370811479
832619944302666387
832619939683287370
832619932187949818
832619922178604089
832619926468650513
832619911410467327
832619927356290546
832619938972639994
832619939371086205
832619935059107655
832619937361344910
832619930025004306
832619942652857227
832619936516028278
832619938401915471
832619932551632032
832619927929937793
832619938437330300
832619931924205662
832619942910056853
832619941803470240
832619939384317971
832619930939810938
832619934909076004
832619941778843806
832619938810615940
832619939666303239
832619938546736551
832619939678569981
832619941599379627
832619944055819358
832619936832945907
832619942520724764
832619941274086242
832619942471476568
832619939341747704
832619947068080404
832619946065275620
832619935866226003
832619927582240615
832619936871116409
832619931771747099
832619933941336018
832619939410304575
832619940497288111
832619946253867031
832619940847423395
832619940288402489
832619936411634195
832619941014746960
832619939777317606
832619939791305243
832619935325907928
832619930555885696
832619940026539872
832619929012290247
832619933226870227
832619925531399391
832619935773944930
832619930868666031
832619941781193657
832619943890074869
832619938628848476
832619939161037160
832619939616484534
832619939122138853
832619938374669702
832619921105944435
832619941802799096
832619941602735532
832619946300639086
832619941035803261
832619937206985731
832619946978806131
832619938403642727
832619931221819264
832619934416182225
832619937243814844
832619934059378877
832619940215840761
832619937781399927
832619940595684339
832619942135206434
832619936383336176
832619940648889846
832619925502942459
832619939750024731
832619940739816840
832619943272073920
832619944940608083
832619937925287560
832619928359005933
832619931296907528
832619930839446255
832619928072816502
832619946801848061
832619935095964726
832619926835007999
832619934818035620
832619934673475810
832619939875386477
832619942464703887
832619945112339869
832619943872288539
832619940793066838
832619934042851156
832619947360593934
832619937285366121
832619933801168946
832619931363469543
832619935520787876
832619941028843221
832619940828563927
832619945402594164
832619931871443528
832619920664334377
832619923660235501
832619931025433799
832619933032155758
832619938507191131
832619938340097743
832619937945155632
832619933510394235
832619935835004976
832619936980330276
832619928183891515
832619934322374794
832619934723247253
832619939167334373
832619936355307210
832619940164044970
832619939627918393
832619933073580465
832619934381292096
832619934180414647
832619937297451223
832619931255492657
832619939627707371
832619936048743737
832619942437556806
832619927881967808
832619936042697095
832619944114737635
832619926081755560
832619947234153765
832619937987277210
