86281566214644
86281537578673
86281544532920
86281550667044
86281537828284
86281539938388
86281542394221
86281519797762
86281449121203
86281522901102
86281488647361
86281552070230
86281502742990
86281516386030
86281519370579
86281453059379
86281538184705
86281539330155
86281550880610
86281551055706
86281555931506
86281490848104
86281552555001
86281459256664
86281467623794
86281449887081
86281589113646
86281522630494
86281558730129
86281497523059
86281484358855
86281560039484
86281532250270
86281480370612
86281523678554
86281559637683
86281528753599
86281431667983
86281493810994
86281557576297
86281548459905
86281591920849
86281439496403
86281530107666
86281521841137
86281582878632
86281539534952
86281579638201
86281504118492
86281499594280
86281490749357
86281500313968
86281564024120
86281564126607
86281506341081
86281579063437
86281495706634
86281525144844
86281488652213
86281547089950
86281492366905
86281492596212
86281490300193
86281465213650
86281504164115
86281523073714
86281524513504
86281549855569
86281557435685
86281479736278
86281508976344
86281392323791
86281460093845
86281461038468
86281494011219
86281548893148
86281459792262
86281579448936
86281487260575
86281511009996
86281586039149
86280941847936
86281618195876
86281447697573
86281623939848
86281518002387
86281442319529
86281505389286
86281480660716
86281532278423
86281552231331
86281592499501
86281545177832
86281529723437
86281542384995
86281556996015
86280886471350
86281507905368
86281468530109
86281465818548
86281473792610
86281550872749
86281569768463
86281516675992
86281548233825
86281577074578
86281593571314
86281534872980
86281594192837
86281517758446
86281404987662
86281619293572
86281557302607
86281551723959
86281510487915
86281511084300
86281560560363
86281502933807
86280955862587
86281507042722
86281518928525
86281364549921
86281555368874
86280955714205
86280966438372
86281426626428
86281542921522
86281534843606
86281511614498
86281550924051
86281437112876
86281573323772
86281589248495
86281560207118
86281526392088
86281554049833
86281579763163
86281610992853
86281424510219
86281527456039
86281528153440
86281427568730
86281474625874
86281484758327
86281552575068
86281433302660
86281539824433
86281438564299
86281599547708
86281469313679
86280931516466
86281505681120
86281525812544
86281531698541
86281513483864
86281570514238
86281485004400
86281499814057
86281547137950
86281470938954
86281502232839
86281589343298
86281544379125
86281528881262
86281546663948
86281589315792
86281508038080
86281533821453
86281517253097
86281587495659
86281558066955
86281442728171
86281537555044
86281508221591
86281521568875
86281576092037
86281514241378
86281521287538
86281546244950
86281571033109
86281563730953
86281484273343
86281518075980
86281490280846
86281551525169
86281552868751
86281521809605
86281482999398
86281564872943
86281476516286
86281505965625
86281526453771
86281488908695
86281559118443
86281508556504
86281500533476
86281573132207
86281475447449
86281465286178
86281528469156
