9797114379382359
9797113503234202
9797112209699266
9797113765137708
9797114253574403
9797113528098072
9797114307403579
9797113683408807
9797113049951732
9797112537896374
9797113798065114
9797114083475874
9797113384043414
9797113813595599
9797112056924594
9797114044465115
9797112988410413
9797112098937571
9797113306587386
9797113984601356
9797113103844236
9797113114160028
9797114253937959
9797113223469749
9797113905398457
9797113581482296
9797112675657657
9797113906450984
9797113709644813
9797113796412267
9797113474556095
9797113586226665
9797113573455189
9797113679610619
9797113465503695
9797113385356547
9797113272408622
9797112918465597
9797112511805955
9797113475045548
9797113601746240
9797113184850678
9797113211950178
9797112919912443
9797112836165662
9797112386427786
9797113610663660
9797114254216962
9797114173006171
9797113463412390
9797113443117690
9797112438953285
9797112435071996
9797113590204213
9797112957225382
9797114295200653
9797114222369285
9797113662133659
9797112971496457
9797114005832950
9797113710159096
9797114192198681
9797113065637927
9797113497142364
9797113631251414
9797113216117341
9797114273363314
9797113291994036
9797113519766107
9797113579836254
9797112710925238
9797112927957277
9797113920682962
9797113859564100
9797113426591541
9797114379154741
9797113528445347
9797113261256034
9797113679481504
9797113091765035
9797113550941411
9797114294580703
9797112924021470
9797113966423587
9797114135783339
9797113579271436
9797113757058956
9797113206259257
9797112937627943
9797112621966464
9797113725397382
9797113352407018
9797113977837833
9797113117111006
9797113586762235
9797113486956176
9797113293675948
9797114049311785
9797113475178088
9797113648462594
9797112508066451
9797113132974527
9797113769038715
9797112942413267
9797113713646533
9797114221703385
9797113626280304
9797112931406419
9797113428204045
9797114489157167
9797113342830296
9797112405757117
9797113835951436
9797112070546331
9797113606118095
9797113402259285
9797114318209507
9797113542638450
9797113851170670
9797113131599166
9797113241355947
9797113629940246
9797113809575770
9797113109750032
9797113935098557
9797113221562124
9797114124703700
9797113078886167
9797114310007528
9797113850664615
9797113950020956
9797113685796657
9797113298223294
9797114097025640
9797113760863203
9797112636357000
9797113270853895
9797114085928022
9797112221903761
9797113473950175
9797113117709203
9797112032013540
9797113068611679
9797113597300062
9797112912891112
9797113683966735
9797114047949882
9797113932065394
9797113795093296
9797112023333722
9797113587085794
9797114357119010
9797113924385492
9797112999901863
9797113851655742
9797113251367093
9797111961899368
9797113702693269
9797114066937479
9797114136984615
9797112042897623
9797113793493950
9797114095819117
9797112017751729
9797114051421577
9797113965648897
9797113971919820
9797112025058874
9797113350862842
9797113588747169
9797112483638418
9797114245758178
9797113566708277
9797113244176606
9797113651817308
9797113338341554
9797113662793564
9797113148178677
9797113583235165
9797113774316378
9797112458903149
9797113496790185
9797112901692732
9797113876590150
9797113998307404
9797113460049800
9797114089102336
9797113732040227
9797113747928936
9797112613870731
9797113187264922
9797113144476261
9797112876525520
9797113509091259
9797111764297724
9797113283442518
9797114106212003
9797113403075056
9797114181666285
9797113505655027
