902264403582559814
902264406416298457
902264410157397196
902264406935440496
902264413973015348
902264397506737240
902264406279061594
902264411186213936
902264406867230929
902264415818993200
902264399920485080
902264408147261092
902264401479122812
902264408279954903
902264409795990953
902264416040098644
902264412212226681
902264407344294902
902264421588134405
902264345093407801
902264398648140627
902264407455859736
902264411985296988
902264405096198072
902264407549274283
902264405889413337
902264410800973847
902264405448654546
902264389135658566
902264405554581525
902264402981146709
902264413732988760
902264399927437865
902264398657492138
902264408605351237
902264406975623633
902264405079704102
902264402719352579
902264414817142333
902264397661935624
902264400746026353
902264413254715132
902264410979867419
902264401097720865
902264403697629142
902264401744362697
902264411740747952
902264408325868589
902264412565022024
902264412550888983
902264411346596938
902264397684549215
902264407598041081
902264409774060688
902264399985294627
902264407287200225
902264410594969819
902264409148683172
902264408150387857
902264407622014756
902264409355933335
902264405271618172
902264402180022328
902264398139306747
902264404205898133
902264407703505720
902264398661393851
902264407059626264
902264403533236323
902264397150264179
902264417427343766
902264390543712486
902264408101109512
902264415477337664
902264406972043644
902264404266394617
902264398366041576
902264408372696910
902264408783151022
902264402721586291
902264411378443929
902264413457985542
902264406356126568
902264402376772800
902264406626209779
902264396799604488
902264411332536535
902264407846278408
902264412931453493
902264396102450763
902264409012637685
902264414211915703
902264405641214859
902264407550986269
902264401617524285
902264409275595677
902264404969728425
902264335908808284
902264402060144378
902264411269619724
902264406042486896
902264406285826007
902264404923367124
902264404589543133
902264401861637482
902264406607573474
902264412931903806
902264404237524090
902264403283564749
902264399973555143
902264406620791204
902264400629874063
902264398672837443
902264404431384030
902264411859217453
902264404188142295
902262820021978147
902264407795346414
902264407584670236
902264341936833908
902264403347805208
902264412285055013
902264401510451778
902264409188625434
902264414657086165
902264407652226923
902264414612755911
902264421586799541
902264409259255969
902264412923783714
902264404003420224
902264397931986386
902264399504892130
902264404232645390
902264412971634715
902264405395289701
902264401129178475
902264401386020250
902264404437589956
902264401986311025
902264405752814186
902264413014529215
902264409120683878
902264413830443602
902264394271945701
902264398061564017
902264408019844659
902264403905714176
902264403916066465
902264407849814229
902264417175730197
902264412173056306
902264412184234925
902264395175845949
902264402490585205
902264404916424617
902264402916251992
902264401726106199
902264344942509504
902264399094081648
902264411816840211
902264402289109197
902264403392964954
902264409820528374
902264411184551183
902264409365131692
902264408161307798
902264403353380336
902264405710680560
902264410375233068
902264410723412178
902264411203535111
902264334076999268
902264400761906281
902264413991054941
902264415376941027
902264408082710919
902264403242233213
902264406825397850
902264410176979773
902264403697663571
902264396844967527
902264405853244871
902264405502063158
902264415922762151
902264413981936973
902264405373474549
902264411870869523
902264415778508438
902264407913889903
902264334963484469
902264400397450781
902264404184121668
902264414285748300
902264412624725576
902264410608375351
902264421545308418
902264409225675425
902264410271568369
902264402595189020
