809944
817575
814186
813883
813310
811237
812864
815561
815968
811078
817841
817105
810372
816527
817930
816793
807180
815145
809345
812264
809627
816455
810692
814587
812578
809627
816141
810978
817687
817916
813993
816596
815835
809548
813310
816822
817288
813808
816793
813601
813089
808533
818050
816816
814500
813558
809009
818319
811513
817372
807574
811163
818398
816527
809364
816979
812656
816833
815508
815454
816906
811438
814063
817582
815857
819477
810470
817945
818113
814596
814844
816822
817809
818524
814089
817479
811265
817494
814228
814962
816788
814101
816066
816390
815653
816978
815791
815916
814817
808797
815377
815627
815625
809682
812860
817856
817275
816949
809072
812656
812048
813110
817321
808328
816750
813127
814124
815508
813119
819336
816307
812614
818108
809682
809364
809655
817669
814324
816995
817288
819479
816831
819487
809316
818108
809655
819062
816084
817682
813430
818284
817615
813883
816804
814593
819010
818401
803920
816251
817386
817286
817114
814341
819111
815912
816243
813535
815916
811137
816268
819010
812019
817651
817755
819042
815053
811165
810446
816084
812798
819409
812358
807339
818935
812019
808115
815441
815053
813375
817932
814228
817105
808774
810330
816809
817809
811484
811827
816205
815457
814993
815421
814018
818932
812310
812052
818507
815255
814660
817562
818180
817850
813289
818633
819370
816728
818074
818108
811896
811438
