942310700159671577
942310718142338152
942310706914701873
942310708045509345
942310711931469799
942310712167505011
942310704811488417
942310708996872010
942310710356765184
942310714198314503
942310713849331853
942310719749409765
942310710888593475
942310707489490601
942310710111626382
942310700425314707
942310710649211910
942310715418318093
942310709700494554
942310713366529681
942310721345566470
942310715104682367
942310704858107550
942310701703729165
942310716858305416
942310713563933952
942310711919507426
942310699374677800
942310707982313870
942310711849767221
942310705986238031
942310711157012356
942310713561299923
942310715906846427
942310716375939895
942310717525291751
942310713716246424
942310721805880451
942310708874383765
942310714455668192
942310719018134362
942310717866043531
942310713585987108
942310707080060476
942310712305155282
942310707422631652
942310704828261041
942310716775216512
942310711158866960
942310714204152370
942310718960439885
942310710479377864
942310716304921262
942310715893122242
942310711426903995
942310715428647127
942310700853000607
942310699491863204
942310716632085593
942310711122481822
942310707984352877
942310709443344795
942310705454017417
942310716501496255
942310705433317544
942310715020223272
942310719547934674
942310716661298336
942310712137464807
942310716334180849
942310698940540777
942310721555538447
942310707315397129
942310703977633292
942310717364289330
942310718273686562
942310704665545197
942310708666879581
942310711162207207
942310705151848449
942310713447206342
942310715712389965
942310717221886607
942310718957974767
942310705869744186
942310713770490629
942310713346067224
942310696492800670
942310716417929536
942310708066154246
942310716857959182
942310708798035773
942310709547228213
942310713546063513
942310710123514143
942310705772757486
942310710954521381
942310706526833636
942310714253503736
942310711249204182
942310711680152473
942310703554753175
942310709785533148
942310713510019468
942310712774109062
942310710181587206
942310714340687851
942310715508463885
942310718196797774
942310725656801759
942310712550314316
942310708138876497
942310715473274012
942310711496637828
942310702839169416
942310704426618384
942310718633026891
942310711539315950
942310703600891451
942310720401929976
942310708616786997
942310718577105167
942310722451221832
942310712140671304
942310702042125893
942310720568100119
942310713024050375
942310713026097934
942310716692932556
942310722871716679
942310710656132554
942310712843791048
942310713784522051
942310710433843488
942310704398388382
942310716010338575
942310704840606739
942310706402175674
942310707896514579
942310714227822499
942310719891006895
942310707062500733
942310690837798530
942310715676317778
942310719231058712
942310715798129812
942310704162685770
942310709273286249
942310708588660360
942310714308361734
942310714647971699
942310708207005074
942310714733940537
942310712471155215
942310707768855239
942310711325929865
942310716149522052
942310722830658403
942310719891262989
942310714921175448
942310698871675229
942310716631296366
942310713880677263
942310697698826973
942310703898490241
942310716048403265
942310709525502530
942310707179953417
942310708822484102
942310708460664199
942310711875284506
942310713729016145
942310715696602901
942310712485217705
942310714541698630
942310709780292858
942310715525645601
942310715606330858
942310709050638321
942310717832510861
942310720968122833
942310705864232917
942310706823250810
942310707916284110
942310714419515577
942310714552082617
942310711106721302
942310714095663089
942310709133402554
942310715547428188
942310715705280259
942310718023612137
942310714910752441
942310709898050052
942310706547914163
942310718006376645
942310712485369370
942310701912321515
942310708749385166
942310716105237588
