9920677341974216
9920677684826094
9920678252585750
9920677462596797
9920678329086813
9920677721728559
9920678521082440
9920677357596450
9920678208156608
9920677742492362
9920678085297057
9920677956010373
9920676549279699
9920678158158656
9920678534237523
9920678183407867
9920678162848811
9920678311704515
9920677858516668
9920677791288514
9920677589343607
9920678473891076
9920678306366024
9920678309557783
9920677500858560
9920678075542680
9920678169879775
9920679016470643
9920678885670192
9920679038233846
9920678946258129
9920677381534023
9920678119384637
9920677803063324
9920676909895970
9920677896023222
9920677729398932
9920677907251416
9920677885119387
9920678644792917
9920677856719481
9920678133782669
9920678608421335
9920677171917121
9920678347469124
9920678095786716
9920678393472861
9920678716799406
9920677171837946
9920677935107365
9920679019719856
9920678269770484
9920678050364525
9920678468196150
9920678462722824
9920679004400020
9920678619844792
9920678004481147
9920678277607191
9920677620911253
9920677980784064
9920678618801173
9920678771768799
9920677435248512
9920677153486128
9920678201104535
9920678632968397
9920679125528763
9920676551912156
9920679032383123
9920679196390728
9920677727168808
9920678740786954
9920677790509130
9920678974306221
9920678300592049
9920677060033222
9920677714093094
9920677571148320
9920677474766874
9920677620200395
9920678537048399
9920678703086459
9920678489910712
9920678133569522
9920677876627200
9920678299606031
9920678180080536
9920676662498973
9920678131741007
9920677376393104
9920677355925616
9920678704278371
9920678266205764
9920678743202745
9920677344951774
9920677967560956
9920678699721033
9920678776931459
9920678540560602
9920678526035011
9920678093410657
9920678066807249
9920678594413252
9920678410502965
9920676781112339
9920679307677042
9920678748368831
9920677704765611
9920677776288734
9920677881839620
9920676700792832
9920677626261525
9920677962610581
9920677658831139
9920678777201725
9920677545346224
9920677550962168
9920678357241421
9920678354319033
9920677466503574
9920678235704604
9920677689257438
9920678681849052
9920677953777644
9920678336478929
9920676997463065
9920678194932971
9920676410690316
9920677538333464
9920677966256136
9920678549122556
9920677966511005
9920678219872871
9920678317018732
9920678278028756
9920677290874989
9920678334845748
9920678893831767
9920678409987255
9920676435043531
9920677878652967
9920677287034357
9920678506060824
9920678760812501
9920678896915354
9920677065221661
9920678043732260
9920678462821979
9920678038161553
9920677826810847
9920678722943651
9920678070454126
9920677521425349
9920678887442316
9920678291152185
9920676367915491
9920678380374029
9920679065322963
9920677542979405
9920677775736725
9920678799413154
9920677427120614
9920677676423618
9920679216839359
9920678432566359
9920677755549427
9920679049736271
9920677987735859
9920677949732554
9920678796550970
9920677727037132
9920679142169555
9920678012471103
9920677730597313
9920677457293556
9920678132802638
9920677980864323
9920678111913090
9920678164146269
9920678000921521
9920678768958671
9920676068876031
9920678573517859
9920678728951058
9920679098141797
9920679163996789
9920679062073983
9920677791651563
9920678258617467
9920678805275345
9920679235181741
9920678083764941
9920678260943018
9920678657612318
9920677781305798
9920678036257920
9920677485949906
9920676771648836
9920678224475162
