85812431252397
85812513899092
85812478643207
85812377022476
85812452022097
85812421899601
85812445443893
85812369477618
85812431180219
85812464495875
85812404976869
85812408229339
85812488961982
85812472625307
85812468354624
85812471084415
85812446196773
85812318950414
85812419164868
85812370673182
85812494290103
85812460555228
85812435303445
85812419997303
85812435388382
85812503909254
85812429880005
85812463149285
85812371967959
85812391141968
85812449061606
85812376724949
85812466158381
85812408988861
85812475093766
85812383777636
85812458939882
85812457885186
85812451888023
85812430626102
85812480355549
85812445434707
85812488838440
85812389779009
85812474115674
85812464778499
85812413446776
85812525070789
85812469494461
85812360981732
85812460193701
85812499547362
85812458499087
85812378234932
85812332296853
85812398074614
85812405205014
85812507690390
85812419695176
85812441666234
85812423625984
85812516520257
85812334109514
85812459473370
85812342946107
85812470627323
85812430628867
85812438662742
85812449764318
85812437508490
85812464556608
85812462958832
85812520797906
85812492556758
85812449593999
85812433899491
85812440997387
85812471868782
85812480210796
85812473667247
85812468458693
85812525624176
85812427359558
85812424596100
85812466719338
85812413867599
85812369638501
85812412627209
85812468309051
85812486426879
85812386915310
85812508770393
85812345071869
85812431149166
85812436873981
85812464118641
85812478556358
85812468244783
85812379486867
85812430799307
85812435111128
85812449460600
85812376427083
85812357625806
85812465956404
85812402528091
85812314764771
85812483962970
85812336758332
85812485150618
85812453114634
85812401221511
85812476793501
85812418475671
85812483911604
85812462598757
85812472298036
85812324080215
85812459375828
85812259626255
85812441272860
85812301020306
85812455712907
85812505919126
85812448339548
85812400702175
85812406153451
85812425344182
85812419364343
85812457042307
85812474697047
85812469263018
85812484280309
85812519413724
85812420288822
85812464183970
85812480901144
85812454288054
85812329347387
85812446883786
85812420689223
85812445627694
85812401587276
85812437465672
85812333340398
85812388010225
85812390695782
85812476693763
85812429682303
85812382229672
85812471446289
85812502833527
85812507774972
85812399783693
85812385684873
85812275502755
85812507153294
85812461640432
85812502623723
85812475852306
85812465873330
85812426285102
85812480087593
85812422334794
85812436979033
85812417537937
85812420832156
85812324798267
85812361809376
85812445666037
85812432776522
85812366562004
85812371324467
85812425569751
85812405658956
85812392376603
85812471404358
85812450813125
85812493398499
85812433262763
85812512169018
85812479407020
85812477099386
85812503235289
85812438986411
85812289525366
85812413778457
85812408803741
85812491933805
85812472660681
85812496896053
85812442553224
85812429157574
85812414140076
85812487105199
85812322905540
85812431084344
85812469410813
85812410396803
85812490025677
