92971845071531
92971921859924
92971823764591
92971954914520
92971949203977
92971930910237
92971904466211
92971885002045
92971849403025
92971900723589
92971864756109
92971974661103
92971876660151
92971861176298
92971957920387
92971996172014
92971879406968
92971799094550
92971914515572
92971828689923
92971868564360
92971847106804
92971940548743
92971897734879
92971926928671
92971874985055
92971942058401
92971892468712
92971892053158
92971945282812
92971880962178
92971978969932
92971783435404
92971897527951
92971901212210
92971891849256
92971973096277
92971923031315
92971935978888
92971797545219
92971802843585
92971900685571
92971901000439
92971968846205
92971943905421
92971890620133
92971863289874
92971964846346
92971851147828
92971875055500
92971851747281
92971896348533
92971927575225
92971850574476
92971842728869
92971911942651
92971929663880
92971899430920
92971952677710
92971869607861
92971911347409
92971811037502
92971901204497
92971907370269
92971918563903
92971907542676
92971882743478
92971886804453
92971851282089
92971936615671
92971837651962
92971944626392
92971895182163
92971862641590
92971957692061
92971740738382
92971823913044
92971989856244
92971929168582
92971961963415
92971948133002
92971926796089
92971951466466
92971924589412
92971944603947
92971889487671
92971938667048
92971897347645
92971876561370
92971946246003
92971944577394
92971920229953
92971942954911
92971886912760
92971880197918
92971896311992
92971945191002
92971805465618
92971929729313
92971955647493
92971857911169
92971910858998
92971993614279
92971914948278
92971949969444
92971923063303
92971984334829
92971844311977
92971902577622
92971984521592
92971891947292
92971943182692
92971905569665
92971815855192
92971919883041
92971923029531
92971718973795
92971922212321
92971954749607
92971933018267
92971890562305
92971912547869
92972003448184
92971955791460
92971920957241
92971915986949
92971923862908
92971976219070
92971931219497
92971887363638
92971952448946
92971911597190
92971951110147
92971995975177
92971929034991
92972000160758
92971938105945
92971941153324
92971961313540
92971938161836
92971903044554
92971992876324
92971922728313
92971865114929
92971833101324
92971911356060
92971920123398
92971886323610
92971834268125
92971917180725
92971961267511
92971763171285
92971861918429
92971878734216
92971828166167
92971882173810
92971824177137
92971859930218
92971902761812
92971850814871
92971896106725
92971921049316
92971991299979
92971965565962
92971829073813
92971821522029
92971959401784
92971968076128
92971919081561
92971927246509
92971925925361
92971963205969
92971901080623
92971862642767
92971862914991
92971911338596
92971772713118
92971938639288
92971801007870
92971906855582
92971864203566
92971885446554
92971883429294
92971908196066
92971808437344
92971865423562
92971949252982
92971940612063
92971917716205
92971954048930
92971900511968
92971935000351
92971816879039
92971931841584
92971987277092
92971885697700
92972005546907
92971873958626
92971886844832
92971852937762
