82862320717833
82862368727806
82862249347440
82862220878949
82862320262805
82862326970314
82862293707139
82862344440963
82862229741629
82862320498274
82862326496893
82862323084762
82862393001115
82862349527936
82862300997738
82862340518369
82862336880753
82862308252871
82862236134020
82862322142391
82862330722970
82862358863411
82862347040752
82862327050611
82862252072368
82862261212007
82862325612280
82862276213710
82862418547944
82836141366345
82862286360182
82862323661056
82862276278980
82862361667772
82862306769591
82862303064880
82862377123836
82862361682375
82862363007909
82862300243094
82862276044492
82862322745237
82862333227856
82862371839385
82862347765580
82862362842949
82862397783124
82862295159161
82862262479591
82862327142710
82862327307161
82862215479999
82862301063621
82862378281414
82862256508058
82862315491934
82862278112149
82862292157516
82862373087281
82862305813882
82862340643635
82862334244980
82862349239450
82862222859925
82862279493715
82862377469597
82862301013347
82862299785645
82862293833691
82862330779733
82862380276785
82862333032987
82862303163257
82862308593657
82862343018072
82862348083108
82862360530665
82862270552056
82862298319655
82862336790013
82862282230128
82862334661978
82862361332335
82862290659267
82862296252676
82862333615786
82862326431537
82862332970366
82862363597746
82862392495915
82862319205502
82862290031853
82862301168636
82862293788973
82862308926431
82862266675342
82862360959734
82862296891604
82862376516417
82862361006295
82862387218804
82862275656205
82862226147032
82862249437712
82862352237388
82862310398345
82862320272648
82862305693555
82862297915811
82862272936409
82862267319011
82862394333128
82862405763178
82862310208450
82862385470338
82862300075796
82862274809192
82862315703429
82862348344952
82862349555586
82862275731192
82862268140721
82862326533456
82862305725521
82862334105266
82862284966653
82862276231076
82862268381357
82862289545383
82862312565985
82862299048928
82862340551344
82862370242920
82862312543823
82862325065376
82862357144964
82862353616679
82862372390855
82862367299313
82862360031168
82862340667836
82862298637593
82862294523140
82862353682258
82862169108681
82862181030829
82862292684671
82862285704534
82862333127907
82862313056668
82862287671430
82862312379516
82862341781030
82862396734488
82862284681285
82862348665796
82862276119614
82862352574899
82862283626297
82862378868472
82862242415890
82862286809651
82862280781519
82862256371723
82862366301918
82862394374985
82862371011262
82862341070924
82862278340285
82862301799647
82862376928540
82862339404405
82862315059633
82862380434155
82862246003778
82862358611511
82862354917248
82862301888164
82862301803375
82862315890809
82862345025485
82862268487115
82862415549804
82862204269739
82862280852853
82862274135555
82862378109379
82862342404384
82862365119996
82862379234597
82862350629409
82862405818850
82862298427151
82862334021660
82862304118522
82862382215774
82862317956441
82862312237984
82862385772610
82862346648292
