81135868381098
81135787602653
81135811029937
81135855986073
81135764255121
81135725806180
81135813707877
81135810223256
81135796218482
81135809701124
81135743317222
81135847882062
81135793893845
81135747556882
81135734696605
81135793517814
81135762344434
81135770973724
81135825106934
81135840474794
81135758488040
81135706109755
81135730436227
81135836780326
81135833700474
81135726785088
81135765802127
81135804927089
81135861191412
81135766411203
81135615992982
81135845657878
81135838810885
81135834491785
81135730840435
81135847324966
81135834797278
81135830716986
81135667295136
81135843164860
81135798389066
81135643178010
81135821714595
81135823334832
81135853458282
81135837613966
81135764461208
81135814452804
81135806206457
81135861248530
81135818073942
81135808901824
81135620110296
81135783004380
81135766879396
81135749885504
81135820712406
81135690431894
81135746327427
81135824796169
81135817524434
81135799137396
81135721447968
81135734302222
81135823800421
81135743654098
81135760552153
81135781265540
81135766549860
81135740637309
81135766818143
81135679702543
81135825696365
81135811234308
81135796897127
81135700686764
81135848502395
81135679664891
81135862508957
81135628940738
81135847263182
81135836531150
81135706950703
81135842300375
81135775461971
81135787427602
81135776922966
81135789240764
81135769667004
81135795599891
81135723460293
81135779476486
81135785856102
81135842114625
81135806434342
81135855819698
81135866276013
81135725603045
81135836643992
81135863049165
81135802739740
81135821790861
81135727633236
81135764191408
81135785454152
81135835223748
81135692995299
81135792786818
81135853968391
81135760896033
81135781717658
81135714039769
81135763583866
81135731079347
81135859210750
81135818066022
81135874154460
81135811864966
81135800615625
81135740157615
81135743836213
81135854852222
81135831192803
81135773310710
81135780884238
81135841457618
81135817220215
81135808570126
81135719808413
81135742430810
81135711684142
81135786875565
81135809058065
81135761017143
81135846014857
81135751438262
81135805238715
81135755702613
81135760392595
81135805949289
81135801974453
81135788478748
81135789242834
81135775279813
81135874178913
81135796946629
81135776613823
81135766579290
81135800633636
81135807745313
81135842911533
81135824182664
81135751928690
81135782928719
81135851811556
81135794621246
81135766057812
81135795057712
81135835375843
81135792129542
81135792444424
81135814970439
81135842109261
81135768836958
81135747492428
81135774806218
81135779256507
81135798217002
81135876936106
81135662719219
81135840788984
81135776386108
81135838495492
81135777812232
81135806473728
81135776630608
81135840838337
81135776822307
81135659936835
81135823969779
81135791328187
81135853574874
81135817199501
81135822260241
81135851053433
81135797878340
81135795441116
81135869288131
81135811139861
81135638964547
81135825671175
81135777585395
81135800128996
81135841941850
81135772606534
81135744970562
81135713876784
81135740185339
81135763875913
81135868483979
