849250752885197986
849250754607078248
849250756318082601
849250755778803442
849250757755696650
849250754906146637
849250751887334788
849250749196004831
849250748568253502
849250749897148585
849250747892038170
849250749127482519
849250742229964870
849250750878724963
849250756491741197
849250745020128390
849250753303483457
849250744709529491
849250755931464170
849250749511739990
849250748346638044
849250748453145106
849250751393277443
849250753078580013
849250751764476352
849250748720300023
849250753619408957
849250752200865440
849250746058512903
849250742929006501
849250752902533107
849250744818136718
849250749480901086
849250730090812834
849250746688445545
849250746773376399
849250747676452165
849250757345360217
849250744278722415
849250745802920327
849250749651206977
849250751614659061
849250740357818013
849250748444584616
849250751921012276
849250743770201390
849250753010004768
849250746929513895
849250749692715912
849250750371658755
849250748844884585
849250751942966362
849250754587509214
849250754556467293
849250757078110187
849250742115916812
849250748359660936
849250734999570552
849250754993874686
849250755758139187
849250743187298659
849250750273962633
849250748077412355
849250747004658293
849250756720868339
849250750181836958
849250737075908997
849250750128445341
849250747323264803
849250749695647957
849250751603789293
849250751370129686
849250758861484533
849250756405170269
849250742764860843
849250748836912625
849250756210175269
849250749991707051
849250742295195384
849250751551405258
849250741669442747
849250749903761073
849250756257064072
849250740694188931
849250752666858035
849250754137720337
849250752930491028
849250744103849113
849250754654192992
849250750510428502
849250746759433567
849250746659176401
849250745967085816
849250738122681959
849250750818079490
849250750229853594
849250752300199579
849250756613426949
849250741375487765
849250752581667039
849250749734870498
849250741584397000
849250750117202122
849250756205249382
849250748866567376
849250744756216080
849250753591087538
849250736818421159
849250752194692623
849250747511863148
849250750025008850
849250750354658057
849250745290391981
849250749330028900
849250758216538486
849250748685783065
849250754566698809
849250747386637461
849250749808035638
849250739345707452
849250747369014700
849250754319066254
849250751341150133
849250747770753997
849250753523828994
849250752347378351
849250750935414329
849250754526078243
849250754151809203
849250750231805746
849250739099528016
849250750324677817
849250752966267087
849250758035649299
849250747796800834
849250743394360807
849250747127439445
849250755138500874
849250749568753388
849250748351765483
849250747814191442
849250758097811891
849250741646439006
849250748411433218
849250749519341727
849250757178077446
849250748320706430
849250743505428405
849250743257107219
849250748567957476
849250752206989497
849250757387627055
849250757250815601
849250744207887865
849250753220546531
849250752591666630
849250754409366341
849250743889683602
849250749454484731
849250757104408572
849250751118921215
849250739564501337
849250743089206996
849250748866027362
849250752246426732
849250734372462127
849250748622649831
849250747330350317
849250739871854897
849250744471977314
849250745848763678
849250741453016077
849250753072634829
849250748055999067
849250760702711319
849250737023670421
849250745384883897
849250750276046136
849250753873661014
849250751939636270
849250752563917671
849250735329035951
849250743485023927
849250747479402868
849250757020191861
849250752052762898
849250757572975399
849250741883560047
849250746400411501
849250752336317107
849250750075114982
849250735021790401
849250745202047608
849250757347246130
849250751159446874
849250751009706543
849250749919669315
849250740902351630
849250745608501153
849250745434355787
