8497626276515994
8497626190835032
8497626611419584
8497626603022325
8497625552178128
8497624841346005
8497625292511956
8497626353532862
8497626866168184
8497626557378299
8497626654258993
8497626059403403
8497625653301360
8497625645420335
8497625579495860
8497626049706353
8497626095525541
8497625765408811
8497625180844321
8497627001826701
8497626462952372
8497626616995419
8497625312555746
8497626806604205
8497626202948257
8497625886821916
8497626524121921
8497626402578838
8497625458516202
8497626421926189
8497626105281633
8497626514333277
8497626304712147
8497626736429026
8497626023868435
8497626233158583
8497626946000326
8497625414094903
8497626285161889
8497625350245911
8497626794549955
8497626301888818
8497625349965213
8497625969752346
8497626657495661
8497626520033970
8497627273179721
8497626360978444
8497626181848879
8497626530074540
8497625905161718
8497626164575400
8497626077285044
8497625658675490
8497625186224473
8497625956247532
8497626334996737
8497625951046318
8497625585528442
8497626217635352
8497626991249484
8497625987418450
8497626532916964
8497625780424094
8497625128082143
8497625097767655
8497626080374061
8497626068792428
8497625871862753
8497626436098566
8497625918315746
8497626049744615
8497626044859686
8497626735954052
8497626378900706
8497626252398115
8497626181239479
8497625964330482
8497625033880513
8497625066471946
8497625437483334
8497625714190714
8497626417853496
8497625360753165
8497625375139697
8497626403033229
8497626745248548
8497626576205267
8497626157296403
8497624906963163
8497625515849808
8497626313772049
8497625140165266
8497625807207508
8497626265432544
8497625687128334
8497626386851518
8497626004465595
8497624921134298
8497625880666434
8497627006575484
8497626118273588
8497625865777724
8497626214969185
8497626659799044
8497625485212581
8497625639511375
8497625476532249
8497626365351407
8497625391939038
8497625960834753
8497626295144918
8497626757270412
8497627146472497
8497625506666243
8497625860008657
8497626968280319
8497625876227524
8497626122235580
8497625888496064
8497626764256940
8497626672374751
8497626461783227
8497626323659393
8497625433422235
8497626000706328
8497625469669297
8497626660006596
8497626460843028
8497624668797583
8497624444418628
8497624051704998
8497626034428677
8497626388847766
8497626749813916
8497625021188446
8497626074375891
8497624794550327
8497626243074851
8497626453562438
8497626171583092
8497626821807364
8497625673828979
8497624915756623
8497626075832136
8497625552561263
8497625215529667
8497625558100971
8497626352995498
8497625598885628
8497626185042232
8497626406249652
8497625929856534
8497625824611550
8497626243030386
8497625306222765
8497626656306863
8497624888480041
8497626440196230
8497625009147741
8497626049372305
8497626869472469
8497626313244012
8497626208371824
8497625816263793
8497626713233644
8497625798360162
8497625175263895
8497625862980854
8497626223107316
8497626385169562
8497626075971948
8497626590549885
8497625863381686
8497626127949693
8497625935901376
8497626394603228
8497626383691490
8497625231857481
8497626062400824
8497625406156595
8497625986422329
8497626327803769
8497625737768758
8497625727896879
8497626507326810
8497625045747244
8497625898934263
8497627090887695
8497626150145861
8497625152213282
8497624639873174
8497625791452558
8497626468831634
8497625183998516
8497625662890322
8497625699093072
8497626129290252
8497625581391198
8497626206112310
