877622
879985
877585
879517
882209
878478
875946
882596
846814
876084
878680
881134
876577
874509
878914
878602
879822
848357
879209
882596
875694
880339
877323
880777
880224
880773
876208
876523
873014
877622
879382
879454
878421
877905
877708
876693
877123
878043
875897
879531
880094
880224
879756
880127
880992
875227
876823
878882
878292
879404
878619
879134
878578
849269
877783
877619
878854
878615
877221
875227
876299
880526
848432
880094
879048
880097
877259
882303
875406
879517
877194
882299
880758
875340
880270
876634
879697
879261
878752
879067
879585
879579
879500
880226
879715
881148
875800
846848
880394
874833
878296
878046
880876
880935
880517
876313
875555
880094
877341
873505
881632
879438
878631
878943
879037
880004
880337
874055
878763
876187
879870
877259
876693
874720
881042
881638
878296
881243
881714
878915
879043
879410
882237
876008
872779
876264
876682
876202
883016
880282
880216
883403
880315
883132
875694
880671
879571
848216
875847
876262
879193
878238
875406
877479
879453
878948
849443
877291
880608
875186
879081
883132
877149
878321
880723
879146
878548
878503
877622
877551
877799
880353
879821
879462
709890
877872
876759
877551
877399
876943
879705
881800
878950
873595
877297
879822
874691
874517
881466
877496
879356
878015
880406
876693
876759
879134
880876
879130
878585
879625
880730
880900
877282
881206
878363
881861
876649
882237
848927
879385
