934409
945966
949820
946961
946427
944150
950981
948743
949820
939008
946917
948173
949711
947085
933973
948529
944178
946251
947089
948614
949361
948761
951426
945564
934979
948348
951089
948677
946188
948365
945768
948866
948004
944422
945728
948184
948315
946737
947798
949688
951032
946251
949695
949653
948108
947598
952164
939008
943639
936481
950164
944288
948505
939633
944812
946877
948099
944976
945555
945063
948192
947611
947611
946136
937694
949128
944392
948307
947092
948728
945779
949902
949345
947341
946386
947143
944888
944844
950766
946507
949588
952164
947604
941011
949516
946530
950237
948095
949283
949325
944213
944844
950681
947504
948738
950726
945975
951603
944990
933230
948805
949260
948677
947431
947712
946525
947273
950981
945779
951032
946577
946499
948328
943552
943716
945462
946073
936768
950670
950315
933535
934925
949009
946251
947290
946799
945170
943267
948131
949576
945902
947026
945134
933535
950286
948709
946637
944178
937694
935608
949546
948328
938799
947248
947090
948672
943238
943965
949439
944532
947316
946144
949348
945768
947300
934448
951017
946859
946971
946499
949041
948475
949546
934448
949711
948414
947085
942131
950009
950118
936079
949470
945476
948677
950464
949171
946278
945728
946921
949784
933535
950981
946014
947600
945698
942149
949998
940883
951853
945728
947341
950813
945340
935771
942318
948419
947712
948872
943344
946301
