94229074948542
94228947361045
94228974497724
94229004742186
94229035716120
94228960855725
94229004497441
94228908813311
94229016752313
94228881997157
94229071544786
94229056225672
94228967845575
94229020568199
94229005696288
94229007386955
94229092853822
94228864325952
94228977421169
94229038868043
94228998911239
94229057080244
94229003209954
94228972578154
94228997784591
94229005614657
94228975021875
94229062624364
94228879144345
94229065084160
94228939259110
94229075034929
94229078464984
94229053363710
94229030084734
94229067466487
94229071233807
94229110893619
94228969434966
94228969945085
94229113721997
94228982251393
94229010705366
94228945396931
94229093727939
94229051843062
94229042670522
94229052616421
94223055175676
94229051899859
94229067118659
94228959183938
94229028406148
94229045342678
94228880987932
94229025542554
94229008515518
94228983528294
94228989155326
94228956834868
94228941571076
94229084092110
94228896102397
94228976053712
94228942210419
94229014216495
94228996336065
94229031984464
94229071134677
94229014345542
94229092316583
94228950013750
94229000523188
94228944032687
94228945665300
94229038936963
94229042644830
94228963053149
94228929871833
94228918421728
94228980774849
94228969033159
94229099051197
94229046230310
94229034912700
94229019382534
94229083782510
94229031819914
94229073412778
94229012657382
94229002927774
94228964900072
94229083329321
94228123530270
94228915707017
94228964746335
94228982950972
94229114150140
94229035398951
94228829038209
94228996016163
94228995277225
94228117057241
94229052385081
94228970813992
94228947021907
94229073538116
94229047497016
94229090756180
94229021668341
94228942398931
94229028674748
94229003402948
94228987300656
94228990597364
94228760855949
94229026151093
94229057655072
94229029750252
94228899825625
94228990309308
94228986811275
94228776434855
94228968658659
94229038029209
94228982973527
94229064857355
94229072643430
94228977919727
94229036150413
94228963069295
94228930240888
94229036288993
94228949900526
94229035425763
94228930802043
94229065442455
94228997745078
94229063074349
94228984685802
94228988893671
94228988696166
94228970383300
94229045522727
94229093011081
94229063728180
94228928490350
94228983544879
94228909762008
94228998928818
94229026182289
94229012890368
94229005268942
94229080762269
94228978482376
94225276663578
94229063378173
94229031328467
94229040286434
94229032932323
94228915364674
94229077270747
94229010911049
94229062294886
94229071085815
94229087653805
94228992398428
94229016006253
94228986528625
94229025921620
94229044660826
94228991222805
94229017091243
94228944994733
94226788084510
94229054052280
94229007364276
94228983941846
94229004769275
94229048044709
94228969884188
94228999010534
94229036861598
94229034976113
94229023003969
94229049856007
94229046524731
94229083568215
94228953567847
94228972443417
94228978077056
94229018205485
94229044527711
94228978416538
94229030952701
94229017794395
94229054748131
94228974777889
94229089524178
94229035376184
