888508
889943
890132
891600
888483
893029
890860
894341
890392
889743
888707
892388
888018
888270
890731
889324
887192
891029
891587
887396
890281
885715
891920
889845
890311
890400
890920
888408
892355
889846
890376
888871
890456
892473
888352
893622
890734
892094
890580
877549
887644
888836
890654
890580
889001
891198
889058
886122
888594
888154
892749
889506
890743
892331
893417
890311
887670
890259
892726
884181
888245
891766
890424
886896
883957
885365
891761
890169
892945
888829
890834
890308
888248
888701
882717
888575
888575
889482
887670
883570
884974
886133
884185
891909
891577
886363
885427
889973
885301
871201
888109
885855
889224
890624
888248
882021
891456
889839
889890
877132
891528
891295
883937
891600
891391
891029
887438
882723
892525
877112
891418
893055
886292
890909
887162
890028
892414
892618
893597
891147
890848
893593
890432
893291
891181
886253
890127
889124
893354
883937
887065
889245
888597
888160
890154
889109
892239
891455
887444
889732
891505
890281
890460
889797
887469
889529
888375
890695
890545
887607
893080
889201
887214
888025
890512
891992
889732
890708
888157
886614
891888
889064
890439
892290
886973
891187
892656
893161
887566
886041
886973
888025
890567
892239
891587
892350
888364
891899
890281
891884
888630
890622
888700
889777
891437
891067
892363
886937
890843
890860
891227
890460
890872
889743
892836
889560
892663
885606
888855
889846
