8335825019240097
8335826173071474
8335825202716478
8335824147058040
8335825489636199
8335824208645713
8335822905935112
8335824267094668
8335823762286343
8335824778812965
8335825428777294
8335825175769446
8335824417791069
8335824437313364
8335824665570293
8335823794900023
8335823801236573
8335824094470339
8335824643892440
8335824572643186
8335825434752998
8335825655901507
8335825838905371
8335824923330425
8335823660557162
8335825744630830
8335824599063500
8335825246757274
8335825199925459
8335826191060206
8335825916046008
8335825199306080
8335824087363233
8335825378699804
8335825427517831
8335824054996745
8335825854927272
8335823567169213
8335824943846019
8335823796674450
8335824172694839
8335823240960967
8335825853333775
8335825282713089
8335825547864991
8335811480758798
8335823858536218
8335825420720147
8335825041071200
8335826009339287
8335824758424945
8335824315360229
8335823773263361
8335824940508066
8335825093097916
8335825555794744
8335825831998624
8335824362749219
8335825941675197
8335824809582324
8335824702555566
8335825851346178
8335825812436223
8335824121394366
8335824433894619
8335825960224487
8335825738672819
8335825259517309
8335824464659046
8335823523621403
8335823928126672
8335823278215140
8335825224660774
8335826469250434
8335826194149347
8335825174927274
8335824892147345
8335824709558265
8335823126033135
8335824021627984
8335824428969453
8335824744991050
8335825796778526
8335826239349150
8335824246463488
8335826374052521
8335824382060307
8335825764994285
8335824513388218
8335824933336274
8335824471783387
8335824762390702
8335824006873476
8335824495779453
8335824675023181
8335825099537491
8335824600754931
8335825297221560
8335825755125407
8335825834731726
8335824503194036
8335825767932202
8335824647370845
8335824569181666
8335823476760457
8335825009156996
8335825693779930
8335825820023914
8335824847762446
8335824139945892
8335824319661192
8335824028578720
8335825720193548
8335825226757912
8335824717833497
8335824423352805
8335824962260255
8335824590434412
8335825588749586
8335823535716812
8335822881591625
8335824865365951
8335823558033961
8335825309543386
8335823967100534
8335825236001128
8335826298174965
8335813840543569
8335823494920920
8335825987643360
8335825298355966
8335825775201021
8335824759162149
8335823039514551
8335824027556639
8335824471999479
8335824751324248
8335825713400369
8335824786101631
8335824494192277
8335824242886292
8335825864886704
8335824937489832
8335824000697291
8335824696495078
8335825248144082
8335823493237523
8335825593769569
8335824880536874
8335826080584495
8335826000776034
8335825330499242
8335813563552303
8335825355237118
8335824762297231
8335824637721263
8335823693529087
8335825702469805
8335825817338837
8335825669947910
8335824399554616
8335825347282780
8335825604736837
8335824997310369
8335824305193799
8335824845401852
8335824999713892
8335824035774339
8335824395059431
8335825857826884
8335824876232436
8335824254395664
8335824560085288
8335824324830121
8335823714965910
8335823205494414
8335824941971995
8335824716787004
8335825718408923
8335825746519336
8335823813077257
8335825687789878
8335824180785778
8335825497773886
8335825733064029
8335824760675292
8335826308461735
8335824710554856
8335825010489988
8335825212028732
8335824530232562
8335825248851916
8335826047556018
8335824296670353
8335826033006302
8335825813365719
8335823386454117
8335825025489848
8335825344282264
8335825110069269
