9951057541535897
9951057309770302
9951057915476957
9951057535502183
9951057658532209
9951057584943448
9951058930928275
9951058251874767
9951057940170901
9951057790966272
9951056790297048
9951057642732444
9951057891479549
9951058798082262
9951057969109083
9951058723542284
9951057997927303
9951058308632669
9951057827047274
9951058710167213
9951057951725416
9951057901458316
9951058798802095
9951058065410113
9951057756245251
9951057784273529
9951058188048150
9951057807701141
9951058703992211
9951057996829295
9951056807127368
9951058367620499
9951058285446582
9951059074029920
9951058091603104
9951056881807194
9951058025158570
9951057438724067
9951057635951581
9951058164194453
9951058296635616
9951058554730390
9951057934459459
9951058486305061
9951057776239791
9951058149678681
9951057421785448
9951058052595594
9951058186935232
9951057866742131
9951057112438311
9951058495073553
9951058118874974
9951057656787332
9951055918209406
9951057945482900
9951058359222372
9951057430548119
9951058076048005
9951056732278318
9951058621566177
9951058394011300
9951057972447826
9951057398518946
9951057925920930
9951057383767407
9951057001969909
9951058681376907
9951058111653573
9951057726167349
9951058084145485
9951057531969355
9951056792030970
9951058483326395
9951057896208494
9951057679973530
9951058295134234
9951058442719280
9951057677070122
9951058592482551
9951058932125714
9951057575569443
9951058660835306
9951058639026513
9951057399608857
9951057951248790
9951058372522164
9951058679665134
9951057556971981
9951058032149258
9951057511981875
9951058499650395
9951058161143184
9951057108925279
9951058087081052
9951058064485933
9951058226452424
9951058090340599
9951058094283430
9951058111586985
9951057829693986
9951057546986811
9951057925591637
9951057152018359
9951059158639577
9951058049491526
9951057556815269
9951057868524987
9951058007039405
9951058023088415
9951057574036041
9951057610755154
9951057919798400
9951058856938013
9951057674855652
9951057336580880
9951058657936014
9951057737721441
9951058714903789
9951058363485413
9951058727166511
9951058576193098
9951057896375270
9951058239936687
9951057847813684
9951057496875361
9951058806446621
9951057946621641
9951058718514847
9951058462033634
9951058061642343
9951057885483271
9951057040773667
9951058173317160
9951058196913081
9951058166779836
9951058005401437
9951057397035915
9951057844115646
9951058258522297
9951057690683614
9951057795290309
9951058346233855
9951056713398375
9951058405005785
9951057947827788
9951057717826682
9951057683315129
9951058678084839
9951058853844184
9951058396106646
9951057661617989
9951057464063264
9951057955227497
9951057429368060
9951057601781294
9951057834132917
9951057902832576
9951058139479937
9951057977707571
9951058797235471
9951057447866016
9951058366216477
9951058032625160
9951057222878127
9951056806068937
9951058747804579
9951057175181040
9951057615850609
9951057709040810
9951058395241517
9951058421986807
9951057452940916
9951058002872425
9951057646249302
9951058489024811
9951057521271989
9951056448020700
9951057635324926
9951058798457267
9951058317506256
9951058597151421
9951056953625233
9951058110915271
9951058729585698
9951057749890724
9951058123930401
9951058292220006
9951058023864602
9951057936562965
9951057739960495
9951057568193071
9951057374461601
9951058295935989
9951058238140029
9951058338386486
9951057481336498
9951058248226909
9951058086159435
9951059014366704
