898339389098371911
898339388323027933
898339399768108914
898339394347290514
898339387831423937
898339395320118911
898339396712189043
898339402730391773
898339382028521463
898339399680370957
898339397024972672
898339400848259530
898339392388305281
898339405067683129
898339404450981026
898339396252997131
898339396252295559
898339399060232302
898339397342412531
898339407326104047
898339393054147881
898339378301151182
898339398621419811
898339393840833764
898339404564895992
898339404355444004
898339384462665554
898339384674097977
898339398929680112
898339396313780897
898339401542536020
898339399493855572
898339402071613485
898339390871165791
898339387397161650
898339394408784774
898339401565398393
898339398040649111
898339395527221932
898339402636638074
898339386933668628
898339387092923902
898339399433945096
898339394470225664
898339396738487986
898339401553357240
898339392160901091
898339403321365285
898339399589251526
898339395016035826
898339393971404614
898339395239191524
898339403278444380
898339394397080543
898339399196112381
898339394225083180
898339394336604438
898339397837777185
898339401728564069
898339401220200850
898339399197854435
898339400474102906
898339390354199606
898339397053998169
898339397725229387
898339389068047772
898339401080036567
898339402778139557
898339393265335032
898339389991671085
898339395120133301
898339393502924638
898339390144167746
898339390017933496
898339397119184507
898339385042691660
898339402111229880
898339395767206581
898339395012532494
898339382216688482
898339397925407963
898339395800258042
898339405373039303
898339407876984389
898339398897034642
898339396426528424
898339390516331605
898339396763195976
898339395621876944
898339404413458902
898339390442115163
898339395084060313
898339399706165500
898339395197335223
898339402594025889
898339388319550541
898339387229710148
898339390231710080
898339404716245882
898339387002837982
898339391326977175
898339396209460555
898339379609386504
898339408942884507
898339390860200111
898339389187593008
898339390887787748
898339392935094916
898339398519253574
898339397364133185
898339399096265321
898339399208465113
898339402881185690
898339398512748986
898339387750410596
898339395467611888
898339401914416887
898339368829291316
898339399451508404
898339392269135100
898339401126876447
898339396508541870
898339405439356676
898339404820677004
898339395534837917
898339396116403686
898339396998637302
898339404015324547
898339387065343412
898339399420392673
898339391356406827
898339396923567119
898339397688855603
898339397038407238
898339402302939906
898339399913444814
898339395626310814
898339390269482596
898339386647102842
898339393734769252
898339389226121117
898339394620246407
898339390277483287
898339399424853586
898339399542724699
898339393276260715
898339394573676095
898339401017001235
898339395246884632
898339399984139666
898339387946222314
898339400364999818
898339399222624434
898339397356928726
898339394733379069
898339397619814768
898339395576649966
898339395825801227
898339398577105606
898339391412353965
898339397977948480
898339400282546835
898339405075059661
898339396801791405
898339388590777699
898339391482137156
898339399514224194
898339393721640788
898339383207195654
898339400228384900
898339400457319214
898339394504914808
898339398543981352
898339404394197778
898339396526220630
898339400192371421
898339398458858484
898339396773361306
898339392812941800
898339394513887453
898339395136157653
898339398342827389
898339401118557497
898339395315630503
898339391197246299
898339403301183342
898339379372619741
898339396595816241
898339403748711769
898339390260103282
898339396552293645
898339402812585844
898339398924731469
898339389623272663
898339400131124487
898339404100504775
898339397308089593
898339398389466165
898339403264919392
898339396171037844
