82738010703534
82737990202546
82737995433824
82737995478447
82737982748697
82738005761167
82737922517399
82738012709268
82737930403227
82737903580070
82737904695476
82737925693265
82738019004848
82738027785600
82737970765185
82717096295858
82737972599685
82737921007556
82737980129868
82737967139632
82738000366345
82737948584389
82738006156937
82737980697308
82738028035901
82738031043099
82737990138869
82737983412455
82737930888288
82737960712622
82738030186774
82738002111983
82737954812786
82737952700464
82737987439076
82737941716045
82737980779744
82738023611319
82738037486787
82737891719864
82738012614284
82737802298455
82738008397463
82738002610142
82737990806464
82737996973763
82737982284125
82737991114114
82737943741386
82737968938499
82737920151794
82738008527729
82737816424703
82737931143615
82737941840992
82738040979614
82737930695251
82738024068930
82737945581950
82737986486797
82737977629220
82737954274741
82737932317772
82738007233111
82738029922846
82737961127343
82738016908744
82738029014761
82737935101529
82737972958407
82737948887226
82737901846841
82737992994431
82737998535773
82737966842553
82738002376099
82737940568700
82738067394321
82737936520190
82737959348481
82737892968494
82737927257992
82737963708521
82737959606424
82738010053356
82737953301870
82738006036505
82738004701470
82737922082051
82738018222752
82737949742216
82737877422599
82737919692216
82738036095288
82738038140637
82737996892244
82737911853376
82737964792035
82737926350192
82737950757586
82737899444899
82738036311023
82737982576038
82737943889382
82738050743668
82737971838398
82737963700332
82737984164015
82738054217681
82737899434949
82737980072469
82738054420440
82738026559132
82737974764968
82738035108119
82737980855868
82737983457372
82737941920546
82737980198726
82738013970488
82738003341652
82737979942173
82737957755752
82737895926572
82738039028977
82738036191994
82737987156282
82737973069775
82737949341220
82737974114038
82737997997588
82737984872512
82737985423837
82738013226921
82738017963818
82737970709038
82738044226072
82737977960199
82737972497873
82737994730248
82737979229761
82737981226861
82737904701754
82738057848902
82738000734528
82738027616038
82737859995749
82738014980526
82737978694566
82738028083924
82737978063243
82738015124793
82737982683441
82738000209145
82738031002669
82737907931962
82737955291826
82737983184463
82738021592568
82737916258354
82737903145682
82737990243166
82738012347214
82738063520745
82738005761876
82737962987676
82737936415250
82737839410955
82737992902555
82737937651216
82738036177441
82737990656009
82737972032432
82738044884747
82737996277510
82738027038514
82737921835055
82737992228052
82738030112215
82737965829383
82738018488505
82737971275458
82737957021658
82737957694120
82738020786400
82737923354444
82737976632957
82738018988010
82738022257632
82737982483813
82738015605150
82737983628453
82737966290737
82738020219904
82737969926417
82737966794729
82738045061308
82737981395854
82737955178536
82737968104968
