997539963354342656
997539946720831240
997539964515692300
997539958522000125
997539958576651138
997539956141103223
997539955400490490
997539956421431620
997539949968481893
997539955800042621
997539933609390317
997539965629686038
997539954425795103
997539953829573467
997539952280158222
997539958060708333
997539950319751489
997539965229396719
997539956152209382
997539957770848267
997539957849959199
997539955543021501
997539945517972270
997539955287437384
997539949255952373
997539951834576604
997539942261111954
997539954042855090
997539945861912805
997539959236448054
997539947283234528
997539958807321354
997539949096004357
997539947923520837
997539959243685984
997539942743319466
997539952647822386
997539954878445346
997539953066164916
997539955712356154
997539958899985863
997539958445739639
997539956448021230
997539950890711496
997539953399029833
997539953115119354
997539957472322346
997539948386159447
997539935096975548
997539942473167240
997539957768435475
997539950191953795
997539950026183065
997539953038727683
997539956492205553
997539944751280828
997539952164319480
997539956780383370
997539946305583881
997539952190072280
997539953768962763
997539946162300561
997539948806343891
997539951731372848
997539954935486682
997539956069511165
997539946386149155
997539958530213205
997539954657139073
997539959464289109
997539949350787883
997539951502190985
997539950042831310
997539950468516035
997539951759693896
997539943973237164
997539952831570354
997539952409495020
997539938911675516
997539945620961188
997539947268417347
997539950239406678
997539945411039582
997539955372401287
997539948231489651
997539955900255805
997539951291815140
997539955884607929
997539944748323278
997539953339854970
997539951808718353
997539956226289601
997539950111839097
997539950225723969
997539964183959275
997539950234807596
997539946631619321
997539946670079773
997539958142650090
997539949486538337
997539951418800770
997539945475286067
997539958232037121
997539948000024636
997539949135131199
997539950146449592
997539943832755936
997539952859985451
997539946054365468
997539949079527632
997539952790648911
997539962094838197
997539951848264762
997539947681800951
997539945575910187
997539947351514258
997539949883162601
997539950127860110
997539951796832052
997539958184855164
997539954239155378
997539953830662093
997539955357030385
997539955826606735
997539953549393396
997539955192042992
997539947022594701
997539953901241876
997539954894173421
997539952393955811
997539954860125380
997539960700172431
997539945058288060
997539954445137766
997539953944682970
997539946892803124
997539947746980864
997539951588793594
997539949969003496
997539943221797355
997539958065838076
997539909785967209
997539947787849104
997539951562773364
997539952819995360
997539943304201261
997539950049831698
997539946133120358
997539954538510750
997539946012283485
997539946004381290
997539950356665029
997539954040453688
997539945694369699
997539951481847703
997539953529939425
997539935498951425
997539954122022622
997539958503476018
997539953165312274
997539958899617183
997539952096674270
997539950638841317
997539948776215462
997539957887057297
997539941717798647
997539950680307539
997539958462889248
997539953462122638
997539953854527701
997539941696031673
997539957193476869
997539960732425743
997539936899304045
997539954937125514
997539932215984761
997539957836646317
997539962394433497
997539956104393765
997539951496590337
997539934361836959
997539946689952408
997539960703383155
997539953617634088
997539951936436330
997539949049073771
997539951460636621
997539948796461444
997539953019107170
997539941954077004
997539953132069193
997539960195299913
997539953173902008
997539942799222289
997539956319821997
997539948983098076
997539954626437813
997539952670417486
997539950042307280
997539953249432628
