96357696157285
96357219939943
96357674590405
96357703384861
96357569802882
96357728485988
96357611728570
96357677332528
96357780964337
96357699600054
96357779286640
96357668033149
96357605148924
96357706121788
96357770033453
96357684484444
96357655331048
96357697404411
96357652741921
96357637016440
96357698320134
96357750643012
96357659749860
96357704796965
96357701052889
96357645406140
96357691557759
96357650827975
96357656038219
96357656454337
96357651319418
96357545818644
96357737906081
96357723896787
96357678019446
96357738095706
96357671988815
96357711958954
96357671289973
96357157049521
96357721214684
96357662895611
96357741718105
96357755906581
96357755471438
96357695691931
96357666626151
96357699519101
96357704146587
96357734460227
96357705169180
96357719078192
96357723395114
96357624182874
96357702497503
96357558858466
96357693155800
96357721281402
96357745417793
96357735115371
96357688642797
96357694632178
96357725489474
96357715095909
96357756902279
96357775532994
96357683399743
96357694816242
96357691883989
96357662843921
96357644224721
96357661099535
96357605538278
96357707886281
96357711067512
96357703422546
96357756832755
96357682553503
96357664889173
96357644672368
96357701577020
96357674173132
96357690581845
96357731082595
96357654346683
96357119499606
96357157672728
96357578544472
96357621846259
96357680159894
96357667671629
96357673060557
96357212114190
96357679423092
96357259016571
96357683490332
96357691207036
96357628037233
96357709995241
96357690006031
96357640544952
96357684654157
96357670464460
96357606993235
96357694634480
96357707273568
96357664046728
96357701571789
96357597759887
96357605811334
96357724526599
96357662586943
96357622645732
96357648596604
96357270926464
96357587625578
96357674714657
96357620868725
96357755896638
96357676044025
96357660736978
96357720317657
96357594461117
96357236301534
96357635497876
96357728236392
96357647819256
96357719753441
96357646842305
96357607696563
96357189613027
96357674244764
96357681655191
96357695695272
96357729123974
96357636889115
96357690610621
96357730145543
96357684553311
96357731221443
96357582237837
96357730267455
96357715011172
96357598705511
96357178500336
96357589833868
96357157314160
96357728409889
96357686537317
96357585454494
96357632792082
96357667654376
96357653833382
96357726401637
96357703994649
96357668875080
96357726119544
96357683910839
96357633476339
96357636633074
96357722165277
96357692592398
96357729795309
96357699103516
96357618314716
96357709675372
96357716398484
96357595597980
96357740010747
96357625323905
96357741674558
96357638010158
96357740701858
96357696844139
96357691406016
96357721741799
96357212292722
96357719081683
96357221948248
96357680659553
96357701551924
96357692153027
96357694042368
96357691662253
96357683547349
96357583751070
96357634956108
96357687553884
96357693313668
96357688124087
96357613022370
96357733272533
96357722056015
96357608913463
96357578772399
96357682235121
96357701567540
96357651297333
96357657081650
96357628250977
