90597686843495
90597704037591
90597681980128
90597773312606
90597653833733
90597735238795
90597732872995
90597672276159
90597761788624
90597650364541
90597766056597
90597668334315
90597672930011
90597739573783
90597671592762
90597777939728
90597706058214
90597674363224
90597691874459
90597773991670
90597693934686
90597674118096
90597580191353
90597690839255
90597675447986
90597683510657
90597720329701
90597742998136
90597716188960
90597722787911
90597689394558
90597592068551
90597677788593
90597673133437
90597712078086
90597698793427
90597652267696
90597705601309
90597634596020
90597710359369
90597705816396
90597743912505
90597690763159
90597740346979
90597681665116
90597761406676
90597700517962
90597688996597
90597760365852
90597704850350
90597518816699
90597775419377
90597702044851
90597695801211
90597598704543
90597646999206
90597756135438
90597727037467
90597616059214
90597673788667
90597716560869
90597693565200
90597711198739
90597756186031
90597737345079
90597771487018
90597752102025
90597728810839
90597768491691
90597694904938
90597778284839
90597762213075
90597686676623
90597650052939
90597685170814
90597761291511
90597726174971
90597606615436
90597740914543
90597748867979
90597741935833
90597727843703
90597705380055
90597630608152
90597683019437
90597648451218
90597770727323
90597667869893
90597721311271
90597711201600
90597735093452
90597660242317
90597788137242
90597767736219
90597641747363
90597739237653
90597734720119
90597689302256
90597727620320
90597736443533
90597667464187
90597665376632
90597663195903
90597715182574
90597725091260
90597704682671
90597646198979
90597755298925
90597755721710
90597632806793
90597655161807
90597778752431
90597668219128
90597671830390
90597743538635
90597751519951
90597702067566
90597714367937
90597745323413
90597699655352
90597762178977
90597724404368
90597659300776
90597692740016
90597674602620
90597722732130
90597685888255
90597743284475
90597745290054
90597738671180
90597718295494
90597663277458
90597675452828
90597609332348
90597642202680
90597693982836
90597723788935
90597764812382
90597737143269
90597603733866
90597689580820
90597651152814
90597732608519
90597738254519
90597778530081
90597735885592
90597770699316
90597729930949
90597684625380
90597715159449
90597703123232
90597723121225
90597659967694
90597669040167
90597784585091
90597723884818
90597694460457
90597745003474
90597671406437
90597764881132
90597721444734
90597675293329
90597756543266
90597615416184
90597710996319
90597738323916
90597707356059
90597690916748
90597695489886
90597742837501
90597732279436
90597720164747
90597796541728
90597611147076
90597679952970
90597669617399
90597705872299
90597678891815
90597725473546
90597654856671
90597632643109
90597657005780
90597666168228
90597717683037
90597637055573
90597720338265
90597690186977
90597665213199
90597723992577
90597650092723
90597643848910
90597613896989
90597662183063
90597694218077
90597577619442
90597763624902
90597621117083
90597647727537
90597675461063
90597725588230
