876570804970331210
876570807905902325
876570809165338538
876570811073950153
876570810713348548
876570809547143385
876570812244317120
876570815487639853
876570811066662117
876570815462674483
876570811507229876
876570807331640073
876570803051717923
876570809724453395
876570787326892736
876570807101527870
876570811438599463
876570808205658379
876570807793013284
876570807469364477
876570793749135233
876570808276995149
876570812138777440
876570811606518522
876570806351573685
876570812485108725
876570808175118512
876570800095212286
876570787157143497
876570815748064939
876570813563559178
876570808723864843
876570812839213806
876570809201257428
876570804523152291
876570804000898334
876570802533041121
876570809032511162
876570806713001498
876570810944409967
876570816850114760
876570806228411898
876570813750419593
876570804452732713
876570806307206985
876570804460114283
876570803520979120
876570809585774340
876570810292608503
876570807837228644
876570810706899377
876570804839071624
876570807636026881
876570805546000878
876570805534748830
876570813320033649
876570813930344310
876570804168270425
876570804598569695
876570811986347268
876570808048438436
876570798539691136
876570809902705190
876570807721045458
876570799744747948
876570800439084747
876570806877595927
876570813291687113
876570814022922630
876570810146352649
876570808164150610
876570811752865702
876570809712828557
876570808610797699
876570791215722468
876570796980368219
876570815074383060
876570808861952323
876570810075004434
876570815804872879
876570814276948909
876570806018366205
876570805725315101
876570809893077234
876570811083712782
876570786999151565
876570806119811521
876570803391338429
876570815914564453
876570809185813455
876570802582846189
876570807175061448
876570811758456193
876570817865769164
876570797373117578
876570808044652402
876570813804107983
876570805532068147
876570805723760665
876570805368432265
876570809917585715
876570808711489639
876570810139798827
876570799805804629
876570808688495263
876570808096145912
876570811045625886
876570805168608338
876570811898966106
876570807238742907
876570806102722180
876570808053346482
876570803341265907
876570812410997050
876570801933519790
876570802794453705
876570809521218579
876570807050617370
876570815393336307
876570815917726662
876570814664523731
876570808165083665
876570808693976497
876570806644753665
876570813689074025
876570803446778756
876570804712060296
876570818801795497
876570807420101505
876570804485546014
876570810527001768
876570797967645605
876570808371681327
876570815725157067
876570804767529145
876570808492549736
876570804858299269
876570798530532088
876570813367393352
876570811351133533
876570810857650203
876570810853952411
876570796011632179
876570804576502079
876570805258867194
876570804728001706
876570812777255875
876570807749907568
876570812171893580
876570804876304604
876570808830477570
876570810903808465
876570799145944073
876570797550791368
876570809786449353
876570815595802711
876570808446449192
876570807408431695
876570802344830168
876570808204145661
876570807470498617
876570799810589138
876570803335270347
876570809171428985
876570801785670213
876570800337710628
876570809280684900
876570804260622532
876570805292085649
876570815573319483
876570815922691205
876570799627994600
876570806680794409
876570783447302782
876570805869153281
876570806874839749
876570813006375616
876570813573001892
876570809194656609
876570809382396767
876570807146026597
876570813626509459
876570797456747253
876570809498234811
876570806605144716
876570803725645265
876570806756794955
876570802757604400
876570805922734907
876570783429335996
876570809263143772
876570807963259744
876570804829946526
876570803833654103
876570815637985684
876570786412234275
876570806688600915
876570805961281452
876570791073928815
876570807612801835
