9659747690259527
9659748427597070
9659748931109661
9659748735458806
9659747494737758
9659747223135371
9659748198770607
9659746276570588
9659748433082073
9659747721559487
9659747633563098
9659748863266775
9659748096301250
9659748804231753
9659747892172389
9659747582672634
9659748218326904
9659748767067626
9659747725025996
9659747616381393
9659748062044750
9659747920643379
9659748030433999
9659747461442428
9659747923124376
9659747674344194
9659747993294374
9659748878774257
9659748135729150
9659748398487996
9659748438940960
9659749060413420
9659748155772063
9659746820975714
9659749002750989
9659748107047571
9659748499328808
9659746942735036
9659747828323478
9659746807338773
9659748579464364
9659748331559690
9659747962359274
9659747264994707
9659748177196460
9659748029405403
9659748855565677
9659747535823907
9659748718378676
9659748048214985
9659748119717991
9659748282584558
9659747745756750
9659746073091283
9659747316616606
9659746793062157
9659748157206496
9659748836705390
9659748349614361
9659747953808134
9659749031214373
9659748693506790
9659747853935568
9659748122557441
9659747347005777
9659748401894195
9659747762628189
9659747936993658
9659748406205961
9659747086216798
9659747963242277
9659748106588248
9659747902850943
9659747965900646
9659747521981634
9659748111465015
9659748295049380
9659748560044964
9659747825515656
9659747683099852
9659748332212401
9659747728478768
9659748618994028
9659748496153782
9659747984353738
9659748951531510
9659748531220991
9659748746090288
9659748475014929
9659747588345228
9659748257136397
9659747950677486
9659748398665601
9659747652438663
9659748337846968
9659748441909776
9659749021870579
9659748192443298
9659747885902376
9659748407085918
9659748548737042
9659748360661086
9659748816773240
9659748977311682
9659748822308066
9659748293658120
9659747493069875
9659747158693736
9659748041869260
9659748171816097
9659748126206068
9659748613819879
9659748678889003
9659747987801221
9659747695793106
9659748346987174
9659748164441211
9659748270791927
9659748438539326
9659748466543054
9659748795070794
9659748300736024
9659748381606577
9659747466140144
9659748084056991
9659748201273770
9659746936890554
9659748711277094
9659748189557124
9659747577839880
9659748509298648
9659748476703803
9659748121155932
9659748569390290
9659747289218402
9659748023149084
9659747728321897
9659747870967691
9659748164415360
9659747547517485
9659748390059682
9659748584349016
9659748812512851
9659747829189282
9659748531420577
9659748631022913
9659748399764712
9659748907359506
9659747891298809
9659747632731283
9659748273336822
9659748273598810
9659748547007886
9659747801256624
9659748280137362
9659748475459054
9659748487873568
9659748216333526
9659748136678149
9659748998929244
9659748885407806
9659747717233092
9659748061187171
9659748291882000
9659746985838411
9659747945207441
9659747538682667
9659748740737378
9659748747610177
9659748514311221
9659749002900057
9659747993977216
9659748502005437
9659747917051222
9659746570702728
9659747359524897
9659748630691204
9659747877598825
9659747285624805
9659748574896580
9659748505966322
9659747734788194
9659749096319832
9659747410891899
9659748619617410
9659748141077163
9659748324376337
9659748358502151
9659747757900061
9659747535827086
9659747671136594
9659747623412453
9659748813224506
9659748685608046
9659747462787184
9659748719830312
9659749147536865
9659748124838425
9659749267748303
9659747931335507
