979598508889408187
979598503074165306
979598508123607590
979598504589567515
979598499906924288
979598511504878129
979598510139988212
979598516327109621
979598508618967028
979598504084282037
979598503281157499
979598504380531394
979598504090230293
979598499120135194
979598509177750229
979598513736282388
979598497747849636
979598494017951171
979598509301520473
979598500927108107
979598503447286161
979598509020680803
979598485868476730
979598505650420111
979598507562790920
979598515534167185
979598494809580261
979598513495917717
979598510515658391
979598500583153391
979598515748568621
979598505493942592
979598513117173152
979598508810097436
979598514169238616
979598494282936053
979598509813614540
979598511944535355
979598514452025168
979598513146799109
979598507970109799
979598501451535408
979598510280317803
979598507715181030
979598500024355732
979598514069817497
979598510725479954
979598509379908054
979598511478998525
979598512559204238
979598507993600135
979598508727227782
979598512775857946
979598494814369961
979598500895288740
979598510283273565
979598503388574747
979598501560826663
979598508172698710
979598508814217039
979598511941503617
979598504305829033
979598499428122136
979598517141359197
979598508293309374
979598511787843730
979598507968047288
979598499695821103
979598511812310132
979598500090163797
979598509811311260
979598499473587024
979598516421107645
979598512418806154
979598502963994538
979598507698232421
979598509410223231
979598510993561579
979598506438436633
979598500102058562
979598510926782692
979598509272002278
979598501080652132
979598519137819037
979598518613032514
979598345238822130
979598511163862775
979598500676424801
979598500643293773
979598503415654275
979598497991334451
979598510486736066
979598511763604408
979598505177248005
979598511005086151
979598505712967863
979598512082501494
979598510504915462
979598511588371811
979598509574244619
979598515471838580
979598506148256931
979598514131454841
979598506121668046
979598507656311893
979598499303426666
979598507460033072
979598514483016499
979598511771015716
979598511822164986
979598517806544842
979598514660687417
979598511671067193
979598510710154056
979598230555538701
979598512174034286
979598520271436324
979598502315792189
979598514726969237
979598510693144202
979598504954904047
979598497929020491
979598507502825137
979598514202098845
979598508983399598
979598507843301265
979598513082943533
979598501271901780
979598504166608688
979598512405174435
979598509718286030
979598512845846138
979598510787982578
979598507893856888
979598506815657599
979598500096307298
979598509935988813
979598501530714227
979598511586198084
979598510646145497
979598508001117291
979598505523239711
979598501070342789
979598493599356294
979598500314597369
979598512671742394
979598504495511538
979598513733417446
979598505466019429
979598510073232414
979598510967388606
979598506066342837
979598506641449760
979598505953979621
979598513792677903
979598512764965448
979598507040657858
979598504573616162
979598505633034390
979598509200844569
979598514090344629
979598509254303714
979598501076122942
979598518174534107
979598509494439845
979598501746831273
979598505886365029
979598515842242824
979598509581761956
979598507128784817
979598519934113359
979598503488373781
979598510160145695
979598501696841229
979598511582226275
979598512323629555
979598514230953187
979598504235433219
979598510972775889
979598500985145766
979598509892366430
979598509764194224
979598510258624433
979598507966329294
979598518245532298
979598506220300185
979598510267996573
979598509198586914
979598499357403529
979598512476614206
979598505704991529
979598511941474865
979598512912620025
979598511104666863
979598508028558915
979598515462469351
979598502872558450
979598495921401304
979598507101234720
979598510592829721
