998356012962812977
998356004398893812
998356010544211508
998356015229113137
998356012744440552
998355996753452683
998356013509250965
998356005178058898
998356014483994800
998356022014298904
998356021431789138
998356010582353369
998356024380219382
998356020656980161
998356016770191134
998356013355807854
998356004981172408
998356008402267726
998356025379906786
998356007609543680
998356017240205679
998356009892108718
998356020049444788
998356014377696192
998355997425588939
998356009647921699
998356010139131315
998356013875063808
998356009182413146
998356013575828718
998356016448327316
998356010214636685
998356019029819365
998356019942964864
998356007021184018
998356014305430559
998356016388324782
998356016297618362
998356014571257146
998356001420836722
998356006168737368
998355996777842709
998356016299854282
998356007732559078
998356019697640843
998356000903359419
998356019590235330
998356012814193626
998356007567709620
998356008456792985
998356018278892081
998356020557376999
998356006482793799
998356021047031060
998356010467415679
998356012665344343
998356018124198081
998356020678201228
998356008103235432
998356016151963374
998356015585378198
998356018900206502
998356016653567756
998356015353254034
998356011966050906
998356013653320668
998356016228007254
998355985415473831
998356003390553204
998356007101432894
998356023263338582
998356022447320399
998356005637203063
998356021119654477
998356002418720399
998356013849956149
998356016173621977
998355997191131825
998356011813470876
998356012643253783
998356013907780523
998356002388901821
998356023507220956
998356015758319241
998356002207459471
998356007791154473
998356007274481397
998356006607223836
998356008601938870
998356006017277188
998356007399786890
998355989531112740
998356012688653909
998356016234272779
998356002786016356
998356015669287500
998356000349702115
998356010416067272
998356014116185771
998356018944100452
998356016535460547
998356002406431669
998356001942402958
998356003373793679
998356008619031533
998356006878311360
998356015190027935
998356007390950576
998356023055555044
998356013871670321
998356014513575329
998356017982899806
998356006160697126
998356017232119007
998356015113116813
998356012923197056
998356020567894105
998356016304293714
998356003995297639
998356015318690672
998356007237738970
998356004213551859
998356015788825944
998356005362872600
998356007896168821
998356016824861786
998356004591277980
998356017327229881
998356021422192819
998356012357014962
998356016891952369
998356015414115431
998356005875838874
998356004882864415
998355999902171758
998356010673760093
998356015315456840
998355964798264454
998356009578254091
998356009365509416
998356009327030407
998356015078634081
998356012584306173
998356022269365170
998356010445916139
998356013624285038
998356003351485891
998356000947575736
998356018681362516
998356009276914474
998355999616954236
998355998343730306
998356005164163173
998356022827064147
998356020242021676
998356018430949790
998355999001865820
998356013107482015
998356012749037771
998355996539832147
998356006985088460
998356006094727664
998356006559354010
998356012304916740
998356005490634798
998356022668078384
998356020964126869
998356024346754050
998356008415167985
998356007934741318
998356012703377151
998356018230732194
998356013681220575
998356006753517497
998356011321027772
998356009910397498
998356009131194899
998356015201619817
998356012317649783
998356011620076369
998356018711023153
998356014873297129
998356014502861150
998356004418487393
998356019324916178
998356012115541851
998356015568776005
998356002185043996
998356010052138653
998356004101332207
998356012923395044
998356005896784378
998356012724176601
998356015684804115
998356025641401580
998356012438598928
998356013060463826
998356017458594866
998356022004020959
998356014567553582
