8581701698125928
8581701332528338
8581701427847775
8581701869694707
8581702156102199
8581697084813282
8581702531672237
8581701728972916
8581702554214413
8581702802136670
8581702404565803
8581702034344970
8581702181458998
8581702349551444
8581702475638430
8581702519176357
8581701798152650
8581701556478074
8581701694932093
8581702193156037
8581626952241999
8581702846414690
8581702179555271
8581701933287174
8581701172300170
8581701740196511
8581702262390943
8581702604863566
8581702254961570
8581702304334481
8581702285016609
8581702751151792
8581702513527172
8581701254625425
8581702750369284
8581700589476128
8581702070660657
8581701190019587
8581702325532938
8581703419327649
8581702301253996
8581702423864341
8581701075835727
8581700804065985
8581701672343229
8581701990701796
8581701988753679
8581702254327452
8581701846545738
8581702538261458
8581703169893902
8581703015004019
8581701221411179
8581701100618920
8581701082116953
8581701104926711
8581702958243638
8581702606445304
8581702517071391
8581702244847107
8581702112068350
8581702052481157
8581702005360565
8581701721516644
8581701265828054
8581701432359196
8581702254229552
8581701814649453
8581702288156992
8581701779029863
8581702724669619
8581700756634086
8581702013016283
8581702466319778
8581691632830515
8581701826607815
8581701851351466
8581702361812172
8581701876196872
8581702468410985
8581702405005684
8581702417587510
8581702371176751
8581700290209157
8581701140501066
8581701478631601
8581702161992511
8581702108092543
8581702575738089
8581702210934253
8581701967070908
8581702762433352
8581702617079537
8581702610050958
8581702934543862
8581703078969050
8581701865900663
8581701577312295
8581702312340995
8581702449172934
8581701685185996
8581702666810626
8581702636981725
8581702509044714
8581702119799403
8581696419070749
8581702171348090
8581701600472018
8581702343818013
8581702986607004
8581702063533278
8581696585197028
8581701387247550
8581703108272201
8581701460260080
8581701967738610
8581702618056279
8581702717753302
8581701057371074
8581702509193145
8581696386231582
8581702381028656
8581702787652110
8581702322676240
8581702613345012
8581702185184084
8581697199872436
8581702087750936
8581702590574765
8581701834498096
8581702600198268
8581702060925167
8581702354750277
8581700517285205
8581702066922091
8581701503455083
8581702744702516
8581702318528815
8581696880756580
8581701336102543
8581702056350968
8581702666335316
8581701976845945
8581701250540701
8581702705103825
8581702942476592
8581702066098550
8581626720864396
8581701642319881
8581701334582887
8581702314377982
8581702875433360
8581701940762840
8581702469218547
8581702755003360
8581702319658523
8581691565647633
8581702491307999
8581702126289671
8581701719488157
8581702347739044
8581701767827076
8581701462814972
8581702271215144
8581702007460211
8581701607767285
8581701350080761
8581702092008440
8581697164910348
8581702314940656
8581702095774763
8581701646110874
8581702245577963
8581700745658973
8581701986394623
8581702793134000
8581702799452262
8581700937693598
8581701632737723
8581702301827274
8581701361849395
8581701935407133
8581702668340763
8581701961541702
8581701616804989
8581702511295694
8581700944580381
8581701417784540
8581702394636700
8581701960736147
8581702722099606
8581701561904133
8581701763794020
8581700670211560
8581701694150249
8581702419189522
8581700668713790
8581701732917917
8581702107778058
8581702289553927
