8620159352385059
8620158941536754
8620158438243927
8620158901090101
8620158381875839
8620159414171508
8620158170050684
8620158435040175
8620159691960850
8620159276736234
8620159262671753
8620159367127306
8620158638922027
8620159283359844
8620158823221726
8620155891871628
8620158471542277
8620158899915612
8620159313595719
8620159356425659
8620159345453728
8620157997877938
8620159549947820
8620158805870242
8620158972536800
8620158220824051
8620159031796091
8620158246209796
8620157927212573
8620159038564218
8620158623585486
8620159089016583
8620159149408255
8620158749509279
8620159841075324
8620159322065387
8620158371822677
8620159127090771
8620159069761397
8620158571293820
8620159390268913
8620158911055715
8620159200039204
8620159334492496
8620159169529525
8620158956755475
8620158970444550
8620158945011028
8620159535772689
8620158361541861
8620159391584576
8620158869371329
8620159232682902
8620159549392419
8620159830372387
8620159720774735
8620159831501600
8620158776091761
8620158128950638
8620159588725102
8620159585530171
8620159007390359
8620158845011786
8620159049570519
8620156536474897
8620159421055303
8620159398982616
8620158622254329
8620159660016213
8620159393881466
8620158302637489
8620159534325600
8620158992836290
8620159046976852
8620156524796011
8620158504001608
8620158396717948
8620158735845438
8620158000165729
8620158989259285
8620158724242616
8620158595455084
8620159287372567
8620159260239649
8620158901312413
8620159323384566
8620158905432046
8620158402204861
8620159200902356
8620158495096312
8620159043584028
8620159554351829
8620159071319587
8620158737708441
8620159585891329
8620159342658159
8620158661207501
8620158428630277
8620158373856071
8620155782420823
8620155445107870
8620158685855750
8620159385541581
8620158592389587
8620159442612964
8620159387030157
8620157857264574
8620159802891584
8620159395313685
8620158800929257
8620158093696606
8620159125443839
8620159518875432
8620159177622335
8620159063173110
8620158316890913
8620160110545725
8620158623525267
8620159135485787
8620159214856518
8620157631347249
8620159491796509
8620159184211787
8620157741642795
8620159714902866
8620158494260234
8620159086941403
8620156179000334
8620159380653958
8620159002165347
8620155328211375
8620158719885030
8620158647749628
8620159282556175
8620158728741330
8620158494761083
8620155067548576
8620159446568315
8620159689122672
8620159909876622
8620158752910173
8620159097646146
8620159660284934
8620159520020642
8620159158348598
8620158593779667
8620158015641453
8620159185859345
8620159222945455
8620159154243340
8620158655817450
8620159386583042
8620159294760605
8620158309408107
8620159039538798
8620159272512002
8620159139411232
8620160039985851
8620159466460171
8620158623970057
8620158821554330
8620158599363781
8620159009206313
8620159585887885
8620159113973490
8620159444737769
8620159340551735
8620158991403203
8620158952232148
8620159625387267
8620158901631323
8620158935979338
8620158899584408
8620158418930675
8620159126281198
8620158160099555
8620158863958766
8620158431064428
8620158743258809
8620158997916004
8620159149350504
8620159138296060
8620158828493593
8620159184357243
8620159674364421
8620158311237054
8620158758628126
8620159877370820
8620159238689370
8620158716328543
8620159074321601
8620159561853938
8620158936138031
8620159941737923
8620158721111158
8620155909419395
8620159235242156
8620158876644037
8620159361053933
8620155412576831
