86913305086740
86913378649574
86913359467475
86913281253957
86913325956896
86913274751081
86913218550508
86913286681741
86913304297333
86913340226589
86913335793238
86913274004927
86913232714610
86913339867833
86913297332693
86913319351652
86913258921862
86913312792164
86913241873088
86913317548750
86913208718402
86913356714727
86913263178826
86913210089660
86913287852300
86913281248571
86913204839579
86913223916154
86913413942761
86913293133876
86913316261847
86913272773743
86913332250238
86913218597119
86913361460107
86913338226980
86913323651116
86913354676280
86913360515321
86913386043624
86913328649551
86913369547981
86913331718459
86913357420852
86913228888373
86913396047096
86913309817541
86913336430483
86913297361349
86913309408211
86913249608781
86913339005025
86913263008830
86913240515361
86913346347034
86913315527780
86913224504575
86913376274066
86913368110640
86913289964106
86913298154753
86913180259956
86913343886895
86913336342817
86913273212455
86913258114513
86913205998415
86913316673522
86913309144878
86913353567964
86913360016733
86913162426691
86913307892541
86913267417172
86913258301718
86913321354459
86913305368037
86913371195801
86913198722976
86913199551762
86913296550575
86913325334887
86913329307946
86913327584175
86913319504218
86913340729805
86913283948336
86913299641079
86913370701298
86913217134095
86913279121891
86913250637585
86913310070973
86913359785566
86913302246363
86913370872681
86913365958092
86913253573031
86913359722189
86913304630448
86913263584594
86913300836616
86913335539751
86913345101354
86913304870811
86913285858019
86913324225413
86913202770977
86913323220430
86913366308141
86913330667280
86913307598525
86913342510759
86913298092264
86913344168249
86913208475882
86913356630029
86913357694397
86913260013996
86913132929232
86913246026304
86913259098575
86913386822796
86913301300742
86913217013423
86913233889601
86913296660389
86913285963181
86913254391910
86913278021465
86913356118429
86913297717564
86913252441058
86913291305349
86913335118290
86913315403505
86913266942829
86913330684678
86913380860871
86913341387319
86913316602264
86913305604869
86913272562523
86913344430996
86913363750608
86913226642145
86913249288960
86913290965052
86913294936594
86913340560163
86913309766168
86913284180839
86913347015585
86913302893595
86913278258184
86913287882679
86913203677932
86913289424583
86913371804683
86913262199109
86913310908145
86913355297092
86913351804165
86913322972736
86913233911646
86913283564564
86913296443180
86913145809551
86913300756440
86913389908554
86913323396123
86913338896317
86913277386620
86913287657692
86913259567704
86913295157484
86913326354092
86913353653391
86913290819786
86913375795631
86913257141939
86913227672367
86913305667382
86913333580848
86913365489507
86913306243614
86913310408430
86913278082409
86913173758151
86913245155495
86913324438764
86913332758081
86913313660053
86913279617578
86913291947094
86913276508601
86913295165040
86913326511982
86913303470021
86913210307779
