92894585312026
92894179946267
92894470347722
92894543922168
92894557062240
92894572746420
92894557732212
92894529643004
92894608559578
92894540175087
92894532328538
92894634779549
92894581394239
92894314386205
92894525843131
92894577954842
92894467927515
92894449687753
92894424654255
92894611885394
92894527477927
92894502067321
92894637245995
92894515101442
92894564093183
92894583094756
92894546871583
92894554872686
92894589861882
92894524595554
92894461287636
92894540874553
92894563781581
92894604406416
92894622952025
92894684612523
92894550322959
92894600823686
92894583200322
92894637294570
92894594623171
92894561432363
92894487689430
92894602127055
92894481669744
92894464449416
92892831753538
92894640085397
92894260946651
92894569289120
92894570951841
92894575327540
92894544651820
92894475651369
92894533614464
92894123196339
92893135499512
92894543208589
92894606766318
92894602562582
92894620372089
92894584667996
92894531139839
92894597581863
92894483591330
92894548757723
92894578720542
92894595434083
92894516774692
92894638934027
92894545795341
92894503876724
92894652214523
92894544005049
92894581706471
92894492518356
92894558151795
92894639047992
92894493323189
92894606981176
92894531096655
92894597819382
92894576542402
92894599599551
92894575856197
92894203266514
92894542525450
92894542577595
92894542165702
92894464735183
92894577779174
92894572994683
92894574993207
92894545745858
92894451339426
92894604022843
92894600695069
92894612510842
92894526874606
92894503245875
92894602298812
92894529490439
92894580392410
92894571047007
92894627878065
92894549770223
92894538877913
92894488987481
92894637541033
92894567270646
92894564147357
92894505046956
92894385223665
92894554898676
92894463163270
92894563634454
92894553286925
92894600897758
92894604716042
92894615106331
92894506532145
92894557899988
92894522461818
92894510116080
92894535772993
92894628740214
92894572556577
92894443662396
92894572835415
92894533194135
92894626403082
92894594565770
92894548125917
92894542379786
92894551021386
92894559417863
92894642753858
92894182713779
92894579532281
92894586643502
92894529504599
92894617049355
92894545497927
92894477992014
92894568104897
92894511543098
92894558776898
92894606998150
92894334291484
92894551225583
92894536032777
92894625339928
92894533862093
92894411245058
92894525659628
92894637107000
92894579894235
92894551874543
92893205392221
92894474017593
92894601640087
92894602295533
92894525755693
92894584983153
92894611512727
92894618408935
92894607145028
92894603860560
92894528761589
92894575654261
92894458531690
92894615722319
92894597896969
92894477957523
92894480944225
92894545038165
92894562108270
92894579991237
92894594281386
92894568367502
92894571520564
92894578800102
92894460863500
92894552090074
92894621181507
92894516439104
92894568766087
92894602056512
92894598322703
92894484772913
92894581227443
92894189102461
92894556156234
92894578653559
92894606825390
92894591550271
92894474735267
92894529103340
92894593660200
92894620735825
