967197774275840125
967197778260391913
967197777716472303
967197776644196674
967197774311637382
967197753603296564
967197761501990270
967197770435921893
967197777447483680
967197773930393215
967197773507681044
967197784250357775
967197766730477295
967197777619794074
967197777810254023
967197763622322614
967197780455852233
967197759601426345
967197768956772190
967197773135249725
967197780798769435
967197766606184073
967197776641149403
967197769924241088
967197777493964464
967197778727020508
967197772760602424
967197772915095732
967197776936136131
967197773507499054
967197780529010126
967197774428178834
967197772362130346
967197765750560119
967197765042434519
967197782217946797
967197772565605679
967197773343952841
967197777551464903
967197775389480279
967197785180245253
967197771838240633
967197773227773038
967197784303766667
967197775144435223
967197777725744722
967197782555983534
967197773926212776
967197767156510084
967197778607841329
967197761917908259
967197775283913035
967197761412208317
967197779009468881
967197765943709274
967197765473123309
967197768753859192
967197771920792508
967197775472225213
967197773837535982
967197781608904026
967197761433522648
967197768408855826
967197766101042233
967197761890520824
967197756762486757
967197779170104348
967197772861723620
967197779252640691
967197769665695191
967197776081912171
967197781667949828
967197766949852450
967197771826125303
967197776270227475
967197774202571976
967197759001191878
967197773379363187
967197769530831313
967197777153366211
967197767884591959
967197774883536108
967197763648601374
967197776516401574
967197772220423884
967197771316692010
967197770256793598
967197780288047616
967197767998593065
967197775705822443
967197771587660948
967197775529295590
967197777981683622
967197777824415982
967197773930953673
967197773009568364
967197775304021257
967197773948526334
967197764895485121
967197763014072228
967197778494077251
967197764248513786
967197772766048931
967197775303169801
967197773227491630
967197773541479873
967197771142163078
967197773423796795
967197779308539728
967197763639641578
967197762960406565
967197774040730589
967197784889025117
967197772683771431
967197770582643699
967197777419669191
967197780271383943
967197761939739748
967197767775168635
967197770996577865
967197776548166281
967197776171928627
967197778584014983
967197776823822436
967197768511302451
967197775924284499
967197773292404912
967197781710555767
967197778698335943
967197779064998770
967197754251381262
967197780769963155
967197701060148646
967197771433073770
967197772331453738
967197770859202450
967197782994333306
967197774627797639
967197779142117638
967197774749053546
967197774376339922
967197778430260197
967197777009842143
967197696700047893
967197778047281523
967197776505860433
967197773347100002
967197767937644026
967197770618800962
967197766887777932
967197768194976671
967197769070456493
967197771389152703
967197776508312480
967197776563156802
967197761937966018
967197770441934313
967197776359145659
967197783008999031
967197778538511343
967197774684375971
967197776947940237
967197776640759667
967197762465046328
967197775877524342
967197702468621126
967197770808841303
967197786600319838
967197777477795084
967197768265121650
967197766141856786
967197782887248317
967197764670311806
967197774809446475
967197772641115256
967197778714988615
967197769891081975
967197779429923819
967197775542641031
967197782665472105
967197762927637568
967197776907047006
967197767324004132
967197774798367634
967197775334736705
967197771987883339
967197763059576211
967197778747841183
967197769791607186
967197774509855261
967197781183783276
967197773202708977
967197760270507937
967197770266463068
967197776696870920
967197777756453350
967197761822908933
967197772543816900
967197774404006053
967197775963089458
