8655022731575726
8655022817577757
8655022949513092
8655022418025113
8655021563522244
8655020913265882
8655022359066962
8655022373026409
8655022615614649
8655021705345701
8655022269922043
8655023133307035
8655022199202374
8655021836565439
8655022151357044
8655022632365743
8655022672686344
8655021620570045
8655021476646590
8655022614308433
8655022531135059
8655022548273795
8655022259743410
8655022051603136
8655022420496260
8655023240700171
8655022536339831
8655021457490857
8655022219467481
8655022687177920
8655022691485899
8655022557744354
8655022993084336
8655022926458667
8655022471396635
8655022652833080
8655022277553629
8655021765246518
8655023112026093
8655021985622290
8655021537827352
8655021951841304
8655022935629657
8655022098916787
8655022698997591
8655021946830588
8655021471139219
8655021724422800
8655022806306075
8655022296776909
8655022495704962
8655022371576892
8655022776504847
8655023001318636
8655023156502353
8655022192100447
8655021467167091
8655022576297316
8655023039247982
8655022936492045
8655022794786328
8655021825074092
8655021752750312
8655022369370971
8655021573925078
8655023105880867
8655022781985184
8655022427316038
8655022592622325
8655023104693437
8655022876991837
8655022682446553
8655023539253512
8655023501751310
8655022475360635
8655022716621153
8655021980910801
8655022466688067
8655022770021837
8655021392742253
8655021343217881
8655021647953904
8655022183845630
8655022123882432
8655022790085728
8655022019855342
8655021660770826
8655022497774565
8655021826174200
8655021598440290
8655023089883548
8655022086983169
8655021863017434
8655022326030399
8655022198328213
8655022383810624
8655022574825117
8655023013826308
8655021628419707
8655023726218604
8655021837573759
8655022951051553
8655021855438556
8655022686368289
8655022501525525
8655022149199323
8655022309527989
8655022685365013
8655023589837350
8655022298694860
8655022157140359
8655022861962669
8655022269782676
8655020882427846
8655022545098231
8655022515089496
8655022408768217
8655021930763586
8655020602121497
8655022671831944
8655022292980242
8655022514079929
8655022536541240
8655021545355290
8655022590290268
8655022368751692
8655022216250896
8655022178574624
8655022796408302
8655022263582071
8655022624101329
8655022277764011
8655022529105782
8655022310092644
8655023240488276
8655022320258376
8655023310380513
8655022743739620
8655022386187980
8655022689104832
8655021649331327
8655022550037773
8655022251093093
8655022618974649
8655022129441454
8655023161852729
8655021972904017
8655022846460051
8655023481470978
8655021764314212
8655023233034943
8655022322154548
8655022502966827
8655022886197661
8655022919653944
8655022303172762
8655022218888633
8655021446342140
8655023389188931
8655022383395280
8655022138520680
8655022746333059
8655022828952525
8655021719816785
8655022770121418
8655023161542947
8655022372907361
8655021878396976
8655022181910354
8655021930435070
8655021693671836
8655023350761893
8655021595909142
8655022122897424
8655021752196760
8655021858683725
8655022629277082
8655022179869165
8655021952264418
8655022742437489
8655021530431769
8655021963422144
8655022082250120
8655022977667997
8655023334752330
8655022326766373
8655022211904395
8655022372793932
8655021989045989
8655023109043988
8655022888103014
8655022428525869
8655022755783542
8655021928801789
8655022896266761
8655023376188761
8655022531911393
8655021682145060
8655022918722214
8655022441281977
