98802795644847
98802786335105
98802917738872
98802869471639
98802857178379
98802914034166
98802814377137
98802884737823
98802842950229
98802898276936
98802879926713
98802799061781
98802829374563
98802928789744
98802910568967
98802883624548
98802891713973
98802897726843
98802885537099
98802840799547
98802893355783
98802773806300
98802901665948
98802839637621
98802862722274
98802857077064
98802822005045
98802906018965
98802827914864
98802770941836
98802692636285
98802801372087
98802887428504
98802829106199
98802882338367
98802802008138
98802864380952
98802902214561
98802788665380
98802865542054
98802837650491
98802886754030
98802920052606
98802896575401
98802794438810
98802921384249
98802800599720
98802841538443
98802840258903
98802911364404
98802893596151
98802841689699
98802837520621
98802842079711
98802880924712
98802827913147
98802873319024
98802848123727
98802874299810
98802845625652
98802800263617
98802895084266
98802888263711
98802814254131
98802753554399
98802925704090
98802892566332
98802760453651
98802858585187
98802853366347
98802807474931
98802793989990
98802857755206
98802871932673
98802796600769
98802699757256
98802858837097
98802848261599
98802931801423
98802888475193
98802872523488
98802828919661
98802802820386
98802878309063
98802815653562
98802871030398
98802932425597
98802910928591
98802852258749
98802880983973
98802804076791
98802806909805
98802842206805
98802881776981
98802924218578
98802853109123
98802957075078
98802908613468
98802886273470
98802830928221
98802763832012
98802830806647
98802884481095
98802921094599
98802818133172
98802839263696
98802822625657
98802822557905
98802909858832
98802876345860
98802871718063
98802889483380
98802703359106
98802885805542
98802872781653
98802882731501
98802902626896
98802922639659
98802834548955
98802803722734
98802919261735
98802892277818
98802919896484
98802848652031
98802880401718
98802889374681
98802899189987
98802793795623
98802784029390
98802856809694
98802927364794
98802850922419
98802826199557
98802808315446
98802914631605
98802836701403
98802876228090
98802824028266
98802789515587
98802859554477
98802885279509
98802867345719
98802872637045
98802896493481
98802808280574
98802833420575
98802911260277
98802866878951
98802849103740
98802842842436
98802842210125
98802856877529
98802833777894
98802894964430
98802850924727
98802893611978
98802877282787
98802890557625
98802897943717
98802847622862
98802894592951
98802809276002
98802864534676
98802921178225
98802925033088
98802821884209
98802873037756
98802920127984
98802854101267
98802967340102
98802932743981
98802834616582
98802835443594
98802891444196
98802834285635
98802910048454
98802866344340
98802925022076
98802893927000
98802861258428
98802896262217
98802850892097
98802853562601
98802844388036
98802841510050
98802861975575
98802897881284
98802870969841
98802907508934
98802732698732
98802851847015
98802864679807
98802891658995
98802872264847
98802878077712
98802812067760
98802893356308
98802831720261
98802870743827
98802870830616
