85738072008315
85737248219303
85738157083881
85738151042615
85738208626982
85738231119743
85738103699964
85738199620384
85738091696225
85738159358582
85738068144550
85738149697384
85738180581295
85738155648235
85738173127366
85738161065872
85738216951412
85738150436600
85738211597880
85738167238783
85738183708185
85738208115878
85737261768085
85738236085267
85738048257127
85738142378257
85738219968305
85738163000476
85738172466031
85738059604476
85738141977263
85738149938734
85738240721975
85738143524343
85738208751578
85738172782504
85738184438238
85738182642895
85738206655645
85737970369547
85738225587668
85738208234046
85738248096142
85738123464046
85738119449754
85738167457674
85737962891116
85738172458842
85738170549007
85738170409948
85738083731581
85738147340118
85738161776609
85738147319985
85738198775106
85737933913763
85738180983794
85738204898914
85737201641174
85738138300459
85738166567267
85738094441037
85738121796269
85738122601523
85738205509915
85738152886546
85738236327542
85738182188204
85738240303208
85738197140649
85738099088494
85738174408461
85738118214810
85738192488565
85737240273719
85738191699427
85738176798778
85738136660732
85738233844012
85738188073543
85738196920553
85738042892795
85738165572745
85738154255682
85738074357246
85738173681116
85738206338647
85738214044723
85738092742271
85738230926441
85738096689616
85738179016416
85738184433055
85738168566957
85738156954432
85738167253781
85738189313824
85738157685579
85738174863552
85737256739430
85738151927397
85738155035099
85738163081572
85738214573195
85738182143080
85738045396160
85738204207091
85738217676402
85738218495560
85738206372143
85738146259601
85738199674911
85738185392433
85738206501733
85738162443970
85738159453609
85738188603906
85738128970829
85738114257115
85738195142352
85738133327425
85738116680970
85738027640295
85738167529299
85738124842458
85738183488329
85738077298514
85738161645552
85738077759917
85738187185604
85738240458257
85738195660192
85738187329937
85738205684244
85738186742369
85738224322130
85738089258839
85738097791989
85738131701132
85738118790803
85738096741155
85738232144819
85738141164852
85738209583725
85738210724992
85738164510936
85738184183973
85738126207912
85738191226805
85738130748917
85738174723513
85738181798397
85738122660731
85738127269829
85738250640165
85738142799618
85738186200926
85738190863970
85738210669839
85738113443110
85738177949334
85738140806565
85738190885920
85738194280218
85738226108339
85738106666653
85738093813852
85738164349752
85738151644896
85738081310086
85738226318643
85738155166112
85738227147432
85738145541692
85738140558643
85738178334439
85738162096425
85738230180308
85738138106607
85738141274043
85738179705669
85738157797975
85738056522269
85738146611579
85738229435501
85738116443534
85738093047302
85738160331684
85738145726427
85738177904746
85738152195985
85738138018000
85738185792581
85738167901373
85738238408598
85738211377240
85738188573488
85738220849218
85738169255395
85738155797504
