9554661198841520
9554660997002644
9554661781565386
9554660840983616
9554661068379055
9554660874756675
9554661507112946
9554661293033909
9554661382491510
9554661679123299
9554661610998786
9554660336235378
9554660544312017
9554661266631256
9554661573419601
9554662085839765
9554661237711390
9554661648013870
9554661626714778
9554661733783987
9554661040493963
9554661583724964
9554660452732472
9554661752101602
9554661788039374
9554660121820284
9554661614697563
9554660819794220
9554661561618839
9554660845179815
9554660756612414
9554660567286217
9554661529894253
9554661114286035
9554661528411867
9554661137028426
9554661018942209
9554660524190467
9554661555867259
9554660992687357
9554661510621126
9554661478535268
9554660797384226
9554661834866372
9554661617008300
9554661498092114
9554660589319362
9554661303442312
9554659866830535
9554661920146370
9554661465553707
9554660780529963
9554660570446782
9554661277370075
9554659298318067
9554661310903677
9554661560353595
9554660957460659
9554660346067041
9554661082836014
9554660689507624
9554661476512896
9554661455681125
9554661350158731
9554661337020796
9554661286214266
9554661080353240
9554660398022281
9554661021572510
9554661805262042
9554660375131911
9554661216270623
9554660701302119
9554661139562171
9554661946230791
9554660992247577
9554660025146973
9554661517307052
9554661062929576
9554661127028406
9554660379203835
9554661165309078
9554660691906089
9554661532483921
9554661059922224
9554660917662702
9554661698363816
9554661437221916
9554659449411263
9554661692306530
9554661404692990
9554660759718648
9554661193215633
9554661674233319
9554660967039282
9554660466976609
9554661228160754
9554661204492500
9554661561970483
9554660926190173
9554660647887129
9554662120814604
9554661645375171
9554660436673107
9554662099003478
9554659978209698
9554661869392097
9554660919735804
9554661695324795
9554661130928015
9554660418802981
9554661165221669
9554660636790785
9554661865375705
9554660058300169
9554662514744471
9554662193467146
9554661466351851
9554661932498428
9554661426465033
9554661062047952
9554661673781946
9554660984394443
9554660334311139
9554661859357664
9554661534592472
9554661429764228
9554661174589093
9554659554048731
9554661109925314
9554661095271723
9554661239310938
9554661412498572
9554659662068413
9554661951521228
9554661621161822
9554660719469135
9554661304667590
9554660797830792
9554661664245547
9554662160931183
9554660078736009
9554661116683359
9554661053809737
9554661632414864
9554660231686514
9554661008914743
9554661801715618
9554661860269794
9554660270281336
9554661263861604
9554660903789657
9554660504849610
9554661386443696
9554661583674372
9554661924989650
9554661678295679
9554660455594244
9554661327293710
9554660369065284
9554661412682676
9554661718314482
9554661852755896
9554661286405558
9554662129092508
9554661355749111
9554661283918403
9554661734570693
9554661761927460
9554662126877631
9554659976813479
9554661103411975
9554661975204191
9554661056890344
9554661678139483
9554660824996326
9554657286728425
9554661172135272
9554660903371083
9554661349184172
9554661618598670
9554660008716492
9554660826783070
9554660852808670
9554661640422053
9554660487761831
9554660179625520
9554661248126754
9554661263640108
9554661439952231
9554661188251226
9554659523879875
9554660804287368
9554661514423930
9554658099614138
9554661629566335
9554661521124248
9554661828025689
9554660690334984
9554661344388814
