9749848080508727
9749847605356896
9749848480010672
9749847950592070
9749847904676886
9749846984877283
9749847222253463
9749847820197689
9749846605461164
9749847506811140
9749847027396667
9749847411914566
9749847469836244
9749848276644678
9749848072407468
9749848163365779
9749847450204250
9749847586694722
9749847400332667
9749847071096421
9749847437474138
9749846887019731
9749847658609698
9749847307748816
9749847244082823
9749847096103303
9749846974883211
9749847507456794
9749848074997267
9749846797135963
9749847841128187
9749847789902202
9749847664675940
9749846607225687
9749848416954242
9749847661527701
9749848092610088
9749845576043186
9749848037567866
9749847919656590
9749847338156029
9749848190967296
9749847723233449
9749846796707096
9749847462869117
9749848349456293
9749847606228218
9749847424327840
9749847317768189
9749845958311278
9749847305426950
9749847910248287
9749847277741621
9749847847114821
9749848041304817
9749847561741842
9749847485738292
9749847669037022
9749846131608316
9749847300542459
9749848492304116
9749847759140017
9749847688899832
9749847312734119
9749846383249324
9749847297745271
9749847704682797
9749847688534700
9749847818875301
9749848208084180
9749847850221734
9749847155193415
9749847609716325
9749847118477042
9749846963505611
9749847955508223
9749848575953490
9749847849683668
9749848491652353
9749848132309746
9749847610513497
9749847578595728
9749847634395064
9749846518074502
9749847403205620
9749847236766196
9749847178922833
9749847230822441
9749847660333245
9749848163089745
9749847647962927
9749847805783871
9749846577450222
9749847555681979
9749847252626372
9749847609927809
9749847443858729
9749847929442812
9749847556712812
9749847971491394
9749847376246975
9749847431618803
9749848301644096
9749847352835904
9749847541102050
9749847897719731
9749847921148431
9749847598555703
9749847185939411
9749847636866690
9749848027871546
9749847792104725
9749847716145689
9749847824376549
9749848392386138
9749847720170852
9749847074765170
9749846819387337
9749848047258659
9749847917316738
9749848782102895
9749846684087795
9749846434474119
9749847036831130
9749848152302729
9749848029604170
9749847160460190
9749847668686583
9749848461849988
9749848170793472
9749847929040412
9749847172934249
9749846982127364
9749847448709046
9749847494544928
9749847742665670
9749847521332213
9749848595587078
9749848527191157
9749845932435127
9749848331957308
9749847936931305
9749847203958555
9749847883380633
9749847294164600
9749846091834314
9749847744663603
9749847113359336
9749847366552962
9749847207430111
9749847451592590
9749847990942687
9749847513672960
9749847660780388
9749847100795002
9749847797147462
9749847259765085
9749847136907223
9749847963925059
9749847931376016
9749847607485168
9749847472849174
9749847723879090
9749847089064779
9749847899905424
9749845550046632
9749847906726120
9749847359938364
9749847747736601
9749846034817959
9749847923883921
9749848151767044
9749847257933022
9749848654953130
9749847160894557
9749847985002408
9749848572270176
9749846878593935
9749847759700641
9749847827970641
9749847875088250
9749848391724676
9749847474986913
9749847287017263
9749847066029886
9749847611052550
9749847481424770
9749848392970626
9749847867464252
9749848481525693
9749846497432364
9749847796207789
9749847625129940
9749846621755038
9749846626945278
9749847691609150
9749845281344490
9749847579452770
9749847423820827
9749848674596661
