824783
824440
818916
823594
816416
814990
827127
812579
819321
812153
819989
824863
822253
818228
820591
814178
819915
815934
824918
823594
819477
820618
821420
820004
817212
816312
814026
827202
821540
814351
821162
818847
821420
818012
819511
821730
824401
823424
812153
827469
818102
811086
817677
819728
817120
827096
824437
824301
814442
827155
823648
812552
825402
824452
819878
825161
814805
824729
827531
818939
825904
819878
815529
824791
821081
823143
823279
818870
824626
819052
820909
824247
825389
821200
821029
819552
822637
819399
817860
822143
826642
820296
818428
819001
824247
827132
824529
824342
826607
821177
816887
813066
818169
823199
819346
814442
817289
818772
825208
826630
820296
822641
824952
820373
816769
818109
822978
816105
819953
826491
813232
825339
828011
824255
826779
824777
823375
817895
815124
827155
825904
816704
824401
825060
820417
820237
825402
822453
824437
824630
819485
827913
815394
824037
815408
818928
816059
819321
821519
824141
814499
818109
826752
819485
812125
824452
820088
818251
818131
818620
819068
824783
815705
822715
814346
811606
818870
824791
826455
816089
818116
815408
817849
819717
818961
823143
822559
816256
826461
824037
824599
825339
825710
820601
821587
819936
827939
811086
825710
822521
811313
827771
824408
821369
818143
818138
820760
826461
826684
814158
826012
824143
820004
819079
823788
813494
824607
825929
821119
818217
