839087418037198385
839087424269165354
839087419742353965
839087413878863230
839087424346127018
839087422534922049
839087417436182616
839087404517682609
839087421360394760
839087425700549569
839087419660738372
839087413450906260
839087417900360362
839087410279886843
839087424536428021
839087419681427005
839087390082563563
839087406396674448
839087428142241802
839087414923382968
839087412435883196
839087425111699395
839087415364285028
839087417271974414
839087421474554605
839087422982463531
839087416474284392
839087408378528114
839087425032930848
839087424896707999
839087419563275165
839087423658370622
839087426425519809
839087421088360141
839087424507443214
839087415799606556
839087411954431838
839087420431505029
839087418508005286
839087424263394102
839087424587137967
839087428957880634
839087416694821836
839087414060280236
839087421941369702
839087425701691077
839087429151153344
839087415793410234
839087407582736501
839087414849834657
839087416618016195
839087392652625374
839087418988494561
839087419606858171
839087429502051264
839087425648800211
839087424412387860
839087421811686762
839087414848057151
839087415573719887
839087426704319168
839087415921706776
839087429810402706
839087420570417520
839087410827297732
839087426555817779
839087416635156355
839087421809097017
839087412244548203
839087423162221989
839087415019723572
839087417377088997
839087415961989205
839087414329853875
839087415226026060
839087422229543431
839087420740107468
839087419895384288
839087420767792569
839087417595548877
839087426775570916
839087419860180629
839087415501384449
839087423508110183
839087429053985396
839087424026946055
839087423499994693
839087424261382848
839087417096088771
839087416795278066
839087417205495221
839087423941246294
839087421013520408
839087427165283678
839087410340848423
839087422791035824
839087413607921743
839087419972961347
839087420368325581
839087420585108989
839087423016958812
839087421139744557
839087406327461684
839087415086667179
839087415836633255
839087418711291393
839087419486211724
839087422445709665
839087421391581055
839087409942936053
839087422061885775
839087420326871578
839087415710326514
839087419355663222
839087422409047593
839087416856766093
839087419132799601
839087415165737405
839087414943727970
839087412964771943
839087392203941281
839087415375762570
839087420235295157
839087423457545352
839087415504194253
839087411750699468
839087415443806782
839087425460137205
839087414056840810
839087419477522700
839087421612376072
839087418476705063
839087411889217801
839087418784804829
839087424887985084
839087406677356931
839087420132025635
839087427186853841
839087414881744482
839087424821743407
839087422140008143
839087423196388129
839087415542975860
839087420776289654
839087422344380600
839087412247143494
839087424837728474
839087413979337970
839087425038423203
839087417949637657
839087424255903376
839087419402922993
839087401659988880
839087412463543926
839087412039435527
839087423142332867
839087390994980109
839087417538726505
839087419783179512
839087418013478889
839087413855503564
839087411145532819
839087424908606249
839087408214763651
839087422143939212
839087423590152590
839087430899762250
839087422161473296
839087415609424752
839087415448399720
839087410029356398
839087417807628476
839087427037937562
839087418340684241
839087415016044714
839087411957032273
839087417937116977
839087423419539599
839087426194896266
839087425255202791
839087419730582739
839087420470307106
839087416121277172
839087419538933781
839087426861349672
839087411598654879
839087427396900253
839087421028634976
839087425510823620
839087384855602790
839087411590526243
839087416944820363
839087422965326655
839087424141907369
839087428680182482
839087422331356838
839087419518159190
839087427230329138
839087418123204265
839087426194474593
