88650577261992
88650603948975
88650618292151
88650602627982
88650603456127
88650294076237
88650562658098
88650268120518
88650611893048
88650512045664
88650606516032
88650515189477
88650463179659
88650585733237
88650524740996
88650330144433
88650552718698
88650334507691
88650567412573
88650568722307
88650558961786
88650599145736
88650570782761
88650570780573
88650591669406
88650616253534
88650092388755
88650324965458
88650639237881
88650515157122
88650613253441
88650630021243
88650281315731
88650536449457
88650468795066
88650564484878
88650488571409
88650630923445
88650492535507
88650570345766
88650599614161
88650529406690
88650552766663
88650233163450
88650573614572
88650329187793
88650581592945
88650519299191
88650572917167
88650472189809
88650558417364
88650473696778
88650514198077
88650459813057
88650577851684
88650577857623
88650601070575
88650537123598
88650594772240
88650554255261
88650563869408
88650571296479
88650595956021
88650545826803
88650564371059
88650513430039
88650479543665
88650627460966
88650629730445
88650515424800
88650550711477
88627559537032
88650548036963
88650539219780
88650544748006
88650571743695
88650621339987
88650570903158
88650168934750
88650586245453
88650658885731
88650605771383
88650545669865
88650537445273
88650573756914
88650549846988
88650493940491
88650554736663
88650526071983
88650529312901
88650538501553
88650538443809
88650574377363
88650582585009
88650620559128
88650622660693
88650533604922
88650600112619
88650518038397
88650544764277
88650622034261
88650553678202
88650560117927
88650530235787
88650545375364
88650463073881
88650389391699
88650585990074
88650411667322
88650509882130
88650597930475
88650636127371
88650512538306
88650643178102
88650596408595
88650302573090
88650548020472
88650624413146
88650555016434
88650590030467
88650587339703
88650596787725
88650483275025
88650535179106
88650080336915
88650179813427
88650565163905
88650467130111
88650492275016
88650549310666
88650515980748
88650583646051
88650524523076
88650570520169
88650527634315
88650481046827
88650605996808
88650504491110
88650573637465
88650563895396
88650572082098
88650577849139
88650545019053
88650434427951
88650513422121
88650520736928
88650587220805
88650554576065
88650508664878
88650523324506
88650631458278
88650548189564
88650504269909
88650572074531
88650552982311
88650520520468
88650511855102
88650541462663
88650531951817
88650459643118
88650533346793
88650576022145
88650524287018
88650525704011
88650540141348
88650670392199
88650564798548
88650484787722
88650524737065
88650606112349
88649989491306
88650523770879
88650387451941
88650563609479
88650508831379
88650603568851
88650589960529
88650592274336
88650607680098
88650538382731
88650567449339
88650454354970
88650568475607
88650466243560
88650603072851
88650533106749
88650571693594
88650615023019
88650531662910
88648502742814
88650495619117
88650568031621
88650599289550
88650562398322
88650581799226
88650529741995
88650583101723
88650519250976
88650468101397
88650493745238
