947255056014690358
947255060739881609
947254624460347218
947255053156506431
947255059123424269
947255055013313486
947255051230832104
947255049505277476
947255048851593194
947255049289529510
947255049089931725
947255048425429323
947255057066052020
947255054808535070
947255050096543418
947255056844517403
947255059538929609
947255034476191118
947255060439444047
947255060615105345
947255044040737597
947255053266812464
947255052561485685
947255054363428555
947255050434008757
947255050759946171
947255052809772190
947255057048811646
947255058799888977
947255051789542772
947255038845219130
947255050915264765
947255050397495789
947255048707169302
947255052295180581
947255042199563848
947255058478636285
947255048281909157
947255048908618283
947255054980251226
947255052348361318
947255049789173936
947255056712953015
947255059745871967
947255046372073424
947255058850712333
947255049699447932
947255061178459983
947255049864024997
947255055534250817
947255048741174748
947255050661954202
947255050259223850
947255045926039696
947255057582784711
947255043523607432
947255053745746302
947255052142048285
947255062088142339
947255054176966544
947255054122090234
947255041466397230
947255055869488453
947255034694438887
947255049530809425
947255055633270905
947255058328733038
947255054336373122
947255047934002859
947254626584421875
947255047792124000
947255049895098413
947255051372378191
947255056069267495
947255045286674682
947255052233149992
947255058479407028
947255054467308267
947255043683525874
947255048477150053
947255043595194065
947255053826631445
947255056142067464
947255051095304042
947255053021877905
947255060952229124
947255057734401298
947255055767249624
947255055921158166
947255050821572448
947255051048979873
947255054678890297
947255033753183338
947255057367948918
947255047536370430
947255050236599928
947255047199422664
947255057561364594
947255046453565297
947255052266692678
947255050406779942
947255064753840975
947255042352208445
947255060575412051
947255052617945483
947255044124034855
947255054445714498
947255049803770643
947255055490582584
947255037530762845
947255044963931530
947255054717313476
947255052879093947
947255054317404829
947255051197974653
947255057904113661
947255055714705766
947255051416259130
947255041796226074
947255052453805420
947255042843914128
947255050595696245
947255060092931687
947255051817803986
947255036234469815
947254624375543341
947255056776790128
947255052026827792
947255042137034716
947255048501958319
947255052770014963
947255056575154137
947255052491234021
947255052121226106
947255052039997433
947255055886658670
947255038164472164
947255052780578855
947255055319757836
947255047279224104
947255055664837380
947255050239197140
947255046510355780
947255051422532329
947255054381341110
947255055496482210
947255037031238983
947255047143366447
947255055958789026
947255048174459223
947255059152114855
947255057290066002
947255045858261790
947255051866515387
947255049523354026
947255032117337458
947255041349710747
947255053473527789
947255055983408025
947255055900769671
947255064713991372
947255046231847372
947255055441518810
947255031485448652
947255034609894043
947255056067748162
947255056396575482
947255047507684313
947255050837712808
947255058318157883
947255055151417989
947255044999343464
947255047824443546
947255049652730574
947255055067969111
947255042342167738
947255049669189891
947255047912178397
947255053326701886
947255048404080085
947255054198841099
947255044363211514
947255048885830684
947255049934813819
947255048798882007
947255055271430563
947255043158940329
947255047132906883
947255045033251459
947255054352532713
947255045879172158
947255048385122227
947255053405746199
947255051024455115
947255055935454685
947255049871785461
947255039797948284
947255053483468179
947255054895686436
947255046609504767
