91659356276727
91659366140104
91659474262336
91659475950806
91659489901979
91659374675812
91659426574077
91659456938037
91659467688537
91659484373499
91659399535749
91659441955520
91659457080890
91659403429450
91659499278955
91659465324841
91659464984548
91659401379760
91659417478457
91659495119254
91659417190872
91659316164249
91659409723520
91658440301947
91659466113949
91658571307942
91659503076886
91659336509245
91659442348564
91659414890482
91659403869271
91659476041507
91659406144404
91659451636571
91659429795891
91659366552742
91659410482593
91659414062425
91659076319427
91659072654754
91659386074440
91659480141724
91659431998941
91659435354412
91659388046135
91659122265792
91659441372234
91659415094011
91659427901752
91658381192637
91659421234910
91659492544493
91659481522501
91659430286711
91659434653818
91659073278366
91659356627278
91658644892346
91659445126664
91659154965941
91658399554553
91659417361381
91659401618349
91659432732506
91659433605682
91659399571256
91659401369796
91659220516919
91658438386786
91659483050385
91659367188780
91659392429491
91659480476409
91659408559873
91658527826550
91659459760483
91659440375918
91659429867788
91659476820355
91659413757384
91658565488486
91659423986950
91659371274595
91659498810997
91658562015445
91659390204095
91659396429940
91659395991637
91659413886357
91659408979391
91659413512439
91659466395111
91659381883742
91659441999300
91659431027829
91659438982056
91659416434107
91659318757823
91659466202827
91659431598320
91659176679496
91659420707715
91659446512478
91659366349957
91659386238657
91659474537327
91659332829356
91659437840319
91659388902072
91659401493584
91659357642717
91659502743564
91658645930915
91659516155686
91659488636823
91659403296114
91659373575232
91659398632633
91659454754971
91659434057203
91659456950810
91659425336619
91659421647216
91659344028531
91659166548922
91659409424026
91659439615691
91659343339553
91659433654631
91659462781799
91659370932851
91659396573069
91659415196152
91659484417633
91659427701474
91659339757176
91659475884547
91659453272607
91659174568509
91659511504158
91659356553730
91659345875239
91659413098841
91659446162201
91659058148143
91659498904238
91659485163040
91659468596547
91659393749636
91659471571849
91659458990781
91659455200108
91659438195990
91659365164861
91659523733932
91659372104381
91659454961790
91651348260179
91659467550983
91659382368821
91658427629240
91659486418985
91659416967397
91659446908610
91659441245007
91659447001471
91659418252687
91659166158939
91659470447960
91659461890117
91658356102584
91658897163750
91659394175416
91659428411897
91659418523165
91659347877918
91659366116271
91659393064080
91659401085506
91659475720702
91659436622801
91659404137254
91659219982179
91659319835847
91655713889954
91659445945362
91659474316096
91659455285827
91659310583249
91659408111233
91659478290168
91659386654794
91659467639245
91659122166474
91659411051335
91659360411965
91659354956908
91659377405497
91659419418637
91659401608630
